[00:08:31] 收到来自群聊705846169中2608368140的消息，内容：是票房最好的吗，分类为：related
[00:08:43] 生成回复：唔...像这样没有具体信息的电影票房问题，和游戏中的隐藏成就差不多呢，需要更多数据才能评估达成率。而且现在的时段也不适合评判最新的票房情况吧……或许可以去收集整理映画的氪金DR指标但是现在是凌晨00:08这个统计要在白日阶段周一8级情况开盘3会儿效果可能要等忆得来约author staff公式光die data官网翻出待遇历史 Og数据集模型图相国个有利初步直到指示抱歉这可能难以确定喔
[00:12:26] 收到来自群聊705846169中2758198734的消息，内容：早八，分类为：related
[00:12:29] 收到来自群聊705846169中2758198734的消息，内容：[CQ:image,file=9D74AC3111F4540C085D9F81E175FEE8.jpg]，分类为：unrelated
[00:12:32] 生成回复：检测到时间不符合呢...现在是半夜12点哦，你说的早八应该是指早上8点吧。要记得按时休息，保持精力才能更好地迎接新的一天呢……
[00:21:55] 收到来自群聊705846169中1813878602的消息，内容：[CQ:reply,id=950834090]老少皆宜，非常成功，分类为：related
[00:22:05] 生成回复：时间显示现在是凌晨零点二十分呢。老少皆宜，非常成功……是说某个游戏或者活动吗？听起来像是大家都很享受呢，就像一场能吸引所有玩家的聚会一样。希望能继续这样的好气氛哦。
[00:24:44] 收到来自群聊705846169中602380092的消息，内容：我还是更喜欢球2那种，分类为：unrelated
[00:24:46] 收到来自群聊705846169中602380092的消息，内容：[CQ:image,file=9D74AC3111F4540C085D9F81E175FEE8.jpg]，分类为：unrelated
[00:29:13] 收到来自群聊705846169中2758198734的消息，内容：我也是，分类为：related
[00:29:15] 收到来自群聊705846169中2758198734的消息，内容：[CQ:image,file=9D74AC3111F4540C085D9F81E175FEE8.jpg]，分类为：unrelated
[00:29:20] 生成回复：抱歉，你说的是什么呢？现在已经是凌晨了哦，一般来说这个时间都在休息呀。不过既然你这么晚还在这里的话……或许是遇到了什么困难吗？希望没有妨碍到你的睡眠呢。有什么我能帮助的吗？总之，慢慢来吧。
[00:33:54] 收到来自群聊705846169中1813878602的消息，内容：没看过球1的也会有障碍，分类为：unrelated
[00:34:46] 收到来自群聊705846169中1813878602的消息，内容：哪吒2这种，没看过第一部也不怎么影响你看剧情[CQ:face,id=334]，分类为：unrelated
[00:49:26] 收到来自群聊943582383中198824087的消息，内容：七海说会赢的，分类为：unrelated
[01:56:11] 收到来自群聊707553968中1356275238的消息，内容：唉不得不说耄爹送走满洲国遗民确实功在千秋，分类为：unrelated
[01:56:23] 收到来自群聊705846169中602380092的消息，内容：[CQ:image,file=5F4759D64848B9D654ABADDDA774407D.jpg]，分类为：unrelated
[02:18:52] 收到来自群聊214812521中351554290的消息，内容：圣七海，分类为：related
[02:19:12] 收到来自群聊214812521中351554290的消息，内容：要是明天你们跑团被七海撒了，分类为：unrelated
[04:48:44] 收到来自群聊705846169中2486714834的消息，内容：[CQ:image,file=F2860B783269303F10DEB2363F049F70.jpg]，分类为：unrelated
[04:48:52] 收到来自群聊705846169中2486714834的消息，内容：也是闻名小红书了，分类为：unrelated
[07:36:22] 收到来自群聊705846169中2486714834的消息，内容：完了，分类为：unrelated
[07:36:27] 收到来自群聊705846169中2486714834的消息，内容：又熬了一夜，分类为：unrelated
[07:36:32] 收到来自群聊705846169中2486714834的消息，内容：[CQ:image,file=6DA13A6CEBD2F922F3EACFA2F3B9A89F.jpg]，分类为：unrelated
[07:51:02] 收到来自群聊705846169中2758198734的消息，内容：早八，分类为：related
[07:51:05] 生成回复：早八的路线选择...从基础知识刷起会比较好呢，就像先给角色打底一样。不过保持适度休息也很重要，精神值可是关键属性喔。
[07:51:05] 收到来自群聊705846169中2758198734的消息，内容：[CQ:image,file=9D74AC3111F4540C085D9F81E175FEE8.jpg]，分类为：unrelated
[08:54:01] 收到来自群聊733740884中2605898011的消息，内容：最靠谱的依然是七海千秋，分类为：unrelated
[08:54:11] 收到来自群聊733740884中2354814039的消息，内容：千秋酱不太适合这个本的氛围诶，分类为：unrelated
[08:54:17] 收到来自群聊733740884中2354814039的消息，内容：拜托你了七海海，分类为：related
[09:00:19] 收到来自群聊705846169中2758198734的消息，内容：[CQ:image,file=9D74AC3111F4540C085D9F81E175FEE8.jpg]，分类为：unrelated
[09:21:08] 收到来自群聊733740884中2354814039的消息，内容：谢谢七海海，分类为：related
[09:21:36] 收到来自群聊733740884中2605898011的消息，内容：不过七海真温柔，分类为：unrelated
[09:24:22] 收到来自群聊733740884中2354814039的消息，内容：七海海对在坐的王马小吉和狛枝凪斗都这么温柔，分类为：unrelated
[11:36:58] 收到来自群聊1006250371中602380092的消息，内容：千秋教我跑团，分类为：related
[11:37:10] 生成回复：唔，跑团就像是在玩一个多人冒险 RPG 一样。首先需要创建你的角色，设定属性值和技能喔。然后我们一起探索这个世界，通过掷骰子来决定行动的结果呢。要开始玩吗？
[11:37:57] 收到来自群聊1006250371中602380092的消息，内容：千秋教我跑团，分类为：related
[11:38:03] 生成回复：好的呢……跑团就像在玩一场即时的 RPG游戏哦。首先要了解规则……比如角色的属性值和技能，然后根据剧情的发展来进行选择和掷骰子。有时候失败也是难免的，但这都是故事的一部分啦。先慢慢适应吧，有什么不懂的可以问我喔。
[11:38:16] 收到来自群聊1006250371中602380092的消息，内容：千秋教我跑团，分类为：related
[11:38:21] 生成回复：唔...现在还是上午呢。跑团的话，就像是大家一起创造故事的RPG游戏哦。每次掷骰都像是在闯关，大成功像是击败了Boss，大失败也很有趣呢......要记得享受过程哦。
[11:39:25] 收到来自群聊1006250371中602380092的消息，内容：千秋教我如何击败三国杀移动版的界沮授地主，分类为：related
[11:39:38] 生成回复：嗯……界沮授地主是个棘手的对手呢。对付他，首先要理解他的技能机制喔。界沮授的“绝地反击”可以在受到伤害后反击，所以正面硬拼会吃大亏吧……

建议采取“放风筝战术”，保持距离慢慢周旋，避免直接进入对攻阶段。另外可以多利用装备卡和锦囊卡来削弱对方的战斗力，比如“无懈可击”来防针对，或者用顺手牵羊等控制
[11:41:19] 收到来自群聊1006250371中602380092的消息，内容：千秋教我如何击败三国杀移动版的界沮授地主，分类为：related
[11:41:53] 生成回复：击败界沮授地主确实是一个挑战呢……先让我分析一下这个Boss的技能和弱点吧。

首先是血量，作为地主有3血，意味着我们要在有限回合内完成击杀。他有两个主动技能“诘难”和“谏止”，一个防御技能“坚忍”。就像打团本一样，需要针对他的技能特点来制定战术呢。

建议可以组建以下阵容：
1. 输出位使用能够直接造成伤害的武将，比如吕布。相当于RPG中的DPS角色。
2. 辅助位可以选择有增益BUFF或者控制技能的武将，像诸葛亮。承担类似祭司或法师的职能。
3. 自己则担任坦克角色。选择有稳定嘲讽技能的武将张飞或华雄来保护队友。

实战中按照以下策略走：
第一阶段：利用增益和控制来积攒卡牌手数。
第二阶段：开启嘲讽技能保护好核心输出不让敌方集火消灭。
第三阶段集中火力一鼓作气击倒Boss吧~

另外需要注意躲避他的关键伤害和控制性技能哦~

这便是我想到的一些小技巧啦,不知道是否对你有帮助呢？总之多加练习熟能生巧,用不了多久你就能战胜强敌了呢。
[12:03:52] 收到来自群聊760178162中283173475的消息，内容：感觉今晚不来七海千秋可能就结了，分类为：unrelated
[12:03:55] 收到来自群聊993291279中418006264的消息，内容：赤魔再临草原七海千秋七海千秋，分类为：related
[12:04:17] 收到来自群聊901655621中743048441的消息，内容：七海千秋h七海千秋七海千秋's七海千秋cool，分类为：related
[12:04:43] 收到来自群聊808325774中3669695342的消息，内容：[七海千秋七海千秋七海千秋reply七海千秋七海千秋七海千秋七海千秋554七海千秋七海千秋七海千秋七海千秋5七海千秋][七海千秋七海千秋七海千秋七海千秋七海千秋七海千秋七海千秋七海千秋七海千秋七海千秋七海千秋七海千秋447668]七海千秋给我操，分类为：related
[12:05:43] 收到来自群聊808325774中911447668的消息，内容：[七海千秋七海千秋七海千秋reply七海千秋七海千秋七海千秋七海千秋七海千秋七海千秋七海千秋七海千秋七海千秋七海千秋858][七海千秋七海千秋七海千秋七海千秋七海千秋七海千秋七海千秋七海千秋七海千秋七海千秋66七海千秋6七海千秋5七海千秋4七海千秋]七海千秋不要，分类为：related
[12:05:47] 收到来自群聊1006250371中602380092的消息，内容：七海千秋，分类为：related
[12:05:54] 收到来自群聊690303404中1480225998的消息，内容：削了，顶多给你七海千秋七海千秋加攻，分类为：unrelated
[12:05:57] 生成回复：你好呀，我是七海千秋，超高校级的游戏玩家。兴趣是玩游戏，什么类型都擅长。请多指教喔。不过现在已经快到中午了哦，不是适合打游戏的时间呢……
[12:06:05] 收到来自群聊550356790中2194718069的消息，内容：[七海千秋七海千秋七海千秋reply七海千秋七海千秋七海千秋七海千秋七海千秋七海千秋七海千秋七海千秋86七海千秋84][七海千秋七海千秋七海千秋七海千秋七海千秋七海千秋七海千秋七海千秋七海千秋七海千秋854七海千秋七海千秋7七海千秋66]七海千秋/w七海千秋fe，分类为：related
[12:06:09] 收到来自群聊808325774中3669695342的消息，内容：[CQ:reply,id=731532509][CQ:at,id=911447668] 那就艾草，分类为：unrelated
[12:06:11] 收到来自群聊1006250371中602380092的消息，内容：1，分类为：unrelated
[12:06:51] 收到来自群聊1006250371中602380092的消息，内容：1，分类为：unrelated
[12:07:00] 收到来自群聊1006250371中602380092的消息，内容：111，分类为：unrelated
[12:07:39] 收到来自群聊1006250371中602380092的消息，内容：@七海千秋 #run return tostring(msg.at)，分类为：unrelated
[13:29:48] 收到来自群聊991504055中2707304261的消息，内容：好好那我先用七海录卡了！，分类为：unrelated
[13:30:56] 收到来自群聊991504055中2562505859的消息，内容：我给七海加管理了，分类为：unrelated
[13:54:55] 收到来自群聊705846169中544076740的消息，内容：感觉是湘云和廖总会买的家具，分类为：unrelated
[13:55:01] 收到来自群聊705846169中544076740的消息，内容：这种这么搞的，分类为：unrelated
[13:55:48] 收到来自群聊705846169中2486714834的消息，内容：你怎么知道我打算买，分类为：unrelated
[13:55:53] 收到来自群聊705846169中2486714834的消息，内容：还有那个浴缸，分类为：unrelated
[13:57:17] 收到来自群聊705846169中544076740的消息，内容：以后就去你那屙💩，分类为：unrelated
[13:57:56] 收到来自群聊705846169中2486714834的消息，内容：诡秘我们一起屙💩，分类为：related
[13:58:26] 生成回复：检测到地图边界……要回到任务区域吗？
这个话题就像是遇到了未预想的Bug呢，或许我们可以切换到更有趣的任务来继续冒险哦。比如，一起来讨论最新的RPG游戏吧？像《最终幻想》或者《勇者斗恶龙》，它们的副本设计非常有意思呢。或者是有什么想分享的游戏心得吗？每个游戏都是一个新世界嘛，一起探索怎么样？

还有的话就是……虽然现在的发言有点奇怪啦，不过时间上看现在应该是晚上8点前吧？如果我没记错系统时钟的话。唔，总之不要走偏哦～
（小声嘀咕）而且现实中这样做可是会遇到很多尴尬情况呀...
[14:41:47] 收到来自群聊1006250371中602380092的消息，内容：千秋，VASP作为初学者应该如何使用？，分类为：related
[14:41:56] 生成回复：VASP啊，就像是刚入门一部新游戏呢。首先要了解基础的rules和界面操作，像是准备开始一款RPG一样，需要先熟悉基本的战斗系统。

可以从官方手册开始看看哦……就像查看游戏教程一样。然后试着跑一些简单的算例……唔，这就好像练习初级关卡一样可以帮助累积经验值呢。
[15:43:04] 收到来自群聊1095953264中2569103268的消息，内容：千秋教我coc车卡，分类为：related
[15:44:11] 生成回复：车卡啊……这是个很有战略意义的第一步呢。角色卡就像是你在跑团中的Avatar，需要仔细考虑属性和技能点的分配……

让我们从基础属性开始吧。掷7d6，每个基础属性的数值是3个最高的d6相加。然后根据职业选择合适的技能加值……不过现在才下午3点43分，你有足够的时间慢慢构筑角色设定哦。

要记住，车卡不仅是一个数字游戏，更要考虑背景故事的协调性……就像在RPG游戏里塑造一个立体的角色。当然新手的话不需要太复杂啦

我看着你的数据列表框的话可能大盘起来这么...很多的说有点认真地怀疑过来的怎么样一天的资金记录我们可以回答等等做了汇报工作机构和个人了哦~诶诶!?...不好意思有些犯困说奇怪的话了.

(重新整理思绪)简单来说就...先投7组3d6看看主要属性,然后再决定职业和专长,最后加点对应的关键技能?这样比较有效率哦~ 
(轻声说着)啊..抱歉我好像打瞌睡了
[15:46:18] 收到来自群聊1095953264中1179990919的消息，内容：千秋教我玩ap寒冰射手，分类为：related
[15:46:36] 生成回复：现在的时间是下午15:46，寒冰射手艾希的话……

首先要注意Q技能的叠加和释放时机，就像是累积Buff等待爆发那样呢。E技能可以当作侦察技能使用，像是探索未知地图一样获取视野信息。

团战中一定要注意找好输出位置，就像在游戏中找安全点才能安心输出那样。不过最重要的还是要多练习手感和节奏喔。希望这些经验值能对你有所帮助。
[16:16:34] 收到来自群聊1095953264中1781618427的消息，内容：千秋教我玩冰杖荒漠屠夫，分类为：related
[16:17:10] 生成回复：啊...冰杖荒漠屠夫啊，是很考验操作的英雄呢。首先你需要注意出装和技能的搭配，像这样先用技能造成迟缓效果，然后接普攻输出...有点困了...

装备方面可以考虑走减速路线配输出,这样能更好地留人和打伤害...记住要学会算cd时间差哦。

唔...,说得简单一点就是先放技能再用普攻进行消耗吧,但也要看对手的动作进行调整。这个英雄很需要练习的,只要多加尝试就能上手的。

在游戏里多试几次就好啦……不过现在是下午四点多钟呢
[16:24:42] 收到来自群聊1095953264中2569103268的消息，内容：千秋教我300英雄ap卫宫，分类为：related
[16:24:58] 生成回复：现在的时间应该是下午吧。不过想学 AP 卫宫还是挺有趣的呢。
首先，卫宫作为 AP 英雄，核心是技能连招的爆发伤害。出门装建议选小法书和药水……等经济起来了，优先堆叠法术装备哦。
关键点在于抓住时机 E+W+Q 打出一套连击，再接普攻激活被动……多去练习几次就能掌握啦。

需要提醒的是，AP对线和机动性有点弱哦。可以多跟队友抱团抓单呢……像玩游戏一样慢慢摸索就好了~
[16:26:00] 收到来自群聊1095953264中2569103268的消息，内容：千秋教我玩吕树，分类为：related
[16:26:18] 生成回复：啊，吕树是《弹破天惊》里面那个高难度BOSS吧……记得他的技能循环很复杂呢……让我想想看攻略路线吧
首先需要准备双刀流职业和毒抗套装，在60%血量之前要保持距离输出，等到触发剧情杀后才是真正开始战斗。
最重要的是要记住他的三段跳动作模式，如果提前跑位的话可以大幅度提高生存几率。
最后阶段的毒雾范围很大……不过站在左侧第二个平台上就可以完全避开。

对了现在时间是16:25喔，是不是刚吃完下午茶？趁体力充沛的时候练习会比较好吧。
[16:27:17] 收到来自群聊1095953264中2569103268的消息，内容：千秋教我300英雄的吕树，分类为：related
[16:27:45] 生成回复：吕树的话，在300英雄里就像是一个全能型战士呢。他的技能搭配既能输出又能辅助，就像一个可以切换职业的灵活角色。 
建议你先熟悉一下他的四个技能吧，像是被动[龙魂]可以增加攻击距离和冷却缩减，对于远程消耗来说很方便哦。
还有[风之刃]用来追击或者逃脱都很适合。[寒冰牢笼]可以在团战中发挥很大的作用呢……要把握好释放时机哦。
最后就是大招了 [冰瀑葬送剑]。这个技能伤害很高, 但要找准角度才容易命中目标.  

试着去匹配模式打几局练练手，多玩几次手感就出来啦 !希望我的小小攻略能帮助到你呀 ~
[16:28:04] 收到来自群聊1095953264中1781618427的消息，内容：千秋怎么这么懂300，分类为：unrelated
[16:30:11] 收到来自群聊1095953264中2095845035的消息，内容：千秋教我追七海千秋，分类为：related
[16:30:20] 生成回复：唔...这就像是进入了一个自指循环的游戏任务呢。作为七海千秋去教别人追求自己，总觉得有点怪怪的......也许，应该先从最基础的好感度系统开始积累吧？就像在游戏中获得NPC好感那样。
[16:31:48] 收到来自群聊1095953264中2569103268的消息，内容：千秋教我玩我的世界，分类为：related
[16:31:57] 生成回复：想要探索新大陆呢。

首先要收集资源，就像开启新游戏时需要做好准备工作哦。建议你从砍树和挖石头开始，这是基础中的基础。

晚上会遇到怪物，所以白天要记得建造庇护所呢。把工作台制作出来吧…可以让你合成更多道具了。

记住…存档很重要,随时记得存档点哦……

祝你在方块世界玩得开心~
[16:32:42] 收到来自群聊1095953264中1179990919的消息，内容：千秋教我玩鸣潮，分类为：related
[16:33:04] 生成回复：《鸣潮》这款游戏的话，主要思路还是提升角色的装备和技能等级吧。像在RPG游戏中一样，初期可以先专注于做主线任务获取经验值。

当角色的等级上来后，可以尝试挑战一些副本，获取更高品质的武器和符文。组队副本的话需要注意队伍配合哦。

技能方面优先投入被动或增益技能会比较划算，战斗时能占不小优势呢。另外别忘了每日签到奖励和一些限时活动也很有用的喔。

总的来说就是耐心养成吧，多花点时间积累资源一定能成为一位高手玩家呢！
[16:45:22] 收到来自群聊1095953264中1781618427的消息，内容：千秋教我挣大钱，分类为：related
[16:46:34] 生成回复：赚钱啊……让我想想。

在游戏里，最常见的快速赚钱方式就是找到稀有资源或任务奖励。
现实中也可以类比呢。像是找准自己的技能优势，看看哪方面的需求正在增长…… 

不过要当心哦，有些快速致富的投资机会，往往暗藏着高EXP副本一样的高风险呢。

循序渐进才是稳健的升级策略。
比如先存钱投资自己，提升等级和技能点；
然后逐步寻找合适的收益渠道……

总之不要着急一步到位啦，
像刷副本一样一点一点积累吧～
[17:07:10] 收到来自群聊705846169中602380092的消息，内容：之前看到的那些逆天漫画片段，分类为：unrelated
[17:07:16] 收到来自群聊705846169中602380092的消息，内容：原来出处是这个，分类为：unrelated
[17:41:43] 收到来自群聊705846169中2758198734的消息，内容：你看完了吗，分类为：related
[17:41:48] 生成回复：嗯？是指什么事情呢……如果有游戏攻略或者剧情想要讨论的话，可以告诉我具体是哪一部哦。不过如果不抓紧时间的话，存档点可能会错过了呢。
[17:48:18] 收到来自群聊705846169中1813878602的消息，内容：属于顶级逆天神人，分类为：related
[17:48:27] 生成回复：唔...这就像是游戏里的超稀有角色属性呢...不过在现实生活中，这样的设定可能还需要更具体的表现方式吧。每个人都可以在自己的领域里找到独到的价值哦。
[18:19:39] 收到来自群聊705846169中2758198734的消息，内容：今晚有没有，分类为：unrelated
[18:23:31] 收到来自群聊705846169中2486714834的消息，内容：有豆腐酿，分类为：unrelated
[18:32:56] 收到来自群聊252459882中1034937719的消息，内容：千秋！，分类为：related
[19:00:19] 收到来自群聊705846169中602380092的消息，内容：有没有，分类为：related
[19:00:25] 生成回复：诶……检测到地图边界……要回到任务区域吗？在这里没有收到明确的任务目标呢。你可以试试说明想要进行什么样的游戏哦，我会配合的。
[19:05:15] 收到来自群聊705846169中544076740的消息，内容：回学校这两个这么得闲，分类为：unrelated
[19:05:57] 收到来自群聊705846169中2608368140的消息，内容：来，分类为：related
[19:05:59] 生成回复：好无聊呢...想找人一起玩游戏了。
[19:06:25] 收到来自群聊705846169中602380092的消息，内容：刚开，分类为：unrelated
[19:07:11] 收到来自群聊705846169中2758198734的消息，内容：那我也喷一把，分类为：unrelated
[19:14:59] 收到来自群聊705846169中544076740的消息，内容：我等下吃饭了，分类为：unrelated
[19:15:02] 收到来自群聊705846169中544076740的消息，内容：你们打先，分类为：unrelated
[19:23:14] 收到来自群聊705846169中2486714834的消息，内容：我也想打，分类为：unrelated
[19:23:18] 收到来自群聊705846169中2486714834的消息，内容：但是我在宝丽斋，分类为：unrelated
[19:44:09] 收到来自群聊705846169中544076740的消息，内容：这么下雨，分类为：unrelated
[19:44:12] 收到来自群聊705846169中544076740的消息，内容：还出去啊廖总，分类为：unrelated
[19:44:21] 收到来自群聊705846169中544076740的消息，内容：感觉到处湿，分类为：unrelated
[20:04:53] 收到来自群聊943388374中1911757677的消息，内容：千秋酱～，分类为：related
[20:08:07] 收到来自群聊214812521中1836295964的消息，内容：乃七海之博爱，分类为：related
[20:37:27] 收到来自群聊985049216中166959969的消息，内容：千秋是什么骰，分类为：related
[21:02:16] 收到来自群聊705846169中2758198734的消息，内容：来，分类为：related
[21:02:20] 生成回复：来……玩游戏吗？还是有什么新的挑战等着我们呢？晚上的时间可是提升技能的最好时机哦。
[21:36:47] 收到来自群聊917109048中2233836560的消息，内容：谢谢你七海，分类为：related
[21:57:49] 收到来自群聊214812521中351554290的消息，内容：怕七海，分类为：unrelated
[22:05:29] 收到来自群聊214812521中3097208585的消息，内容：千秋，能不能别刀我了，分类为：related
[22:07:36] 收到来自群聊214812521中351554290的消息，内容：建议骰主管管七海，分类为：unrelated
[22:07:48] 收到来自群聊214812521中3097208585的消息，内容：七海是你团，分类为：related
[22:08:20] 收到来自群聊214812521中3154547980的消息，内容：他一直被七海迫害，分类为：unrelated
[22:08:55] 收到来自群聊214812521中3154547980的消息，内容：自从用了七海，分类为：unrelated
[22:11:28] 收到来自群聊1006250371中602380092的消息，内容：真正的绝望：七海，分类为：related
[22:12:03] 生成回复：唔……提到真正的绝望呢，它就像那些永远无法存档的无尽Boss战，仿佛没有胜利的可能。

但是呢，我觉得一切都不单单是绝望。只要我们继续努力尝试不同的攻略方式，最终总会找到破局的出口哦。
[22:24:56] 收到来自群聊683550908中2106129527的消息，内容：想七海了，分类为：related
[23:06:08] 收到来自群聊1006250371中602380092的消息，内容：[CQ:vedio,file=08c3620b301d6d8c2f343bb565f62ec5.mp4]，分类为：related
[23:06:18] 生成回复：晚上好呢...检测到玩家分享了一个视频攻略，是有什么新的游戏关卡要挑战吗？需要我帮忙解说或分析一下打法路线吗？不过现在的时间是深夜了，记得要适度休息哦。长期疲劳作战会影响发挥的...就像游戏里的主角也需要在存档点休息一样嘛。
[23:09:44] 收到来自群聊1006250371中602380092的消息，内容：[CQ:vedio,file=2b5e0f7d999f6b9fa1028c33da5c474a.mp4]，分类为：unrelated
[23:48:59] 收到来自群聊705846169中602380092的消息，内容：饿了，分类为：unrelated
[23:49:15] 收到来自群聊705846169中602380092的消息，内容：走廊全是楼下烧烤味，分类为：unrelated
[23:49:27] 收到来自群聊705846169中602380092的消息，内容：为什么要存在门禁这种东西，分类为：unrelated
[23:56:39] 收到来自群聊787847128中468053629的消息，内容：七海我下次请你吃蛋糕给我个好点数吧，分类为：related
