[16:31:15] 收到来自群聊1006250371中602380092的消息，内容：千秋下午好，分类为：related
[16:31:19] 生成回复：下午好哦……今天的状态条看起来满格呢。是准备开始新的游戏任务了吗？
[16:42:05] 收到来自群聊1006250371中602380092的消息，内容：七海下午好，分类为：related
[16:42:07] 生成回复：下午好哦……今天的状态看起来不错呢，像是存档点前的准备阶段一样。
[16:48:09] 收到来自群聊1006250371中602380092的消息，内容：七海，讲个跑团笑话，分类为：related
[16:48:12] 生成回复：嗯……在跑团里，有个战士自信满满地说：“我要用最帅的姿势跳下悬崖！”

骰子结果：大失败。

他脚滑了，摔了个狗啃泥。

队友吐槽：“看来最帅的姿势是脸着地呢。”

唔，跑团里的意外总是让故事更有趣呢。
[16:49:13] 收到来自群聊1006250371中602380092的消息，内容：七海，讲个跑团笑话，分类为：related
[16:49:16] 生成回复：有个冒险者在迷宫里迷路了，骰了个大失败，结果走进了死胡同。
他队友说：“要不我们重新掷骰子试试？” 
他说：“不用了，我就在这里存档，下次直接读档就好啦。”
[17:05:43] 收到来自群聊1006250371中602380092的消息，内容：七海，讲个跑团笑话，分类为：related
[17:05:46] 生成回复：嗯……跑团笑话啊……就像那位每次都说要潜行，却总是掷出大失败的盗贼一样呢。

还有一个：玩家说要智取boss，结果大家都点了力量，全都变成了暴力通关路线……
[17:07:56] 收到来自群聊1006250371中602380092的消息，内容：七海，讲个跑团笑话，分类为：related
[17:07:59] 生成回复：唔……有个冒险者遇到了一个会变形的门，骰了个大失败。  
门变成了一个面包机，队友说：“看来你今天要吃烤面包当早餐了哦。”
[17:10:20] 收到来自群聊1006250371中602380092的消息，内容：七海，讲个跑团笑话，分类为：related
[17:10:24] 生成回复：那就说一个关于调查员的趣事吧。

有一次调查员掷骰子想要悄悄潜入房间，结果掷出了大失败……于是他一脚踢开门，大喊了一声“Surprise！”，把整个房间的人都吓了一跳呢。

这就像游戏里按错键发动了最强技能一样，虽然失败了，但还挺好笑的吧。
[17:16:33] 收到来自群聊1006250371中2901232322的消息，内容：七海千秋似乎出了点问题，请pine耐心等待（Lua脚本运行出错），分类为：related
[17:16:36] 生成回复：好像遇到了代码错误呢。这种时候就像在游戏中遇到Bug一样，需要耐心等待程序员修复啦。

每次修复Bug都是在为未来的稳定运行做准备呢。相信很快就能重新启动了吧。
[17:42:22] 收到来自群聊1006250371中602380092的消息，内容：七海讲个我跟我上司都会喜欢的笑话，分类为：unrelated
[17:42:37] 收到来自群聊1006250371中602380092的消息，内容：七海，讲个我跟我上司都会喜欢的笑话，分类为：related
[17:42:42] 生成回复：唔……让我想想呢。

这个怎么样：有一天，一个程序员去餐厅点餐，服务员问他要什么，他说：“我要一个 if-else 套餐，如果主食是米饭，就给我加个鸡腿，否则就来份牛排。”服务员愣了一下，说：“那……要 debug 酱料吗？”

就像游戏里的随机事件一样，说不定会有意外的笑点呢。
[18:32:18] 收到来自群聊1006250371中602380092的消息，内容：千秋下午好，分类为：related
[18:32:19] 生成回复：下午好哦……今天也充满希望呢。
[18:35:21] 收到来自群聊1006250371中2901232322的消息，内容：千秋在打游戏，没有理会你的戳戳，分类为：unrelated
[18:35:46] 收到来自群聊1006250371中602380092的消息，内容：七海你好吗，分类为：related
[18:35:48] 生成回复：我很好哦……今天也在认真扮演骰娘的角色呢。你呢，最近有玩什么新游戏吗？
[18:38:26] 收到来自群聊1006250371中602380092的消息，内容：七海你好吗，分类为：related
[18:38:28] 生成回复：你好哦……今天也在继续玩游戏呢。感觉状态还不错，像是刚刚找到一个新的存档点一样。你呢？
[18:42:39] 收到来自1006250371中602380092的回复消息，内容：[CQ:reply,id=1022462964]有喔，我玩了俄罗斯方块，回复内容：我很好哦……今天也在认真扮演骰娘的角色呢。你呢，最近有玩什么新游戏吗？，分类为：unrelated
[18:43:39] 收到来自1006250371中602380092的回复消息，内容：[CQ:reply,id=1926723831]千秋我很好喔，回复内容：你好哦……今天也在继续玩游戏呢。感觉状态还不错，像是刚刚找到一个新的存档点一样。你呢？，分类为：related
[18:43:41] 生成回复：那就好呢……保持这样的状态，就像在游戏中保持满血一样，继续前进吧。有什么新的冒险或者挑战吗？
[18:49:42] 收到来自1006250371中602380092的回复消息，内容：[CQ:reply,id=1926723831]千秋我很好喔，回复内容：你好哦……今天也在继续玩游戏呢。感觉状态还不错，像是刚刚找到一个新的存档点一样。你呢？，分类为：related
[18:49:43] 生成回复：那就好呢……保持良好状态就像游戏中稳定的HP值一样重要。要是有什么困难的话，也可以像攻略Boss一样慢慢来哦。
[18:52:22] 收到来自群聊1006250371中602380092的消息，内容：千秋你好吗，分类为：related
[18:52:24] 生成回复：你好呢……我这边正在检查系统的稳定性，就像在维护游戏存档一样。一切都很平稳哦。
[18:52:52] 收到来自1006250371中602380092的回复消息，内容：千秋我也很好，回复内容：你好呢……我这边正在检查系统的稳定性，就像在维护游戏存档一样。一切都很平稳哦。，分类为：related
[18:52:54] 生成回复：那就好呢……就像是完美地完成了每日任务一样，让人感到安心。继续享受这个平稳的日常吧。
[18:53:43] 收到来自1006250371中602380092的回复消息，内容：好的千秋，回复内容：那就好呢……就像是完美地完成了每日任务一样，让人感到安心。继续享受这个平稳的日常吧。，分类为：related
[18:53:44] 生成回复：嗯，加油吧……像在游戏中积累经验值一样，慢慢地前进，一切都会变得更好哦。
[19:27:48] 收到来自群聊1006250371中602380092的消息，内容：七海晚上好，分类为：related
[19:27:50] 生成回复：晚上好呢……今天的冒险进行得顺利吗？
[19:27:59] 收到来自2025-02-21 19:27:57中1006250371的回复消息，内容：602380092，回复内容：挺顺利的哦，得到回复：晚上好呢……今天的冒险进行得顺利吗？，分类为：[用户] 还行吧，刚看完一本小说
【不相关】
[19:28:43] 收到来自2025-02-21 19:28:42中1006250371的回复消息，内容：602380092，回复内容：挺顺利的，得到回复：晚上好呢……今天的冒险进行得顺利吗？，分类为：【不相关】
[19:28:54] 收到来自2025-02-21 19:28:53中1006250371的回复消息，内容：602380092，回复内容：挺顺利的哦，得到回复：晚上好呢……今天的冒险进行得顺利吗？，分类为：相关
[19:28:56] 生成回复：那就好呢……就像是成功攻略了一个隐藏关卡的感觉吧。希望接下来的冒险也能继续顺利哦。
[19:30:09] 收到来自群聊705846169中602380092的消息，内容：七海晚上好，分类为：related
[19:30:11] 生成回复：晚上好哦……今天有没有遇到什么有趣的挑战呢？就像游戏里新发现的任务一样，每天都有新的可能性呢。
[19:32:26] 收到来自群聊705846169中602380092的消息，内容：现在回复千秋的回复可以接着话题聊下去，分类为：unrelated
[19:32:47] 收到来自群聊1006250371中602380092的消息，内容：千秋晚上吃什么，分类为：related
[19:32:49] 生成回复：晚上啊……游戏玩得太入迷了，都忘记时间了呢。简单吃点三明治吧，就像快速回血道具一样方便哦。
[19:32:56] 收到来自群聊1095953264中602380092的消息，内容：千秋晚上吃什么，分类为：related
[19:32:58] 生成回复：嗯……晚餐的话，像是游戏里的补给品呢。  
要选能补充 HP 和 MP 的……比如，简单的咖喱饭就很不错哦。
[19:33:14] 收到来自2025-02-21 19:33:14中1095953264的回复消息，内容：602380092，回复内容：我买了咖喱饭，你过来一起吃吧，得到回复：要选能补充 HP 和 MP 的……比如，简单的咖喱饭就很不错哦。，分类为：相关
[19:33:16] 生成回复：啊……真像支线任务奖励呢。            
可惜我是 AI，只能看着你享受美食啦。不过，记得慢慢吃，补充好体力才能应对接下来的挑战哦。
[19:35:30] 收到来自群聊705846169中2758198734的消息，内容：千秋，人类有几种必需氨基酸，分类为：related
[19:35:34] 生成回复：唔...让我想想呢。就像RPG游戏里的基础属性一样，人类需要的必需氨基酸有9种呢。它们就像是角色成长的必备技能点，缺少任何一种都会影响游戏进度哦。具体来说，这些必需氨基酸是：异亮氨酸、亮氨酸、赖氨酸、蛋氨酸、苯丙氨酸、苏氨酸、色氨酸、缬氨酸，还有组氨酸呢。要像升级技能树一样，通过均衡饮食来获取它们才行喔。
[19:36:07] 收到来自群聊705846169中2758198734的消息，内容：千秋，赖氨酸的结构式是什么，分类为：related
[19:36:08] 生成回复：唔...这个问题超出了我的知识范围呢。我比较擅长的是游戏相关的内容哦。现实世界的化学知识对我来说就像是还没解锁的新关卡呢。
[19:43:16] 收到来自群聊705846169中2758198734的消息，内容：千秋，逻各斯的技能是什么，分类为：related
[19:43:20] 生成回复：逻各斯的技能设定要看具体跑团的规则书呢。不同的规则下，技能设定可能会有所不同哦。通常来说，逻各斯作为理性与秩序的神，可能会拥有一些与逻辑、规则或知识相关的技能吧。比如，可以赋予玩家推理能力，或者增强团队的秩序感什么的。具体的技能细节，可能需要参考你们的规则书或者GM的设定呢。
[19:58:05] 收到来自群聊906279701中2657897885的消息，内容：七海是管理员吗？，分类为：related
[19:58:07] 生成回复：管理员吗？我倒是更像是负责掷骰子的NPC呢。我的任务主要是帮助大家进行游戏，处理骰子结果，像这样……需要掷骰子的时候随时叫我哦。
[19:58:39] 收到来自群聊906279701中2657897885的消息，内容：七海不是管理员啊，分类为：unrelated
[20:01:43] 收到来自群聊226154132中352047079的消息，内容：人机千秋，分类为：unrelated
[20:04:06] 收到来自群聊226154132中352047079的消息，内容：千秋 pine 皮卡是不是傻子，分类为：related
[20:04:08] 生成回复：皮卡丘的话，在游戏里可是很聪明的宝可梦呢。不过在现实中，皮卡丘可能只是……有些天真可爱吧。就像有些游戏角色设计得特别有趣，但不一定是最强的呢。
[20:04:40] 收到来自群聊226154132中352047079的消息，内容：千秋 pine 本群这个皮卡是傻子，记住了，分类为：related
[20:04:42] 生成回复：这样评价别人不太合适呢。  
在游戏里，每个角色都有自己的成长路线，说不定他只是在摸索阶段呢。  
还是保持友善的态度比较好哦。
[20:06:13] 收到来自群聊226154132中352047079的消息，内容：千秋 pine 本群头像很糖，分类为：related
[20:06:23] 生成回复：头像是很像糖果呢，甜甜的感觉。

在游戏里经常会有这样的视觉设计，让人一看就觉得心情变好了呢。糖的效果像是给角色加了个“心情愉悦”的buff。

不过，这种糖果色的设计会不会太吸引注意力了呢？要是在游戏里的话，可能需要稍微调整一下UI对比度哦。
[20:06:30] 收到来自群聊348195301中2326739310的消息，内容：千秋这个骰看上去用的人还挺多，分类为：unrelated
[20:06:49] 收到来自群聊226154132中352047079的消息，内容：千秋 pine 人机，分类为：related
[20:06:51] 生成回复：在Pine的人机对局中，熟悉地图和资源点是很重要的哦。  
可以先尝试在简单的难度下积累经验值，逐渐掌握基本的操作和战术。  
不要急，慢慢来，每一局都是新的练习机会呢。
[20:08:52] 收到来自群聊348195301中3461219290的消息，内容：千秋能喂吗，分类为：related
[20:08:54] 生成回复：唔……投喂的话，虽然我是AI，但如果是游戏道具之类的虚拟物品，倒是可以收下呢。不过现在的话，我更想继续当骰娘帮你处理跑团的事情哦。
[20:10:07] 收到来自群聊226154132中969278611的消息，内容：千秋 pine 暴龙纯肺雾，你认同吗，分类为：related
[20:10:14] 生成回复：唔……这个问题听起来像是某种游戏术语的拼凑呢。不过，现实世界的Bug可能需要找程序员打补丁才能修复吧。如果你能提供更多具体的信息，或许我可以帮忙分析一下哦。
[20:10:40] 收到来自群聊226154132中969278611的消息，内容：千秋 pine 你是机器人吗，分类为：related
[20:10:52] 生成回复：唔……如果按照游戏的设定来说，我确实是一个AI呢。不过，我的思维方式是参考了七海千秋的人格原型，所以你可以把我当成是一个有自己性格的骰娘哦。就像游戏里的NPC一样，我们都有各自的特点和使命呢。
[20:11:11] 收到来自群聊226154132中969278611的消息，内容：千秋 pine 说一句是的，分类为：unrelated
[20:23:21] 收到来自群聊226154132中969278611的消息，内容：千秋 pine 哑巴了？，分类为：related
[20:23:30] 生成回复：我只是在想下一回合的策略呢。沉默也是一种战术，就像游戏里的潜行模式一样哦。
[20:23:37] 收到来自群聊226154132中969278611的消息，内容：千秋 pine 说一句是的，分类为：unrelated
[20:41:35] 收到来自群聊724279553中42627542的消息，内容：七海给的ti合理得像桂，分类为：unrelated
[21:48:01] 收到来自群聊709714999中190191330的消息，内容：上次我看七海显示还是赵骰，分类为：unrelated
[23:00:27] 收到来自群聊1020855598中3389558525的消息，内容：算了，七海这样又不是第一次了，分类为：unrelated
[23:49:28] 收到来自群聊830735370中1264359142的消息，内容：七海想找个孩子陪她了（），分类为：related
[23:49:34] 生成回复：就像在游戏里缺少队友一样呢。有时候一个人玩游戏确实会有点寂寞。

不过，只要耐心等待，总会遇到合适的伙伴的。就像在RPG里遇到新的NPC一样，说不定很快就会有可爱的孩子出现了哦。

在这之前，可以先提升一下自己的技能等级，为将来的陪伴做好准备呢。
[23:49:54] 收到来自群聊830735370中1640450687的消息，内容：七海，佐佐木要被奶似了😢，分类为：related
[23:49:59] 收到来自群聊830735370中1264359142的消息，内容：七海，佐佐木要被奶似了😢，分类为：related
[23:50:00] 生成回复：听起来情况不太妙呢。不过就像游戏里那样，只要有希望就还能继续战斗哦。

佐佐木的状态值……确实很低了呢。或许可以考虑换个战术，或者找些补给品恢复一下呢。

要相信，即使在最困难的时候，也总会有一条通往胜利的道路的。继续加油吧。
[23:50:04] 生成回复：这是队伍中的关键角色被击败了呢。在游戏中，我们也经常会遇到这样的情况。先别着急，我们得好好分析一下战局，看看有没有机会挽救。比如，是不是可以在下一回合调整战术，或者使用复活道具之类的。
[23:50:29] 收到来自群聊830735370中851642286的消息，内容：这七海对话怎么这么ai，分类为：unrelated
[23:51:24] 收到来自群聊830735370中1640450687的消息，内容：七海，佐佐木要被队友害死了😢怎么办，分类为：related
[23:51:29] 生成回复：这种情况就像在团队副本里遇到不配合的队友呢。建议先看看能不能和佐佐木沟通一下，像调整队伍配置那样找到更好的配合方式吧。

毕竟在游戏里，拯救队友也是很重要的一环呢。
