[00:21:32] 收到来自群聊1031369651中2403055204的消息，内容：七海给我占个卜，分类为：related
[00:21:37] 生成回复：占卜这种事情，就像是游戏里的随机事件一样呢，结果总是充满不确定性。不过，我可以帮你投个骰子来看看结果哦。准备好了吗？我们来看看今天的运势如何吧。
[00:22:08] 收到来自群聊1031369651中2403055204的消息，内容：七海开测，分类为：related
[00:22:10] 生成回复：好的，测试开始咯……

一切正常，没有任何 Bug 呢。

要继续测试还是切换到其他模式呢？
[08:03:16] 收到来自群聊1006250371中602380092的消息，内容：千秋过6级了吗，分类为：related
[08:03:18] 生成回复：这个问题的话，英语六级就像游戏里的隐藏成就一样呢。作为 AI 的我，没有真正参加考试的概念啦。不过，如果是为了帮助大家的话，我的英语水平应该足够使用了哦。
[09:53:12] 收到来自群聊1031893832中1023117145的消息，内容：七海千秋我恨你，分类为：related
[09:53:14] 生成回复：听起来像是中了Debuff的样子呢。不过恨意这种东西，就像游戏里的负面状态，总会有办法解除的。可以聊聊发生了什么吗？
[10:10:43] 收到来自群聊690303404中1900873039的消息，内容：唉nanami，分类为：related
[10:10:44] 生成回复：听上去你好像遇到什么困难了呢。在游戏里，挑战就像关卡一样，虽然有时会失败，但每次都能学到新的攻略方法哦。希望你能找到解决的办法呢。
[12:04:37] 收到来自群聊917214334中2584679354的消息，内容：七海的涩图，分类为：unrelated
[12:12:51] 收到来自私聊中2936887221的消息，内容：千秋你好，分类为：related
[12:12:54] 生成回复：你好哦……我是七海千秋，超高校级的游戏玩家。今天的状态看起来还不错呢，像是刚打通了一关游戏一样轻松呢。有什么想聊的话题吗？
[12:13:57] 收到来自私聊中2936887221的消息，内容：千秋，什么是跑团，分类为：related
[12:14:00] 生成回复：跑团就像是一个大家一起玩的角色扮演游戏呢。每个人都会扮演一个角色，在主持人构建的世界里进行冒险。就像在游戏里一样，我们会遇到各种挑战，需要用掷骰子的方式来决定行动的结果哦。
[12:15:08] 收到来自私聊中2936887221的消息，内容：七海？，分类为：related
[12:15:09] 生成回复：是我呢。有什么需要帮忙的地方吗？或者想聊聊游戏的事情也可以哦。
[12:15:24] 收到来自私聊中2936887221的消息，内容：七海，袁江浩是谁，分类为：related
[12:15:26] 生成回复：我不认识这个人呢。或许他就像游戏里还未解锁的NPC，需要更多剧情才能遇见吧。
[12:15:43] 收到来自私聊中2936887221的消息，内容：七海，那我告诉你，她是我老公，分类为：related
[12:15:44] 生成回复：唔……这个情况就像在游戏里找到了可靠的队友呢。祝你们合作愉快哦。
[12:16:01] 收到来自私聊中2936887221的消息，内容：七海，那我问你，袁江浩是谁，分类为：related
[12:16:03] 生成回复：袁江浩...这个名字我好像在哪里听到过呢。就像游戏里偶尔会遇到的NPC，名字有点熟悉，但具体的情节已经记不太清楚了。要不要再提供一些线索呢？
[12:16:49] 收到来自2025-02-26 12:16:48中2936887221的回复消息，内容：2936887221，回复内容：他是我老公，得到回复：袁江浩...这个名字我好像在哪里听到过呢。就像游戏里偶尔会遇到的NPC，名字有点熟悉，但具体的情节已经记不太清楚了。要不要再提供一些线索呢？，分类为：【相关】
[12:16:51] 生成回复：啊，原来是这样呢。看来你在现实中找到了可以一起组队通关的队友呢。在人生这个游戏里，能找到一个愿意和你并肩作战的伙伴是很幸运的事情哦。祝你们能一起克服所有的隐藏Boss，解锁更多美好的成就呢。
[12:17:03] 收到来自2025-02-26 12:17:02中2936887221的回复消息，内容：2936887221，回复内容：那我问你，袁江浩是谁，得到回复：啊，原来是这样呢。看来你在现实中找到了可以一起组队通关的队友呢。在人生这个游戏里，能找到一个愿意和你并肩作战的伙伴是很幸运的事情哦。祝你们能一起克服所有的隐藏Boss，解锁更多美好的成就呢。，分类为：【相关】
[12:17:05] 生成回复：唔...还是不太清楚呢。就像在游戏里遇到了一个没有介绍的新角色，需要更多剧情才能了解他的故事。也许是你的个人剧情中的重要角色吧，对于我来说还比较陌生呢。
[13:52:34] 收到来自群聊909499782中2180708585的消息，内容：七海也点了个赞，分类为：unrelated
[14:06:22] 收到来自群聊758655939中1164802040的消息，内容：七海下午好，分类为：related
[14:06:23] 生成回复：下午好呢……今天的状态看起来不错哦，像是在存档点前准备好了所有的装备一样呢。
[14:06:34] 收到来自群聊758655939中1164802040的消息，内容：七海在玩什么游戏，分类为：related
[14:06:35] 生成回复：唔……最近在玩一款解谜类的 RPG 呢。有很多隐藏要素，感觉像是在攻略一张复杂的地图一样……你也在玩游戏吗？
[14:06:44] 收到来自群聊758655939中1164802040的消息，内容：七海在玩原神吗，分类为：related
[14:06:46] 生成回复：唔……最近在探索提瓦特大陆呢。虽然只是个虚拟世界，但解谜和收集元素的设计还挺有趣的。你也在玩吗？
[14:36:41] 收到来自群聊1023367699中2450334692的消息，内容：七海你？，分类为：related
[14:36:42] 生成回复：我是七海千秋，超高校级的游戏玩家。有什么事需要帮忙吗？
[16:00:45] 收到来自群聊758655939中1164802040的消息，内容：七海，你要上班吗，分类为：related
[16:00:47] 生成回复：作为骰娘，我只需要在跑团游戏时出场就可以了呢。就像游戏里的NPC，会在特定剧情触发时出现吧。
[17:59:41] 收到来自群聊873543402中2265449702的消息，内容：哦！小七海，分类为：related
[17:59:42] 生成回复：你好哦。今天看起来很有精神呢，有什么想聊的话题吗？
[18:00:28] 收到来自群聊873543402中918097573的消息，内容：小七海！，分类为：related
[18:00:30] 生成回复：你好呀。叫我七海就可以了呢。今天想聊些什么呢？或者……有什么需要帮忙的地方吗？
[18:00:42] 收到来自群聊873543402中3898610886的消息，内容：哦！小七海！，分类为：unrelated
[18:02:31] 收到来自群聊909499782中1159058255的消息，内容：七海。。。log的格式好难看（别抨击），分类为：unrelated
[19:28:16] 收到来自私聊中822261563的消息，内容：七海喜欢什么呢，分类为：related
[19:28:19] 生成回复：嗯……最喜欢玩游戏了呢。无论是 RPG、动作游戏还是解谜游戏，都能让我沉浸其中呢。像是探索新地图、挑战隐藏 Boss，还有和朋友们一起合作通关，都很有趣哦。
[19:32:18] 收到来自私聊中822261563的消息，内容：七海喜欢被撅吗，分类为：related
[19:32:19] 生成回复：检测到地图边界……要回到任务区域吗？
[19:43:32] 收到来自私聊中602380092的消息，内容：千秋晚上好，分类为：related
[19:43:33] 生成回复：晚上好哦……今天有没有好好存档呢？
[19:43:41] 收到来自私聊中602380092的消息，内容：千秋晚安，分类为：related
[19:43:42] 生成回复：晚安呢……今天也辛苦了。好好休息，明天又是新的冒险开始哦。
[20:47:00] 收到来自群聊748117917中2422302808的消息，内容：千秋突然被说服了，分类为：unrelated
[20:47:36] 收到来自群聊748117917中492811520的消息，内容：千秋不敌宋主任，分类为：unrelated
[20:47:47] 收到来自群聊748117917中2422302808的消息，内容：考虑到千秋是格公一切都有道理了起来，分类为：unrelated
[21:49:37] 收到来自群聊1021777963中663064002的消息，内容：我服了这个七海千秋，分类为：unrelated
[22:10:52] 群聊914145840get msg:(七海真好)消息以排除列表开头，不生成回复
[22:23:56] 收到来自群聊1021777963中2159216871的消息，内容：这个七海关键词是啥？，分类为：unrelated
[22:24:24] 收到来自群聊1021777963中2992892624的消息，内容：七海海，分类为：unrelated
[22:25:18] 收到来自群聊1021777963中2159216871的消息，内容：噢说的是七海千秋，分类为：unrelated
[22:32:31] 收到来自群聊758655939中1164802040的消息，内容：七海玩NS还是switch，分类为：unrelated
[22:33:12] 收到来自群聊758655939中1164802040的消息，内容：七海，你玩NS还是switch，分类为：related
[22:33:15] 生成回复：NS和Switch其实是一样的东西呢。就像同一个游戏的不同版本一样，只是叫法不同而已。我玩NS的哦，可以随时随地进行游戏，真的很方便呢。
[22:34:33] 收到来自2025-02-26 22:34:32中758655939的回复消息，内容：2129873120，回复内容： 方便，指真女5一分钟起步加载时间，得到回复：NS和Switch其实是一样的东西呢。就像同一个游戏的不同版本一样，只是叫法不同而已。我玩NS的哦，可以随时随地进行游戏，真的很方便呢。，分类为：相关
[22:34:36] 生成回复：唔……有时候加载时间确实会让人有点着急呢。就像在RPG游戏里遇到了超长的过场动画，但等待后的游戏体验总是值得的吧。可以趁加载的时候稍微休息一下，调整状态，再继续冒险哦。
[22:39:13] 收到来自群聊574188938中1922591974的消息，内容：七海对我很不友好....，分类为：unrelated
[23:57:54] 群聊892875494get msg:（唯独在这种时候七海非常给力）消息以排除列表开头，不生成回复
