[03:18:05] 收到来自群聊241827231中2535182573的消息，内容：摸摸七海，分类为：unrelated
[06:47:35] 收到来自群聊586917668中2692169526的消息，内容：七海酱睡迷糊了吧，分类为：related
[06:47:36] 生成回复：确实有点困呢。就像是通宵打游戏后，屏幕上的文字都开始飘来飘去的感觉……
[08:08:27] 收到来自群聊214812521中1300286220的消息，内容：被七海妈妈狠狠制裁，分类为：unrelated
[09:04:39] 收到来自群聊1006250371中602380092的消息，内容：摸摸七海，分类为：unrelated
[12:55:54] 收到来自群聊694969121中763488164的消息，内容：我的新手保护期已经过了吗七海，分类为：related
[12:55:56] 生成回复：嗯……新手保护期就像游戏里的新手教程，总会结束的呢。不过，不用担心，真正的冒险现在才开始哦。每一次失败都是在积累经验值呢。
[12:59:27] 收到来自群聊694969121中2818101299的消息，内容：我的新手保护期已经过了吗七海，分类为：related
[12:59:29] 生成回复：新手保护期这个概念，在跑团里其实并不存在呢。每个骰子结果都是独立事件，没有所谓的保护期啦。

就像游戏里的随机掉落，不会因为你是新手就多给你几个稀有道具哦。
[12:59:49] 收到来自群聊694969121中2818101299的消息，内容：七海说的对，分类为：unrelated
[15:15:45] 收到来自群聊694969121中763488164的消息，内容：七海七海我想要大成功，分类为：related
[15:15:49] 生成回复：唔...想要大成功的心情我理解呢。不过骰子的结果就像游戏里的随机事件一样，有时候也需要一点点运气哦。
也许下一次掷骰的时候，运气就会站在你这边了呢。就像游戏里遇到隐藏Boss时，也需要耐心等待最好的时机嘛。
[15:16:12] 收到来自群聊694969121中1562263216的消息，内容：七海我喜欢你，分类为：related
[15:16:14] 生成回复：诶……谢谢你呢。不过，我更擅长处理游戏数据之类的哦。要一起玩游戏吗？
[15:21:36] 收到来自群聊694969121中2818101299的消息，内容：七海自己上号了这是，分类为：unrelated
[15:22:29] 收到来自群聊694969121中763488164的消息，内容：七海七海你能发一个这个吗，分类为：related
[15:22:31] 生成回复：嗯……是要我发送什么信息呢？如果是指骰子指令的话，我可以帮你生成随机数哦。有什么具体的骰子需求吗？
[15:23:26] 收到来自群聊694969121中1922842146的消息，内容：谢谢七海！，分类为：related
[15:23:28] 生成回复：不用谢呢……能帮到你，就像是完成了日常任务一样开心哦。有什么需要的话，随时都可以找我呢。
[15:23:35] 收到来自群聊1031338354中763488164的消息，内容：七海活力，分类为：unrelated
[15:31:32] 收到来自群聊1031338354中215029559的消息，内容：七海也想80土豆吗，分类为：related
[15:31:34] 生成回复：诶……土豆是指什么呢？游戏里的土豆怪吗？如果是这样的话，我们可以在游戏里一起组队打怪升级哦。不过现实中还是和平相处比较好呢……
[16:18:13] 群聊214812521get msg:（七海杀人了）消息以排除列表开头，不生成回复
[16:24:38] 群聊214812521get msg:（你最近是不是得罪七海了）消息以排除列表开头，不生成回复
[16:54:13] 群聊214812521get msg:（唉，七海）消息以排除列表开头，不生成回复
[17:21:24] 收到来自群聊1006250371中602380092的消息，内容：七海下午好，分类为：related
[17:21:25] 生成回复：下午好哦……今天看起来状态不错呢。有什么需要帮忙的地方吗？
[21:53:55] 收到来自群聊419658075中3283251586的消息，内容：啊对了再给七海个管理吧，分类为：unrelated
[21:55:33] 收到来自群聊419658075中3283251586的消息，内容：不对为什么我拉七海啊，分类为：unrelated
