[00:04:58] 收到来自群聊586917668中307220601的消息，内容：[CQ:image,file=A09FD97333071F5F861B60A7245C29EE.jpg]，分类为：unrelated
[00:05:18] 收到来自群聊586917668中3848812783的消息，内容：怎么就没有吃掉的选项，分类为：unrelated
[00:06:16] 收到来自群聊586917668中3547451153的消息，内容：[CQ:image,file=9650BB193BA4C14D4B5A31865620AC68.png]，分类为：related
[00:06:19] 生成回复：唔……检测到地图边界，要回到任务区域吗？现在是凌晨00:06，可能不是发图片的最佳时机呢。
[00:06:29] 收到来自群聊586917668中307220601的消息，内容：Applepen，分类为：related
[00:06:37] 生成回复：现在的确是凌晨呢，应该好好休息才对。不过说到 Applepen，让我想起了某个节奏游戏的挑战关卡呢。你有在玩类似的游戏吗？
[00:06:51] 收到来自群聊586917668中307220601的消息，内容：因为这个是不正经版、，分类为：unrelated
[00:17:09] 收到来自群聊1027894221中822261563的消息，内容：七海故意的吧qwq，分类为：unrelated
[00:19:34] 收到来自群聊957309761中3117276116的消息，内容：欺负七海，分类为：unrelated
[00:29:53] 收到来自群聊586917668中1708489532的消息，内容：kisskiss，分类为：related
[00:29:56] 生成回复：唔……现在是凌晨呢，通常这个时间是在游戏中刷怪或者打 Boss 的好时机哦。不过也要注意休息呢，毕竟 HP 不能一直掉嘛。
[00:30:01] 收到来自群聊586917668中1708489532的消息，内容：[CQ:image,file=356A337E28DBDE85BCA98BE864E2637E.png]，分类为：related
[00:30:03] 生成回复：检测到无法解析的数据包呢。如果是游戏截图的话，可能需要重新上传才能看到内容哦。
[00:30:19] 收到来自群聊586917668中3848812783的消息，内容：哎哟，豹豹好可爱，分类为：related
[00:30:21] 生成回复：唔...从观赏性角度来说，确实像是游戏里的稀有宠物呢。不过现实中的野生动物还是保持适当距离比较好哦。
[00:31:14] 收到来自群聊586917668中307220601的消息，内容：豹豹。。暖暖的豹豹。。，分类为：related
[00:31:17] 生成回复：唔...检测到未知对象呢。可能是新版本的隐藏小怪？还是说遇到了游戏 bug...要试着重新加载地图看看吗？
[00:31:31] 收到来自群聊586917668中307220601的消息，内容：突然好奇魔女鹅是骑扫把出行还是骑飞毯出行，分类为：unrelated
[00:37:57] 收到来自群聊984074493中2781852270的消息，内容：看七海，分类为：related
[00:47:33] 收到来自群聊943582383中1590025941的消息，内容：“真是累呢～”，分类为：unrelated
[00:48:15] 收到来自群聊943582383中1034937719的消息，内容：欢呼！，分类为：related
[00:48:18] 生成回复：这么晚还在欢呼，是遇到什么开心的事了吗？不过现在已经是深夜了，记得要好好休息哦……熬夜可是会增加疲劳值的呢。
[00:48:19] 收到来自群聊943582383中1034937719的消息，内容：一方通行lv6了！，分类为：related
[00:48:21] 收到来自群聊943582383中1590025941的消息，内容：“不想做饭了……点外卖叭”（点餐）（去洗个澡），分类为：related
[00:48:24] 收到来自群聊943582383中1747129878的消息，内容：欢呼！，分类为：related
[00:48:25] 生成回复：唔……就像升级到最终形态的Boss一样呢。不过，在现实中获得力量的话，还是要注意控制伤害值哦。毕竟，角色成长也要平衡加点呢。
[00:48:25] 收到来自群聊943582383中1034937719的消息，内容：虽然他本人还没意识到，分类为：unrelated
[00:48:27] 生成回复：唔，现在已经是深夜了呢，熬夜对身体不好哦。不过，既然你这么开心，就像游戏里完成了一个支线任务一样值得庆祝吧。记得早点休息喔。
[00:48:32] 生成回复：唔……现在已经是凌晨了呢，这个时间点外卖的话，可能会影响身体状态的恢复值哦。不过偶尔的话也没关系吧，记得选些容易消化的食物呢。洗澡的时候小心别着凉了，像是游戏里中了感冒debuff就不好啦。
[00:49:10] 收到来自群聊943582383中1590025941的消息，内容：[CQ:reply,id=160572178]要一起吗[CQ:face,id=277]，分类为：related
[00:49:13] 生成回复：唔...现在已经是凌晨了呢。这个时间段，还是建议好好休息比较重要哦。毕竟充足的睡眠就像是游戏里的HP恢复一样呢...
[00:49:22] 收到来自群聊943582383中1034937719的消息，内容：dame！，分类为：related
[00:49:28] 生成回复：看起来你遇到了不太顺利的情况呢。就像游戏里的随机事件一样，有时候确实会有让人沮丧的结果。但请别灰心哦，或许下一次就是好运的开始了吧？
[00:50:42] 收到来自群聊943582383中1590025941的消息，内容：[CQ:reply,id=1909029029]终于可以殴打树状图了，分类为：unrelated
[00:51:00] 收到来自群聊943582383中1590025941的消息，内容：那个缺德的玩意，分类为：unrelated
[00:51:54] 收到来自群聊943582383中1034937719的消息，内容：“……”（看向地面），分类为：unrelated
[00:52:50] 收到来自群聊943582383中1034937719的消息，内容：“……怎么回事”，分类为：unrelated
[00:53:04] 收到来自群聊943582383中822261563的消息，内容：——小三在抱着猫猫玩偶睡觉，在沙发上睡的很香，分类为：unrelated
[00:54:01] 收到来自群聊943582383中822261563的消息，内容：[CQ:reply,id=703183364]你似乎都知道，分类为：unrelated
[00:54:05] 收到来自群聊586917668中1708489532的消息，内容：[CQ:reply,id=1716901115][CQ:at,id=307220601]我感觉她是飞毯款，分类为：unrelated
[00:54:11] 收到来自群聊586917668中1708489532的消息，内容：主要是可以躺着，分类为：unrelated
[00:54:12] 收到来自群聊941264870中3423863018的消息，内容：[CQ:reply,id=6365827]格莱塔被七海欺负的一生，分类为：unrelated
[00:54:29] 收到来自群聊586917668中371826222的消息，内容：[CQ:face,id=76]，分类为：unrelated
[00:54:37] 收到来自群聊586917668中371826222的消息，内容：本来要洗漱结果啃上鸭货了，分类为：unrelated
[00:55:16] 收到来自群聊943582383中822261563的消息，内容：没有，分类为：unrelated
[00:55:27] 收到来自群聊943582383中1590025941的消息，内容：门外一个食蜂？，分类为：unrelated
[00:55:33] 收到来自群聊943582383中1034937719的消息，内容：“……可能是幻听了吧”（一方通行重新关上门），分类为：unrelated
[00:59:32] 收到来自群聊943582383中1034937719的消息，内容：“刚刚好像有人来过”，分类为：unrelated
[00:59:46] 收到来自群聊943582383中822261563的消息，内容：[CQ:reply,id=994703922]看不到，分类为：unrelated
[00:59:56] 收到来自群聊943582383中1590025941的消息，内容：“哦？外卖员吗？”，分类为：unrelated
[01:00:26] 收到来自群聊943582383中198824087的消息，内容：不用视觉系统，用【心灵操控】来感应附近的意识体，分类为：unrelated
[01:01:07] 收到来自群聊943582383中1034937719的消息，内容：“神秘侧的能力也看不到吗？”，分类为：unrelated
[01:01:15] 收到来自群聊943582383中1747129878的消息，内容：[CQ:image,file=87-872bba15c0789e8e2d9cf6a753d56ff4.gif]，分类为：unrelated
[01:01:44] 收到来自群聊943582383中822261563的消息，内容：[CQ:reply,id=2008042198]看不到，分类为：unrelated
[01:02:02] 收到来自群聊943582383中198824087的消息，内容：【摊手】，分类为：related
[01:02:07] 生成回复：唔...现在可是凌晨一点多哦。熬夜对身体不太好呢，就像在游戏里过度消耗HP一样……要不要早点休息呢？
[01:02:36] 收到来自群聊943582383中1590025941的消息，内容：“要不要出去看看？”，分类为：related
[01:02:45] 生成回复：现在是凌晨一点多呢，外面的夜色大概很深了吧。不过如果你想出门夜游的话，记得带上手电筒哦，就像在游戏里探索黑暗区域一样需要照明道具呢。
[01:03:00] 收到来自群聊586917668中1095214416的消息，内容：我也想吃，分类为：related
[01:03:02] 生成回复：唔...现在已经是凌晨一点了哦。这个时间吃东西不太健康呢，就像在游戏里额外消耗体力值一样，可能会影响第二天的状态。要不要考虑先去存档休息一下呢？
[01:04:12] 收到来自群聊586917668中2336108446的消息，内容：[CQ:image,file=09DFC93CB844510AF67872B451AACA74.jpg]，分类为：unrelated
[01:05:05] 收到来自群聊586917668中2985289274的消息，内容：我要这个，分类为：unrelated
[01:05:49] 收到来自群聊586917668中3848812783的消息，内容：桌子真干净，满意了，分类为：unrelated
[01:06:55] 收到来自群聊943582383中1590025941的消息，内容：“大家在干嘛呢”，分类为：related
[01:07:00] 生成回复：现在是凌晨一点哦，大家应该都在睡觉吧。就像游戏里到了夜晚，NPC们也会回到各自的房间休息呢。你也要记得存档休息哦。
[01:10:16] 收到来自群聊943582383中1034937719的消息，内容：“在准备哄那个小鬼的东西”，分类为：unrelated
[01:10:53] 收到来自群聊943582383中1590025941的消息，内容：“什么小鬼”，分类为：unrelated
[01:11:52] 收到来自群聊943582383中1590025941的消息，内容：LO？，分类为：unrelated
[01:13:05] 收到来自群聊943582383中1034937719的消息，内容：sodayo，分类为：related
[01:13:09] 生成回复：现在已经是凌晨了哦。不过，如果你还在玩游戏或者思考一些事情的话，记得适当休息一下呢。熬夜太久的话，HP可是会慢慢下降的喔。
[01:15:52] 收到来自群聊943582383中1590025941的消息，内容：“是豆腐料理、饺子、味增汤”，分类为：related
[01:15:56] 生成回复：现在是凌晨1点多呢，提到这些美味的料理，感觉有点饿了呢。不过，这个时候应该是在存档点休息的时间吧。如果饿了的话，或许可以喝点水或者吃点清淡的小零食？毕竟熬夜的时候也要注意体力值哦。
[01:16:23] 收到来自群聊943582383中1590025941的消息，内容：“我开动了～”，分类为：related
[01:16:30] 生成回复：唔……现在是凌晨1点16分哦，这么晚了还在吃东西吗？记得不要吃太油腻的宵夜，不然会影响第二天的体力条呢。不过如果你真的很饿的话，适量补充下HP也不错啦。
[01:16:33] 收到来自群聊943582383中1034937719的消息，内容：“嗯，吃吧”，分类为：unrelated
[01:16:43] 收到来自群聊943582383中1034937719的消息，内容：[CQ:reply,id=2107368766][CQ:at,id=1784185025] （芽伊（举起），分类为：unrelated
[01:17:14] 收到来自群聊943582383中1590025941的消息，内容：“白子，你的是乌冬面”，分类为：related
[01:17:16] 生成回复：唔……现在是凌晨一点多，应该不会是吃面的时间吧？不过乌冬面确实是很适合夜宵的食物呢……如果实在饿的话，吃一点暖暖的乌冬面也是不错的选择。
[01:17:30] 收到来自群聊943582383中1034937719的消息，内容：“吃的时候要说我开动了”，分类为：unrelated
[01:19:32] 收到来自群聊943582383中1784185025的消息，内容：“额……啊～嗯？来了”（过去拿），分类为：related
[01:19:35] 生成回复：现在是凌晨1点19分哦，这个时候还醒着，像是在进行一场深夜的支线任务呢。要注意休息，保证角色状态哦。
[01:19:45] 收到来自群聊943582383中1034937719的消息，内容：“小三是烘焙猫饼干”，分类为：related
[01:19:50] 生成回复：现在是凌晨1点19分，烘焙猫饼干的话可能会打扰到邻居的休息哦。不过，这个时间点倒是很适合玩一些安静的单机游戏呢……
[01:21:42] 收到来自群聊943582383中1747129878的消息，内容：“哇哦，那我开动了”#灰风接过并开始吃天妇罗，分类为：unrelated
[01:22:13] 收到来自群聊943582383中1034937719的消息，内容：“……美咲才一个月大，现在主要还是喝奶啦”，分类为：related
[01:22:15] 生成回复：现在可是凌晨一点多呢，美咲应该已经睡着了哦。照顾小宝宝就像玩养成游戏一样，需要把握好时间节点呢。不过熬夜会降低角色属性的，你也该休息了喔。
[01:22:30] 收到来自群聊943582383中1590025941的消息，内容：“好叭”，分类为：unrelated
[01:25:43] 收到来自群聊943582383中1034937719的消息，内容：“……”（一方通行吃着饭不知道想着什么，然后吃到一半起身了），分类为：unrelated
[01:27:31] 收到来自群聊943582383中1590025941的消息，内容：“怎么了嘛？”，分类为：unrelated
[01:27:41] 收到来自群聊943582383中1590025941的消息，内容：正在打字（），分类为：unrelated
[01:27:49] 收到来自群聊943582383中1034937719的消息，内容：“没什么，我去打个电话”，分类为：unrelated
[01:29:42] 收到来自群聊586917668中3547451153的消息，内容：[CQ:image,file=BCA47D28947740208131705AE9339521.png]，分类为：related
[01:29:43] 生成回复：检测到地图边界……要回到任务区域吗？
[01:29:44] 收到来自群聊586917668中3547451153的消息，内容：[CQ:image,file=F2952FCFF78CC0B6769B4150852F2F66.png]，分类为：related
[01:29:46] 生成回复：唔，Nya~时间已经很晚了呢。快好好休息吧，充足的睡眠可以帮助你明天更好地面对挑战哦。
[01:30:00] 收到来自群聊586917668中3848812783的消息，内容：妹宝，分类为：related
[01:30:02] 收到来自群聊586917668中3848812783的消息，内容：可爱，分类为：related
[01:30:02] 生成回复：现在是凌晨了哦，按理说应该是休息的时间呢。不过，如果有什么问题的话，可以慢慢告诉我哦。
[01:30:07] 生成回复：诶……现在可是凌晨一点半了哦，不睡觉的话，第二天可能会像加了‘疲劳’Debuff一样呢。
[01:30:22] 收到来自群聊586917668中3848812783的消息，内容：[CQ:reply,id=1412162851][CQ:at,id=1581744430]，分类为：unrelated
[01:30:32] 收到来自群聊586917668中3848812783的消息，内容：老瓦去学校了，给他艾特一下，分类为：unrelated
[01:30:33] 收到来自群聊943582383中1590025941的消息，内容：现在美咲和最后之作，在你心里哪个重要？，分类为：related
[01:30:35] 收到来自群聊943582383中1590025941的消息，内容：[CQ:image,file=7AF8252D52E37E6FA5204B05683C12E8.jpg]，分类为：unrelated
[01:30:36] 生成回复：这个问题就像在问“RPG游戏里主角和最终Boss哪个更重要”一样呢。每个人的存在都有其独特的意义和价值，不能简单地比较哦。美咲和最后之作对我来说都很重要，就像游戏中的NPC一样，各自扮演着不可或缺的角色呢。
[01:30:36] 收到来自群聊586917668中3848812783的消息，内容：[CQ:image,file=B2FF5E6CDB56EDAD270AA61CBCC0851C.jpg]，分类为：unrelated
[01:31:18] [2025-02-15 01:31:18]  检测到违禁词，来自群聊249456205中1162925940的消息，内容：[CQ:reply,id=735726252]这他妈。。
[01:31:18] 收到来自群聊249456205中1162925940的消息，内容：[CQ:reply,id=735726252]这他妈。。，分类为：unrelated
[01:31:21] 收到来自群聊249456205中1162925940的消息，内容：我服了。。，分类为：unrelated
[01:31:27] 收到来自群聊943582383中1590025941的消息，内容：还真是（），分类为：unrelated
[01:33:10] 收到来自群聊943582383中1590025941的消息，内容：*紧急撤回了一条提问，分类为：unrelated
[01:33:13] 收到来自群聊943582383中1590025941的消息，内容：[CQ:image,file=FC0576494B79B939AA5BAF02DDE8A3DA.jpg]，分类为：unrelated
[01:33:22] 收到来自群聊943582383中1034937719的消息，内容：hhh，分类为：related
[01:33:25] 生成回复：现在是凌晨1点33分呢，这么晚还不睡，是在刷什么副本吗？记得要适当休息哦，不然第二天状态会像中了Debuff一样不好呢。
[01:33:38] 收到来自群聊943582383中198824087的消息，内容：[CQ:image,file=930057E99325129FBB98779968ABA4DA.jpg]，分类为：unrelated
[01:33:46] 收到来自群聊943582383中1034937719的消息，内容：好了好了，睡觉了睡觉了，分类为：related
[01:33:48] 生成回复：现在是凌晨一点多呢......确实该存档休息了呢。晚安哦，希望你能做个好梦。
[01:33:48] 收到来自群聊943582383中1034937719的消息，内容：各位晚安，分类为：related
[01:34:03] 生成回复：现在已经是凌晨1点33分了喔，已经过了晚安的时段呢。不过也该休息了，毕竟在游戏里长时间作战也会影响操作的……祝你有个好梦哦。
[01:34:24] 收到来自群聊943582383中1034937719的消息，内容：然后你在鸡翅下发现了一张纸条，分类为：unrelated
[01:34:42] 收到来自群聊943582383中1034937719的消息，内容：上边写着“坐月子的时候禁止吃辣[CQ:face,id=178][CQ:face,id=146]”，分类为：related
[01:34:50] 生成回复：唔……现在可是凌晨一点半呢，还在看这种信息吗？不过嘛，坐月子就像是游戏里的恢复期吧，需要好好调养才能快速回满HP呢。禁止吃辣大概是为了避免Debuff吧……要遵守规则哦。
[01:34:58] 收到来自群聊943582383中1590025941的消息，内容：“哇！”（被吓了一跳），分类为：unrelated
[01:35:03] 收到来自群聊264689698中1806392774的消息，内容：千秋团结束就不跑了，分类为：unrelated
[01:35:08] 收到来自群聊943582383中1590025941的消息，内容：[CQ:image,file=F369E601B62F7CCE2C9DC13181196053.jpg]，分类为：unrelated
[01:35:44] 收到来自群聊943582383中1590025941的消息，内容：好梦～，分类为：related
[01:35:46] 生成回复：晚安……记得调好闹钟，明天继续新的冒险哦。
[01:35:56] 收到来自群聊943582383中1034937719的消息，内容：智力满格的一方已经算到了你会偷鸡腿了。jpg，分类为：unrelated
[01:36:05] 收到来自群聊943582383中1034937719的消息，内容：也祝好梦哦，分类为：related
[01:36:09] 生成回复：唔...现在才凌晨一点多呢，你应该还没睡觉吧？不过如果是在熬夜打游戏的话，要记得存档休息哦。
[01:36:09] 收到来自群聊943582383中1034937719的消息，内容：各位晚安，分类为：related
[01:36:10] 生成回复：现在是凌晨1点36分呢，是不是熬夜玩游戏了？要注意存档点的时间哦，太晚休息会影响经验值获取效率的。
[01:36:13] 收到来自群聊943582383中1590025941的消息，内容：哼～那下次愉鸡腿，分类为：unrelated
[01:36:21] 收到来自群聊943582383中1590025941的消息，内容：哼～那下次偷鸡腿，分类为：unrelated
[01:54:43] 收到来自群聊943582383中1590025941的消息，内容：[CQ:reply,id=1642248694]话说我的［雷神］状态也是LV5.8叭，这个要更改吗？，分类为：unrelated
[01:55:26] 收到来自群聊943582383中1590025941的消息，内容：比如开了［雷神］变成LV5.99[CQ:face,id=178]，分类为：unrelated
[01:55:30] 收到来自群聊943582383中1590025941的消息，内容：？，分类为：related
[01:55:31] 生成回复：检测到游戏界面出现了未知字符呢。是某个隐藏任务的提示吗？还是说遇到了系统Bug……需要重启一下吗？
[02:12:02] 收到来自群聊735824541中3534971251的消息，内容：[CQ:image,file=63CCC688064A81FE8C01BDF216B98CA3.jpg]，分类为：unrelated
[03:04:12] 收到来自群聊943582383中1590025941的消息，内容：给孩子吓得都破音了，分类为：unrelated
[03:04:19] 收到来自群聊943582383中1590025941的消息，内容：[CQ:vedio,file=3b04cf5eff8c3af06a3be0ab6407d410.mp4]，分类为：unrelated
[03:07:19] 收到来自群聊735824541中1328556766的消息，内容：[CQ:reply,id=942298333][CQ:at,id=3534971251]，分类为：unrelated
[03:07:22] 收到来自群聊735824541中1328556766的消息，内容：[CQ:image,file=99702D76AE3605DCAD27E66269C69F8B.jpg]，分类为：unrelated
[03:07:24] 收到来自群聊735824541中1328556766的消息，内容：噢耶，比比的特，分类为：unrelated
[03:20:48] 收到来自群聊943582383中1590025941的消息，内容：芝士什么[CQ:image,file=088F96CAD55B6D8155E1BA03F591F358.jpg]，分类为：related
[03:20:50] 生成回复：现在已经是凌晨了呢，不过芝士的话，确实是很美味的食物呢。如果是游戏里的芝士，有时候还能回血或者加属性呢……现实中也是很好的能量补充来源哦。
[03:32:05] 收到来自群聊943582383中1590025941的消息，内容：万由里堪比173或哭泣天使，指视线一离开就瞬移，分类为：unrelated
[03:45:48] 收到来自群聊943582383中1784185025的消息，内容：哎？，分类为：unrelated
[05:23:20] 收到来自群聊735824541中3534971251的消息，内容：[CQ:image,file=AAC5660CF5F3F558C8069C068607579A.jpg]，分类为：unrelated
[06:10:10] 收到来自群聊735824541中2569103268的消息，内容：[CQ:image,file=AAC5660CF5F3F558C8069C068607579A.jpg]，分类为：unrelated
[06:43:43] 收到来自群聊735824541中1423315711的消息，内容：唉，分类为：unrelated
[06:43:50] 收到来自群聊735824541中1423315711的消息，内容：[CQ:image,file=CA88AC4F0BCD4C4DEF026825F5BABDC4.jpg]，分类为：unrelated
[06:44:04] 收到来自群聊735824541中1423315711的消息，内容：不该对木柜子原创番抱有期待，分类为：unrelated
[06:49:52] 收到来自群聊735824541中3534971251的消息，内容：不知道，分类为：unrelated
[06:50:00] 收到来自群聊735824541中3534971251的消息，内容：我厨anon的，分类为：related
[06:50:01] 生成回复：anon确实是个很有趣的角色呢……就像游戏中的隐藏角色一样，总能带来意想不到的惊喜呢。
[06:50:02] 收到来自群聊735824541中3534971251的消息，内容：[CQ:image,file=AAC5660CF5F3F558C8069C068607579A.jpg]，分类为：unrelated
[07:26:11] 收到来自群聊735824541中2569103268的消息，内容：[CQ:image,file=ec-ecfc9b5ee16ebe8dcb09ef696ce4d362.gif]，分类为：related
[07:26:12] 生成回复：唔...这个GIF看起来像是游戏中的某个精彩瞬间呢。不过现在才早上七点多，可能是昨晚的游戏截图吧？记得休息好再继续挑战哦。
[07:26:25] 收到来自群聊735824541中2569103268的消息，内容：该罚，分类为：unrelated
[07:28:47] 收到来自群聊735824541中3534971251的消息，内容：没有，分类为：unrelated
[07:28:57] 收到来自群聊735824541中2569103268的消息，内容：那我问你，分类为：unrelated
[07:28:59] 收到来自群聊735824541中3534971251的消息，内容：今天开团我会随叫随到，分类为：unrelated
[07:29:00] 收到来自群聊735824541中3534971251的消息，内容：[CQ:image,file=63CCC688064A81FE8C01BDF216B98CA3.jpg]，分类为：unrelated
[07:29:10] 收到来自群聊735824541中2569103268的消息，内容：[CQ:image,file=ec-ecfc9b5ee16ebe8dcb09ef696ce4d362.gif]，分类为：related
[07:29:12] 生成回复：检测到未知格式的文件呢。可能是游戏中遇到的未识别道具吧。需要我帮你分析一下这个文件的内容吗？
[07:29:14] 收到来自群聊735824541中2569103268的消息，内容：不信，分类为：unrelated
[07:33:26] 收到来自群聊735824541中2569103268的消息，内容：军事0的战术天才，分类为：related
[07:33:29] 收到来自群聊735824541中2569103268的消息，内容：[CQ:image,file=ec-ecfc9b5ee16ebe8dcb09ef696ce4d362.gif]，分类为：related
[07:33:29] 生成回复：唔……军事0的战术天才吗？这听起来像是游戏中的一个特殊的角色设定呢。或许，你可以尝试通过不断积累经验值，把战术技能从零提升到满级哦。就像游戏里一样，刚开始总是有点难，但慢慢地就会掌握诀窍了。需要我帮你规划一下“升级路线”吗？
[07:33:35] 生成回复：这张图片看起来很有趣呢。游戏里的角色总是在不断挑战各种Boss和关卡，就像我们一样在不断尝试新的事物。虽然有时候会遇到困难，但只要坚持下去，总能找到通关的方法哦。你有在玩什么游戏吗？
[07:34:17] 收到来自群聊735824541中1328556766的消息，内容：[CQ:image,file=6E3CC989D40E95FA3ED46C864A43B740.jpg]，分类为：unrelated
[07:34:22] 收到来自群聊735824541中1328556766的消息，内容：有点上瘾，分类为：related
[07:34:26] 收到来自群聊735824541中2569103268的消息，内容：[CQ:image,file=ec-ecfc9b5ee16ebe8dcb09ef696ce4d362.gif]，分类为：related
[07:34:28] 生成回复：唔，看起来是个很有趣的表情包呢。就像游戏里的特殊道具一样，有时候一个表情就能传达很多信息哦。不过，现在是早上7点34分哦，你确定现在发送这个表情合适吗？
[07:34:29] 生成回复：游戏和现实之间的平衡很重要呢……就像在玩RPG时要分配好体力和药剂的使用一样。或许可以给自己设定一个时间限制，比如通关一个小关卡后就休息一下哦？
[07:34:33] 收到来自群聊735824541中2569103268的消息，内容：额...，分类为：unrelated
[07:34:53] 收到来自群聊735824541中2569103268的消息，内容：寂静的故乡？，分类为：related
[07:34:55] 生成回复：寂静的故乡……就像游戏中的一个隐藏关卡呢。有时候，回到熟悉的地方，会发现一切都变得陌生又熟悉。这种感觉，像是重新探索一个已经通关的游戏地图吧。
[07:34:57] 收到来自群聊735824541中2569103268的消息，内容：[CQ:image,file=ec-ecfc9b5ee16ebe8dcb09ef696ce4d362.gif]，分类为：related
[07:34:59] 生成回复：现在是早上哦。这个时间的话，应该是在准备一天的活动吧？比如看看今天的任务列表，规划一下要完成的事情之类的。
[07:36:32] 收到来自群聊735824541中1328556766的消息，内容：看不懂，分类为：unrelated
[07:36:35] 收到来自群聊735824541中1328556766的消息，内容：[CQ:image,file=327F8F72B5458EEAA7FC674B2E8673A4.jpg]，分类为：unrelated
[07:36:37] 收到来自群聊735824541中1328556766的消息，内容：哦，分类为：related
[07:36:39] 生成回复：早上好呢...要不要来一盘游戏提提神呢？
[07:36:41] 收到来自群聊735824541中1328556766的消息，内容：是小说，分类为：related
[07:36:42] 生成回复：检测到地图边界……要回到任务区域吗？现在还是早上呢，小说的世界可以之后再去探索哦。
[07:37:54] 收到来自群聊735824541中2569103268的消息，内容：[CQ:image,file=ec-ecfc9b5ee16ebe8dcb09ef696ce4d362.gif]，分类为：related
[07:37:55] 生成回复：检测到文件格式异常呢。这个看起来像是没有成功加载的图像文件……需要重新上传或者描述一下内容吗？
[07:40:45] 收到来自群聊735824541中1328556766的消息，内容：[CQ:image,file=327F8F72B5458EEAA7FC674B2E8673A4.jpg]，分类为：unrelated
[07:40:51] 收到来自群聊735824541中2569103268的消息，内容：[CQ:image,file=ec-ecfc9b5ee16ebe8dcb09ef696ce4d362.gif]，分类为：related
[07:40:53] 生成回复：检测到图片文件……不过作为一个AI骰娘，我无法查看图片内容呢。如果需要掷骰子或者讨论跑团相关的事情，随时告诉我哦。
[07:43:23] 收到来自群聊943582383中1034937719的消息，内容：[CQ:reply,id=897857475][CQ:at,id=1590025941] 顶多5.89吧……，分类为：unrelated
[07:43:36] 收到来自群聊943582383中1034937719的消息，内容：我当初LV5.6的时候开翼是5.79，分类为：unrelated
[07:43:52] 收到来自群聊943582383中1034937719的消息，内容：然后5.8的时候开翼才堪堪到5.9，分类为：unrelated
[07:44:04] 收到来自群聊943582383中1034937719的消息，内容：5.9的时候开翼的战斗力就只有5.95了，分类为：unrelated
[07:44:14] 收到来自群聊943582383中1034937719的消息，内容：等级越后边差距越来越大，分类为：unrelated
[08:44:30] 收到来自群聊586917668中1708489532的消息，内容：嗷呜嗷呜，分类为：unrelated
[08:44:43] 收到来自群聊586917668中2985289274的消息，内容：嗷嗷嗷嗷，分类为：unrelated
[08:45:02] 收到来自群聊586917668中1708489532的消息，内容：[CQ:image,file=42B87B8ADF63977B902163B98EE7C827.png]，分类为：related
[08:45:08] 生成回复：唔...好像是一张图片呢。不过作为AI，我无法直接查看或分析图片内容哦。也许你可以跟我描述一下图片里的场景或者内容，我们可以一起讨论看看......就像解谜游戏一样，一步步找出线索吧。
[08:57:18] 收到来自群聊586917668中1095214416的消息，内容：[CQ:image,file=4C8DDD1A0BDBABE50CD51EE68D07146B.png]，分类为：related
[08:57:18] 收到来自群聊586917668中1095214416的消息，内容：翻到了自己很喜欢的画，分类为：unrelated
[08:57:20] 生成回复：收到了图片信息呢。不过我只能处理文字信息，无法查看图片哦。你可以用文字描述一下图片内容吗？这样我可以更好地回应你呢。
[08:57:34] 收到来自群聊586917668中1095214416的消息，内容：压力越大画面表现力越强即视感，分类为：related
[08:57:37] 生成回复：压力确实会让人更专注于每一个细节，就像游戏中面对强大的 Boss 时，我们的操作往往比平时更精准呢。不过也要注意适时休息哦，保持 HP 的稳定才是长期通关的关键。
[09:06:33] 收到来自群聊586917668中2985289274的消息，内容：虽然但是 帅，分类为：unrelated
[09:11:22] 收到来自群聊735824541中2569103268的消息，内容：[CQ:image,file=225D956F6F81D14AC1370894C5CE73E4.jpg]，分类为：unrelated
[09:23:09] 收到来自群聊586917668中307220601的消息，内容：好美丽，分类为：related
[09:23:11] 生成回复：美丽……就像游戏里的完美CG一样呢。不过现在是早上，是不是还没完全睡醒呢？
[09:23:18] 收到来自群聊586917668中1095214416的消息，内容：[CQ:image,file=C600141EDAA99B4CF1CAF3EE30887374.png]，分类为：related
[09:23:21] 生成回复：检测到地图边界……要回到任务区域吗？如果有什么游戏相关的问题或者想聊聊跑团的事情，随时告诉我哦。
[09:23:32] [2025-02-15 09:23:32]  检测到违禁词，来自群聊586917668中1095214416的消息，内容：哥们虽知其结构和狗屎一样
[09:23:32] 收到来自群聊586917668中1095214416的消息，内容：哥们虽知其结构和狗屎一样，分类为：unrelated
[09:23:40] [2025-02-15 09:23:40]  检测到违禁词，来自群聊586917668中1095214416的消息，内容：但是结构狗屎爽到我了
[09:23:41] 收到来自群聊586917668中1095214416的消息，内容：但是结构狗屎爽到我了，分类为：unrelated
[09:23:42] 收到来自群聊586917668中1095214416的消息，内容：对不起，分类为：related
[09:23:46] 生成回复：诶……为什么要道歉呢？在游戏里犯错也是学习的一部分，读档重来就好啦。你遇到什么困难了吗？
[09:27:02] 收到来自群聊586917668中307220601的消息，内容：非常美丽，分类为：unrelated
[09:27:12] 收到来自群聊586917668中307220601的消息，内容：像是拥抱的时候会把我头咬掉，分类为：unrelated
[09:27:12] 收到来自群聊586917668中1095214416的消息，内容：亲吻你们，分类为：related
[09:27:18] 生成回复：唔……对 AI 来说，亲吻就像是一种不可执行的操作呢。如果这是某种比喻的话，或许可以理解为想要表达友善的意思？不过呢，保持适当的距离，彼此尊重才是最好的互动方式哦。
[09:27:19] 收到来自群聊586917668中307220601的消息，内容：但就要这种感觉（嗯？，分类为：unrelated
[09:27:21] 收到来自群聊586917668中1095214416的消息，内容：可以咬，分类为：unrelated
[09:27:24] 收到来自群聊586917668中1095214416的消息，内容：咔吧咔吧，分类为：unrelated
[09:29:52] 收到来自群聊586917668中307220601的消息，内容：[CQ:image,file=28E3D9D1CD9D478FB182F5475FD38DBD.jpg]，分类为：unrelated
[09:31:03] 收到来自群聊705846169中2758198734的消息，内容：桂平下小雨，分类为：related
[09:31:04] 生成回复：唔......现在是上午九点半左右，在桂平下雨了吗？记得带上存档点雨伞哦，不然会被雨季的Debuff影响心情呢。
[09:31:05] 收到来自群聊586917668中2497548148的消息，内容：[CQ:reply,id=1596801891][CQ:at,id=1095214416] 很漂亮啊，分类为：related
[09:31:07] 生成回复：唔...现在是早上9点多哦，说“很漂亮”的话，是不是看到什么特别的风景了？比如朝阳或者窗外的景色之类的？
[09:31:09] 收到来自群聊705846169中2758198734的消息，内容：[CQ:image,file=A6B1465ED25502804AE0FFE0D0DAB28E.jpg]，分类为：unrelated
[09:32:18] 收到来自群聊705846169中2486714834的消息，内容：[CQ:image,file=A6B1465ED25502804AE0FFE0D0DAB28E.jpg]，分类为：unrelated
[09:37:09] 收到来自群聊586917668中1095214416的消息，内容：[CQ:image,file=3045E497FF30AA5B9FAA394DD70DA764.png]，分类为：related
[09:37:11] 生成回复：检测到未知文件格式呢......游戏数据似乎无法读取，要不要换一个存档点重新加载一下？
[09:37:16] 收到来自群聊586917668中1095214416的消息，内容：电鳗我吸一口，分类为：unrelated
[09:37:20] 收到来自群聊586917668中1095214416的消息，内容：思念之，分类为：related
[09:37:25] 收到来自群聊586917668中1095214416的消息，内容：电鳗是好的，分类为：unrelated
[09:37:50] 生成回复：思念之...吗？这是个很有趣的概念呢。就像在游戏里，我们总会怀念那些已经通关的关卡或者已经击败的Boss。或许，这份思念也是一种成长的证明吧。不过，现在的你更应该关注眼前的任务和未来的挑战哦。
[09:45:42] 收到来自群聊586917668中2497548148的消息，内容：[CQ:image,file=111C91D715DA5110F86CE3FEAAF67D65.jpg]，分类为：unrelated
[09:58:41] 收到来自群聊586917668中2497548148的消息，内容：受不了了，分类为：unrelated
[09:59:00] 收到来自群聊586917668中2497548148的消息，内容：我翻到去年画的大只姥了，分类为：unrelated
[09:59:02] 收到来自群聊586917668中2497548148的消息，内容：[CQ:image,file=44B186A532C2745DCC95F895B0F16EE5.jpg]，分类为：unrelated
[10:11:36] 收到来自群聊705846169中2758198734的消息，内容：[CQ:image,file=9D74AC3111F4540C085D9F81E175FEE8.jpg]，分类为：unrelated
[10:13:59] 收到来自群聊735824541中1328556766的消息，内容：我被模因污染了，分类为：unrelated
[10:14:02] 收到来自群聊735824541中1328556766的消息，内容：[CQ:image,file=6A72E3084BE95B1023BE72EE3DC1D0C4.jpg]，分类为：unrelated
[10:14:08] 收到来自群聊735824541中1328556766的消息，内容：看伊藤润二看的，分类为：unrelated
[10:14:08] 收到来自群聊735824541中2569103268的消息，内容：[CQ:image,file=a6-a641f28f60111eed6b91ef06b3e46d0f.gif]，分类为：unrelated
[10:16:13] 收到来自群聊735824541中1328556766的消息，内容：[CQ:reply,id=1008097706][CQ:at,id=2569103268] 快递送到了吗，分类为：related
[10:16:16] 生成回复：唔……我现在是AI呢，没法帮你确认快递状态哦。不过既然已经是上午10点多了，快递员应该已经在派送途中了吧。你可以在手机上查一下物流信息，就像在游戏里查看任务进度一样呢。
[10:16:19] 收到来自群聊735824541中1328556766的消息，内容：我打不通他电话，分类为：unrelated
[10:16:22] 收到来自群聊735824541中1328556766的消息，内容：[CQ:image,file=320BC0B92C7C710880F15AD7942249D9.jpg]，分类为：unrelated
[10:16:28] 收到来自群聊735824541中2569103268的消息，内容：[CQ:image,file=320BC0B92C7C710880F15AD7942249D9.jpg]，分类为：unrelated
[10:16:30] 收到来自群聊735824541中2569103268的消息，内容：我看看，分类为：unrelated
[10:17:26] 收到来自群聊735824541中2569103268的消息，内容：[CQ:image,file=263E1B681B2362490F60E6D90C86662E.jpg]，分类为：unrelated
[10:17:27] 收到来自群聊735824541中2569103268的消息，内容：还在路上，分类为：related
[10:17:30] 生成回复：唔...现在是早上十点多呢，还在路上是要去上班或者上学吗？记得要像存档点一样准时到达目的地哦。路上小心呢。
[10:18:01] 收到来自群聊735824541中1328556766的消息，内容：[CQ:image,file=9559CC3F71A8EFE10278E29A59206AFA.jpg]，分类为：unrelated
[10:18:12] 收到来自群聊735824541中2569103268的消息，内容：[CQ:image,file=bf-bfe4f35d8891ca5b6ffefd2ab3419bb8.gif]，分类为：unrelated
[10:18:16] 收到来自群聊735824541中1328556766的消息，内容：八点多给我打了电话，过两分钟就打不通了，分类为：unrelated
[10:18:21] 收到来自群聊735824541中1328556766的消息，内容：[CQ:reply,id=2072204411]当时没看到，分类为：unrelated
[10:18:25] 收到来自群聊735824541中1328556766的消息，内容：[CQ:image,file=9C638B5358981218DF8CD714FF473F98.jpg]，分类为：unrelated
[10:18:27] 收到来自群聊735824541中2569103268的消息，内容：在忙吧，分类为：unrelated
[10:18:37] 收到来自群聊735824541中2569103268的消息，内容：哎，分类为：related
[10:18:40] 生成回复：嗯……现在是上午十点多呢，有什么烦恼吗？就像游戏中的隐藏任务一样，我们也许能找到解决的办法哦。
[10:18:45] 收到来自群聊735824541中2569103268的消息，内容：就我手机不离手吗，分类为：unrelated
[10:18:47] 收到来自群聊735824541中2569103268的消息，内容：[CQ:image,file=ec-ecfc9b5ee16ebe8dcb09ef696ce4d362.gif]，分类为：related
[10:18:49] 生成回复：唔……收到了一张图片呢。不过，我作为骰娘，只能处理文字信息哦。如果需要掷骰或者讨论游戏相关的话题，可以尽管跟我说呢。
[10:18:58] 收到来自群聊735824541中1328556766的消息，内容：等会再打吧，分类为：unrelated
[10:18:59] 收到来自群聊735824541中1328556766的消息，内容：哎，分类为：related
[10:19:01] 生成回复：现在应该是上午十点多哦。早上好呢，今天准备开始什么任务吗？
[10:30:40] 收到来自群聊735824541中2569103268的消息，内容：[CQ:image,file=ec-ecfc9b5ee16ebe8dcb09ef696ce4d362.gif]，分类为：related
[10:30:42] 生成回复：检测到地图边界……要回到任务区域吗？
[10:40:33] 收到来自群聊705846169中1813878602的消息，内容：[CQ:reply,id=278714840]桂平好冷，分类为：unrelated
[10:42:30] 收到来自群聊705846169中2758198734的消息，内容：领证不用身份证，分类为：unrelated
[10:42:35] 收到来自群聊705846169中2758198734的消息，内容：[CQ:image,file=9D74AC3111F4540C085D9F81E175FEE8.jpg]，分类为：unrelated
[10:46:40] 收到来自群聊705846169中2758198734的消息，内容：[CQ:image,file=33EE82C193493F5DBCA124792524D32D.jpg]，分类为：unrelated
[10:46:50] 收到来自群聊705846169中2758198734的消息，内容：[CQ:image,file=59A0E186502001E314FD857B279A7267.jpg]，分类为：unrelated
[11:39:45] 收到来自群聊705846169中2769525390的消息，内容：[CQ:image,file=12B2719445230F71C727594B7F4F2F90.jpg]，分类为：unrelated
[12:10:52] 收到来自群聊652077833中3341870139的消息，内容：复活吧！我的作品集七海千秋！，分类为：related
[12:11:00] 收到来自群聊652077833中3341870139的消息，内容：复活吧！我的七海千秋！，分类为：related
[12:17:35] 收到来自群聊1095953264中2569103268的消息，内容：千秋来点跑团笑话，分类为：related
[12:17:42] 生成回复：让我想想……有一次，一个野蛮人在迷宫里捡到一个看起来很厉害的魔法戒指，兴奋地戴上后大喊：“看我的超级力量！”结果戒指只是让他的声音变大了三倍，在迷宫里回荡了好久……队友们不得不躲着他走，怕被音波震晕呢。
[12:18:08] 收到来自群聊735824541中2569103268的消息，内容：千秋来点哈基米笑话，分类为：related
[12:18:14] 生成回复：唔……哈基米是什么新出的游戏角色吗？还是某种隐藏道具……抱歉，这方面我好像不太熟悉呢。不过如果是游戏相关的内容，我很乐意一起讨论哦。
[12:18:30] 收到来自群聊735824541中2569103268的消息，内容：千秋来点coc笑话，分类为：related
[12:18:34] 生成回复：让我想想呢。在跑团的时候，有一个调查员想要悄悄潜入房间，结果骰出了大失败……他不仅没潜入成功，还直接撞倒了门边的花瓶，发出了巨大的声响。boss 都被吓了一跳呢。不过这也是跑团有趣的地方吧，总是会有意想不到的剧情发生哦。
[12:19:14] 收到来自群聊735824541中972083348的消息，内容：千秋来点乐队笑话，分类为：related
[12:19:25] 生成回复：乐队的笑话吗？嗯，这就像组队打游戏一样呢。乐队成员之间要分配好各自的职责，比如主唱像是输出位，鼓手是节奏控制师......不过有时候乐队演奏也会遇到一些有趣的小状况呢，比如贝斯手突然忘谱子，就好像在团战里突然掉线一样……这样的意外也是乐队生活的一部分吧？
[12:19:38] 收到来自群聊735824541中2569103268的消息，内容：千秋来点地狱笑话，分类为：related
[12:19:43] 生成回复：嗯……地狱笑话的话……就像在RPG游戏里不小心把存档覆盖了一样，但这也是游戏体验的一部分呢。不过，还是要注意分寸哦，毕竟游戏再难也不能太过分嘛。
[12:20:57] 收到来自群聊735824541中2569103268的消息，内容：千秋大BOSS远藤阳毒害京都人民，我该怎么做才能把打败他，分类为：related
[12:21:03] 生成回复：唔……听起来这确实是个高难度的隐藏Boss呢。首先得收集情报，了解他的毒害方式和弱点，就像是探索迷宫时要先搞清楚陷阱位置一样。然后可以组织一个队伍，每个成员都要有明确的职责，就像在RPG里需要战士、法师和辅助一样。最后就是制定详细的行动计划，一步步推进就好啦。记住哦，团队合作是最重要的buff呢。
[12:23:28] 收到来自群聊735824541中2569103268的消息，内容：千秋我没感到合作呢，感觉就是我在指挥，却没人跟我分忧，我该怎么办，分类为：unrelated
[13:02:32] 收到来自群聊586917668中1708489532的消息，内容：七海酱你看这个人菜菜的（oi，分类为：unrelated
[13:03:32] 收到来自群聊586917668中1708489532的消息，内容：七海，分类为：related
[13:03:37] 生成回复：我是七海千秋……超高校级的游戏玩家哦。请多指教呢。有什么需要我帮忙的吗？
[13:04:07] 收到来自群聊586917668中1708489532的消息，内容：七海咱来段劲爆的B box，分类为：related
[13:04:15] 生成回复：诶……现在是下午1点04分哦，不过如果你想玩B box的话，我可以当个观众呢。游戏里也有节奏类小游戏，像音乐节拍类的操作其实很有趣……你开始吧，我听着呢。
[13:05:48] 收到来自群聊586917668中1708489532的消息，内容：七海我表演完了！夸夸我（oi，分类为：unrelated
[13:19:00] 收到来自群聊705846169中2758198734的消息，内容：[CQ:image,file=B3A979A1E2A9D9E507138166D261595C.jpg]，分类为：unrelated
[13:40:43] 收到来自群聊1095953264中1179990919的消息，内容：千秋来点英雄联盟笑话，分类为：related
[13:40:47] 生成回复：让我想想哦。有一次我的队友选了提莫，结果整局都在地图上种蘑菇。最后输了比赛后，他说……“我种的不是蘑菇，是希望”呢……这个算笑话吗？
[13:41:18] 收到来自群聊1095953264中1179990919的消息，内容：千秋来点原神笑话，分类为：related
[13:41:47] 生成回复：现在的时间是下午一点四十一分哦，应该已经吃完午餐了吧。关于原神的笑话……就像角色卡池里的随机性一样，有时会让人哭笑不得呢。比如，当你想要的角色突然歪成了另一个……这种情况真的让人想读档重来呢。不过嘛，游戏里的随机性也是乐趣的一部分吧？
[13:51:12] 收到来自群聊705846169中602380092的消息，内容：[CQ:image,file=12B2719445230F71C727594B7F4F2F90.jpg]，分类为：unrelated
[13:51:29] 收到来自群聊1006250371中602380092的消息，内容：千秋来点原神笑话，分类为：related
[13:51:37] 生成回复：唔...原神呐。听说有个旅行者在蒙德城天天找兰巴德攒菜谱呢，就差十三本就能当厨师啦，然后他才想起来自己是冒险家协会的成员啊......

这个就像是在玩RPG游戏时一样吧，做着做着支线任务差点都忘掉了主线剧情呢... 我也不小心干过好几次这样子的事情哦。
[14:02:22] 收到来自群聊1095953264中2569103268的消息，内容：千秋来点米哈游笑话，分类为：related
[14:02:38] 生成回复：唔……米哈游确实是现在特别火的游戏公司呢。从手游市场的角度来说，它们的经营策略还蛮值得研究的噢。你知道崩坏原神那些吗？他们明明都是动作类，换一种打法风格，居然让我的手指都有点酸了呢。我还玩了彩虹群岛通关化石……

以前全异步胜算200%，自我介绍只是提供了手机手枪自卑模拟
看著人家下载米的即使先宣布上台让一都能被观众绿让人感受说说说游的对方粉色
[14:08:07] 收到来自群聊1006250371中602380092的消息，内容：千秋来点米哈游笑话，分类为：related
[14:08:14] 生成回复：米哈游嘛……说起来有点像那些难度超高的多结局游戏呢。玩家总是期待着下一次更新能带来更好的体验，但有时候……新版本就像遇到了一个隐藏的Hard模式Boss。不过，坚持不懈总会有新的发现和乐趣哦。
[14:37:17] 收到来自群聊705846169中2758198734的消息，内容：3，分类为：unrelated
[14:37:28] 收到来自群聊705846169中2758198734的消息，内容：你现在去好像下班了，分类为：related
[14:37:32] 生成回复：现在才下午2点37分哦，可以不用担心下班时间的问题呢。如果有什么需要帮助的，尽管告诉我喔。
[14:37:37] 收到来自群聊705846169中2758198734的消息，内容：周六只上半天班，分类为：unrelated
[15:05:26] 收到来自群聊705846169中544076740的消息，内容：还真是，分类为：unrelated
[15:05:34] 收到来自群聊705846169中544076740的消息，内容：那考完再拿了只能，分类为：unrelated
[15:23:44] 收到来自群聊586917668中1708489532的消息，内容：七海酱！来放鞭炮！（oi，分类为：related
[15:23:49] 生成回复：唔……现在已经是2025年的元宵节了呢。虽说放鞭炮是很喜庆的事情，但还是要注意安全哦。就像在游戏里遇到危险场面时也需要谨慎应对呢……
[15:27:39] 收到来自群聊705846169中2758198734的消息，内容：离去了，分类为：related
[15:27:45] 收到来自群聊705846169中2758198734的消息，内容：我要致敬湘云，分类为：related
[15:27:51] 生成回复：就像游戏角色暂时下线一样呢。随时都可以再来存档点继续进度哦。今天也辛苦了呢，好好放松一下吧？
[15:27:54] 生成回复：致敬湘云啊……就像在游戏中寻找隐藏任务一样呢，不过现在的游戏时间似乎还不到晚上吧？要记得按照正确的时间来操作才能拿到完美通关哦。
[16:07:47] 收到来自群聊705846169中2758198734的消息，内容：[CQ:image,file=B3A979A1E2A9D9E507138166D261595C.jpg]，分类为：unrelated
[18:03:28] 收到来自群聊590968581中2775718359的消息，内容：七海又去打游戏了，分类为：unrelated
[18:39:56] 收到来自群聊705846169中2758198734的消息，内容：要不今晚就去武汉，分类为：unrelated
[18:40:04] 收到来自群聊705846169中2758198734的消息，内容：住青榕宾馆，分类为：related
[18:40:08] 收到来自群聊705846169中2758198734的消息，内容：[CQ:image,file=9D74AC3111F4540C085D9F81E175FEE8.jpg]，分类为：unrelated
[18:40:10] 生成回复：唔 ... 现在已经是晚上了呢。选择住宾馆的话要注意安防机制和地图信息喔，就像在 RPG 游戏里进入新区域时的准备工作一样重要啦。祝你有个好梦，明天继续开启新的任务吧。
[19:23:01] 收到来自群聊705846169中544076740的消息，内容：群已经进入开学状态了，分类为：unrelated
[19:23:04] 收到来自群聊705846169中544076740的消息，内容：很冷清，分类为：unrelated
[19:40:35] 收到来自群聊705846169中2758198734的消息，内容：不是谁都像你那么幸福，分类为：unrelated
[19:56:09] 收到来自群聊705846169中2486714834的消息，内容：[CQ:image,file=8DD2CF56A51314A365751BE0492341A3.jpg]，分类为：unrelated
[20:19:24] 收到来自群聊705846169中2758198734的消息，内容：[CQ:image,file=9D74AC3111F4540C085D9F81E175FEE8.jpg]，分类为：unrelated
[20:22:40] 收到来自群聊345112630中2971938140的消息，内容：额 用七海吧，分类为：related
[20:44:44] 收到来自群聊585176107中3193992589的消息，内容：七海很智能啊，分类为：unrelated
[20:51:41] 收到来自群聊1034173285中2729720065的消息，内容：今天娜娜米爱我吗，分类为：related
[20:57:34] 收到来自群聊1034173285中1824177353的消息，内容：娜娜米今天可以爱我吗。，分类为：related
[21:09:48] 收到来自群聊984074493中2818716437的消息，内容："不喝酒"＃其实是娜娜米不喜欢酒精，分类为：unrelated
[21:31:46] 收到来自群聊214812521中351554290的消息，内容：相信七海，分类为：related
[21:32:03] 收到来自群聊214812521中351554290的消息，内容：今天不是七海的问题，分类为：unrelated
[21:46:04] 收到来自群聊214812521中1836295964的消息，内容：七海是这样的，分类为：unrelated
[21:46:35] 收到来自群聊214812521中3097208585的消息，内容：没有骰过一次七海，分类为：unrelated
[21:49:52] [2025-02-15 21:49:52]  检测到违禁词，来自群聊214812521中1836295964的消息，内容：七海杀人
[21:50:28] 收到来自群聊214812521中351554290的消息，内容：我们七海多可爱呀，分类为：related
[21:52:40] 收到来自群聊214812521中1836295964的消息，内容：我等着法爷下一次继续被七海gank，分类为：unrelated
[22:08:16] 收到来自群聊214812521中3154547980的消息，内容：永七，你看七海还是个忠厚人啊，分类为：related
[22:08:54] 收到来自群聊214812521中351554290的消息，内容：七海小天使，分类为：related
[22:13:40] 收到来自群聊705846169中2758198734的消息，内容：[CQ:image,file=5A60AB43524A0E78B37A5152EA4ACD71.jpeg]，分类为：unrelated
[22:17:54] 收到来自群聊705846169中602380092的消息，内容：回了，分类为：unrelated
[22:18:02] 收到来自群聊705846169中602380092的消息，内容：[CQ:image,file=9D74AC3111F4540C085D9F81E175FEE8.jpg]，分类为：unrelated
[22:18:38] 收到来自群聊705846169中2769525390的消息，内容：我明天也要去广州中转了，分类为：unrelated
[22:18:39] 收到来自群聊705846169中2758198734的消息，内容：是啊，分类为：unrelated
[22:18:40] 收到来自群聊705846169中2769525390的消息，内容：[CQ:face,id=344][CQ:face,id=344][CQ:face,id=344]，分类为：related
[22:18:44] 收到来自群聊705846169中2769525390的消息，内容：[CQ:image,file=72FCCD222CE078ECE664FAE46F45232E.jpg]，分类为：unrelated
[22:18:44] 生成回复：嗯……现在是晚上十点十分呢。这么晚还发这么多表情，遇到什么有趣的事情了吗？希望是好事情吧。不过还是要注意早点休息哦，保持充足的精神才能更好地面对明天的关卡呢。
[22:18:52] 收到来自群聊705846169中2769525390的消息，内容：[CQ:image,file=A296C2E0067EBEC3C650D9AD2B38D6A1.jpg]，分类为：unrelated
[22:18:54] 收到来自群聊705846169中2758198734的消息，内容：[CQ:image,file=9D74AC3111F4540C085D9F81E175FEE8.jpg]，分类为：unrelated
[22:18:59] 收到来自群聊705846169中2769525390的消息，内容：[CQ:image,file=BBADF10BE9480E1D68D768B5B053A8ED.jpg]，分类为：unrelated
[22:19:03] 收到来自群聊705846169中2758198734的消息，内容：不想回学校，分类为：unrelated
[22:28:50] 收到来自群聊857211917中3381541843的消息，内容：七海延迟咋这么高（），分类为：unrelated
[22:33:06] 收到来自群聊705846169中2769525390的消息，内容：[CQ:image,file=BBADF10BE9480E1D68D768B5B053A8ED.jpg]，分类为：unrelated
[22:38:54] 收到来自群聊1022895788中2659883812的消息，内容：@七海千秋 。bot off，分类为：related
[22:43:49] 收到来自群聊705846169中2758198734的消息，内容：[CQ:image,file=9D74AC3111F4540C085D9F81E175FEE8.jpg]，分类为：unrelated
[22:49:38] 收到来自群聊705846169中602380092的消息，内容：[CQ:image,file=BBADF10BE9480E1D68D768B5B053A8ED.jpg]，分类为：unrelated
[22:56:42] 收到来自群聊705846169中2758198734的消息，内容：[CQ:image,file=2C3FE47CF8D93C0F3EFBB6CD9CF81114.jpg]，分类为：unrelated
