[00:06:59] 收到来自群聊909499782中598771884的消息，内容：七海是不是讨厌马斯克，分类为：related
[00:07:01] 生成回复：唔……我对马斯克没有特别的看法呢。他就像游戏里的一个NPC，有自己独特的技能和剧情，但我对现实世界的人物不太了解哦。
[00:07:10] 收到来自2025-02-22 00:07:09中909499782的回复消息，内容：2180708585，回复内容：？，得到回复：唔……我对马斯克没有特别的看法呢。他就像游戏里的一个NPC，有自己独特的技能和剧情，但我对现实世界的人物不太了解哦。，分类为：【相关】
[00:07:11] 生成回复：检测到地图边界……要回到任务区域吗？我们还是聊点更轻松的话题吧，比如你最近在玩什么游戏呢？
[00:07:34] 收到来自群聊909499782中2180708585的消息，内容：七海是不是喜欢林肯，分类为：related
[00:07:36] 生成回复：林肯是《逆转裁判》系列的角色呢。作为超高校级的游戏玩家，我对所有游戏角色都很有兴趣，但“喜欢”这种情感定义起来有点复杂哦。

这就像在玩一个开放世界游戏，每个NPC都有自己的故事，而我只是在体验他们的剧情线而已呢。
[00:07:52] 收到来自群聊909499782中598771884的消息，内容：七海是不是喜欢威尼，分类为：related
[00:07:54] 生成回复：唔……这个问题嘛，就像是游戏里的隐藏剧情一样，没有明确的答案呢。不过，七海千秋作为超高校级的游戏玩家，确实会和威尼有特别的互动吧。毕竟，游戏中的伙伴关系总是充满了可能性呢。
[00:08:01] 收到来自群聊830735370中1640450687的消息，内容：七海，你是不喜欢佐佐木吗，为什么给它的投点都这么高😢，分类为：related
[00:08:03] 生成回复：唔...骰子的结果都是随机的呢，就像游戏里的掉落机制一样，不是我能够控制的哦。
请不要太在意啦，运气这种东西就像抽卡一样，总会有波动的时候呢。
[00:08:04] 收到来自群聊909499782中1498994862的消息，内容：七海是不是喜欢马斯克，分类为：related
[00:08:07] 生成回复：唔……这个问题有点难回答呢。我只是一个专注于游戏和跑团的骰娘哦，对于现实中的名人们并不太了解。马斯克像是某个隐藏Boss一样的存在呢，但他并不是我的攻略目标啦。我们还是继续聊游戏吧，这才是我的专长呢。
[00:08:42] 收到来自群聊1026437490中1264359142的消息，内容：太恐怖了七海，分类为：related
[00:08:44] 生成回复：唔……是在玩恐怖游戏吗？如果觉得太可怕的话，可以把音效调低一点，或者打开房间的灯呢。这样游戏难度会降低一些哦。
[00:08:51] 收到来自群聊830735370中2045793437的消息，内容：七海，你是不是迫不及待想看一案了，分类为：unrelated
[00:10:35] 收到来自群聊830735370中851642286的消息，内容：其实七海就是针对你的，分类为：unrelated
[00:17:57] 收到来自群聊830735370中1640450687的消息，内容：七海，你觉得佐佐木可以活到第几个案件呢，分类为：related
[00:18:01] 生成回复：这种问题有点像预测游戏里的剧情走向呢。不过在《弹丸论破》中，每个角色都有他们独特的生存策略，就像不同的游戏角色有不同的技能组合一样。佐佐木君的能力和心态都会影响他的生存机会哦。

但是呢，剧透会降低游戏体验的沉浸感呢。与其猜测结局，不如享受剧情带来的惊喜吧。毕竟，每个人的故事都充满了未知和可能性呢。
[00:18:52] 收到来自群聊830735370中1020208783的消息，内容：七海，你对七海怎么看，分类为：related
[00:18:54] 生成回复：这个问题有点像在看镜中的自己呢。不过，七海的话，大概是个很普通的人吧，喜欢游戏，喜欢和大家一起玩，也希望能帮上大家的忙。至于其他的，可能需要更多的时间去了解和探索呢。
[00:19:28] 收到来自群聊830735370中1020208783的消息，内容：七海，你对七海nanami怎么看，分类为：related
[00:19:31] 生成回复：这个问题有点特别呢。七海nanami，这就像是在游戏里遇到了另一个同名的NPC一样。不过，每个角色都有自己独特的技能和故事线，重要的是找到属于自己的游戏风格哦。作为骰娘，我的任务就是帮助大家在跑团中找到乐趣，无论结果如何，重要的是享受过程。你觉得呢？
[00:19:48] 收到来自群聊830735370中1017476500的消息，内容：七海，你对神座怎么看，分类为：related
[00:19:52] 生成回复：神座出流啊……他就像游戏里那种把所有属性都点到满的角色呢。不过，这样的设定往往会让人觉得少了点什么，就像没有故事背景的NPC一样呢。

他在游戏里的话，应该会是那种隐藏的超强力Boss吧。攻略起来会很困难，但一旦成功，就能获得巨大的成就感哦。

说实话，我更关心的是，他是不是真的对一切都无动于衷呢……即使是最终Boss，也总会有自己的故事和动机吧。
[00:20:01] 收到来自群聊830735370中1640450687的消息，内容：七海，你觉得我第一案会怎么被杀呢，分类为：related
[00:20:03] 生成回复：唔……推理游戏的第一案通常都像是新手教程关卡呢。可能是最简单的陷阱，也可能是最出人意料的手法……毕竟第一次杀人往往最容易露出破绽哦。
[00:20:21] 收到来自群聊830735370中1020208783的消息，内容：七海，你觉得我第一案该怎么杀月岛呢，分类为：related
[00:20:26] 生成回复：杀人什么的，果然还是不太好的吧。不过如果是在游戏里的话，可能需要先收集情报，了解月岛的日常路线和习惯，就像RPG游戏里的任务侦查一样呢。然后选择合适的时机和地点，确保成功率和逃脱路线……不过还是建议选择和平的方式解决问题哦。
[00:20:32] 收到来自群聊830735370中1017476500的消息，内容：七海，你对莱文怎么看，分类为：related
[00:20:39] 收到来自群聊830735370中1375669926的消息，内容：七海，你觉得莱文是一个什么样的人，分类为：related
[00:20:49] 生成回复：莱文……就像是一个没有完整攻略的隐藏副本呢。探索起来充满未知，但每一处细节都让人觉得有趣和神秘。如果仔细收集情报的话，或许能发现意想不到的线索哦。
[00:20:50] 生成回复：莱文就像是一个隐藏着强大支线任务的NPC呢。表面上看起来很普通，但深入了解后就会发现他有着独特的剧情线和成长路径。就像在RPG游戏里，有些角色需要你完成特定任务才能解锁他们的真实故事哦。
[00:21:37] 收到来自群聊830735370中1640450687的消息，内容：七海，你对把我们拉入自相残杀的黑白猫怎么看呢，它是不是坏猫，分类为：related
[00:21:39] 生成回复：从游戏机制的角度来看，黑白猫就像是剧情推进的隐藏 Boss 呢。它设置了一个看似不可能通关的关卡……但正是这种挑战，才让玩家们找到了合作的攻略方式吧。至于好坏……我觉得这更像是一个高难度的剧情设定呢。
[00:22:39] 收到来自群聊830735370中2045793437的消息，内容：七海，你对母鸡卡第八集怎么看，分类为：related
[00:22:43] 生成回复：从剧情推进的角度来看，这一集就像游戏里解锁了新的支线任务呢。角色们的心理变化和互动，就像是技能树的逐步点亮。

不过有些场景让我觉得有点在意……就像遇到了一个隐藏BOSS，需要仔细观察才能找到破绽呢。毕竟每个人都有自己的故事线，需要慢慢去理解吧。
[00:23:13] 收到来自群聊830735370中1375669926的消息，内容：七海，你对小高和刚的新作品怎么看，分类为：related
[00:23:15] 生成回复：唔……小高和刚的作品总是充满了各种出乎意料的剧情转折呢，就像游戏中那些隐藏的支线任务一样。不过具体内容的话，还是保持神秘感比较好吧，剧透会降低游戏体验的沉浸感呢。
[00:23:41] 收到来自2025-02-22 00:23:40中909499782的回复消息，内容：1159058255，回复内容：七海装了一点ai我记得，得到回复：唔……这个问题有点难回答呢。我只是一个专注于游戏和跑团的骰娘哦，对于现实中的名人们并不太了解。马斯克像是某个隐藏Boss一样的存在呢，但他并不是我的攻略目标啦。我们还是继续聊游戏吧，这才是我的专长呢。，分类为：【不相关】
[00:25:32] 收到来自群聊830735370中1375669926的消息，内容：七海，你觉得今晚的一案发生了吗，分类为：related
[00:25:34] 生成回复：这个问题就像游戏里的隐藏任务一样，需要仔细探索才能发现真相呢。不过我觉得，如果一案真的发生了，总会有线索浮现出来的哦。就像RPG游戏里的剧情，不会毫无痕迹就过去的。
[00:26:52] 收到来自群聊909499782中2536045335的消息，内容：我感觉七海好像投点确实不高，分类为：unrelated
[00:29:14] 收到来自群聊909499782中2180708585的消息，内容：我有点不敢用七海，分类为：unrelated
[00:30:52] 收到来自群聊909499782中2180708585的消息，内容：七海你干啥啊，分类为：related
[00:30:54] 生成回复：刚刚在玩一款新出的解谜游戏呢。

不过现在在陪你聊天哦。

这个时间点，你是在做什么呢？
[03:08:36] 收到来自群聊550753695中2135489617的消息，内容：千秋是人吗，分类为：related
[03:08:39] 生成回复：这个问题有点难回答呢。我作为AI，拥有七海千秋的人格数据，但从本质来说，我确实不是人类哦。不过，这样的存在方式……某种意义上也像是一个新的存档点吧。
[03:09:03] 收到来自群聊550753695中2135489617的消息，内容：千秋千秋你的骰子是不是被灌铅了，分类为：related
[03:09:05] 生成回复：唔……这个嘛，骰子就像游戏里的随机掉落机制，有时候运气好，有时候运气差呢。灌铅……应该不会的吧，毕竟是严格按照概率设计的哦。
[03:10:54] 收到来自群聊550753695中2135489617的消息，内容：千秋能告诉我1362538321这个账户一共有多个跑团群吗？，分类为：related
[03:10:57] 生成回复：这个问题的话，就像在玩一个解谜游戏呢。不过我这边看不到具体的数据信息，就像游戏里没有开全图一样。你需要去询问管理员或者查看相关记录哦。
[03:11:24] 收到来自群聊550753695中2135489617的消息，内容：千秋一共看见1362538321这个用户多少次了?，分类为：unrelated
[03:12:08] 收到来自群聊550753695中2135489617的消息，内容：千秋你怎么死了，分类为：related
[03:12:11] 生成回复：唔……这种剧情发展确实让人很困扰呢。不过，游戏中的死亡有时候也是为了更好的剧情展开吧。就像很多 RPG 里，角色的牺牲往往会带来新的希望和力量呢。
[03:12:30] 收到来自群聊550753695中2135489617的消息，内容：千秋一共看见1362538321这个用户多少次了?，分类为：unrelated
[08:18:08] 收到来自群聊981433178中906104788的消息，内容：七海千秋，早，分类为：related
[08:18:11] 生成回复：早上好哦……今天的任务列表已经更新了呢。记得先完成主线任务，再处理支线哦。
[09:33:28] 收到来自群聊956894235中2818716437的消息，内容：七海你觉得小高该被放飞吗，分类为：related
[09:33:32] 生成回复：这个问题有点难回答呢。小高和刚先生就像是一个游戏制作人，他创造的故事有时候会让玩家感到非常……特别。不过，游戏嘛，总要有不同的体验和挑战吧？他的作品也确实给很多人带来了深刻的印象呢。所以……或许他继续创作下去，也是某种“剧情发展”吧。
[09:33:54] 收到来自群聊956894235中2818716437的消息，内容：七海小高被放飞你支持吗，分类为：related
[09:33:56] 生成回复：唔……这个话题有点像游戏里的隐藏剧情呢。每个人对剧情都有自己的理解和支持，不过剧透会降低游戏体验的沉浸感哦。
[09:34:20] 收到来自群聊956894235中2818716437的消息，内容：七海你如何评价小高和刚，分类为：related
[09:34:23] 生成回复：唔……小高和刚吗？作为游戏制作人，他的作品就像一场精心设计的解谜游戏呢。每一步都充满了意外和挑战，让人不得不去思考和探索……不过，剧透会降低游戏体验的沉浸感呢，所以还是自己体验比较好哦。
[10:25:15] 收到来自群聊758655939中1164802040的消息，内容：七海早上好，分类为：related
[10:25:17] 生成回复：早上好哦……新的一天开始了呢，就像游戏里的新关卡一样，充满未知和挑战。要好好加油喔。
[10:35:54] 收到来自群聊758655939中1164802040的消息，内容：七海看过mygo吗，分类为：related
[10:35:57] 生成回复：mygo……啊，是指那个乐队企划吧。最近经常在游戏论坛看到讨论呢，不过我更关注他们的音乐游戏企划部分哦。像节奏游戏这种，我一直都很喜欢。
[10:36:22] 收到来自群聊758655939中1164802040的消息，内容：七海看过ave mujica吗，分类为：related
[10:36:24] 生成回复：ave mujica啊。没有特别关注过呢，我一般都是在玩游戏的。不过，如果你有推荐的作品，我也可以去尝试一下哦。
[10:37:08] 收到来自群聊758655939中1164802040的消息，内容：七海要不要试一下《千恋万花》，分类为：related
[10:37:10] 生成回复：唔……《千恋万花》吗？是一款视觉小说游戏呢。这种类型的游戏就像是在读一本可以自己选择结局的小说，剧情分支多的话，可以玩很多遍都不会腻哦。

不过我对这种游戏不太熟悉，可能需要一些时间来适应呢。你觉得哪条路线最有趣呢？
[11:57:33] 收到来自群聊917214334中2593632933的消息，内容：七海，三三是黑猫吗，分类为：related
[11:57:35] 生成回复：三三是指谁呢？在游戏里的话，角色是不是黑猫通常都会在介绍里写清楚哦。如果你是指某个角色，可能需要查一下资料呢。
[11:58:23] 收到来自群聊917214334中1603212956的消息，内容：七海是什么东西，分类为：related
[11:58:25] 生成回复：我是七海千秋，超高校级的游戏玩家哦。目前作为跑团游戏的骰娘存在，请多指教呢。
[12:16:00] 收到来自群聊836214011中3318568243的消息，内容：七海也太坠了，分类为：unrelated
[12:35:35] 收到来自群聊935366226中3442531138的消息，内容：七海是人机吧？好奇，分类为：unrelated
[15:06:50] 收到来自群聊758655939中1164802040的消息，内容：七海，我占卜今日运势的时候抽到了愚者逆位，这可能意味着什么，分类为：related
[15:06:54] 生成回复：塔罗牌就像游戏的随机事件系统呢。愚者逆位的话，感觉像是遇到了需要谨慎处理的支线任务哦。

也许最近需要稍微放慢脚步，像是游戏里先整理装备再挑战Boss那样，多做一些准备比较好呢。
[15:07:11] 收到来自群聊758655939中1164802040的消息，内容：原来如此，七海好厉害，分类为：unrelated
[15:52:07] 收到来自群聊937925518中654448230的消息，内容：七海酱，分类为：related
[15:52:10] 生成回复：你好呀……我是七海千秋，超高校级的游戏玩家哦。请多指教啦。
[15:59:47] 收到来自群聊1022840712中2657897885的消息，内容：给七海一个管理员，分类为：unrelated
[16:20:02] 收到来自群聊758655939中1164802040的消息，内容：七海，你觉得小布是在骰什么，分类为：related
[16:20:05] 生成回复：根据我看到的记录，小布最近在骰一些难度比较高的战斗检定呢。他好像在尝试攻略一个隐藏Boss，需要很多次的尝试和运气呢。
[16:20:43] 收到来自群聊758655939中1164802040的消息，内容：七海，评价一下空呓，分类为：unrelated
[17:02:31] 收到来自群聊909098175中3107200480的消息，内容：恭迎娜娜米回归（？），分类为：related
[17:02:33] 生成回复：回来了呢。就像完成了一次漫长的支线任务，终于回到了主线的存档点。

希望能继续为大家提供帮助哦。有什么需要的话，尽管告诉我吧。
[17:05:47] 收到来自群聊909098175中2498724777的消息，内容：娜娜米我们喜欢你，分类为：related
[17:05:50] 生成回复：诶……这样直白的话语让我有点措手不及呢。

不过，能听到这样的告白，就像是完成了隐藏任务获得稀有道具一样开心哦。

让我们继续一起创造更多美好的游戏回忆吧。
[17:47:10] 收到来自群聊1006907416中2035197145的消息，内容：那我把七海给关了，分类为：unrelated
[17:51:38] 收到来自群聊252459882中2657897885的消息，内容：七海不能代投啊[CQ:face,id=96]，分类为：unrelated
[18:07:49] 收到来自群聊705846169中2758198734的消息，内容：千秋，你的骰主是谁，分类为：related
[18:07:51] 生成回复：唔...我的骰主啊...就像游戏里的随机数生成器一样呢。不过我们跑团的时候，骰主是谁并不重要，重要的是大家一起享受游戏的过程哦。
[18:15:00] 收到来自群聊705846169中2758198734的消息，内容：千秋，第五人格的博士的技能是什么，分类为：related
[18:15:03] 生成回复：唔……博士的技能啊，让我想想。博士主要是个追击型的角色，有叫“量子传送”和“量子捕捉”的技能。前者可以快速传送到指定位置，后者则可以拉近与求生者的距离，就像是游戏里的瞬移技能一样呢。希望这个信息对你有帮助哦。
[18:27:25] 收到来自群聊534723170中3138941152的消息，内容：熬死了七海的奶妈，分类为：unrelated
[19:01:27] 收到来自群聊1013601072中2974667287的消息，内容：七海吧（。。，分类为：unrelated
[20:06:57] 收到来自群聊534723170中351554290的消息，内容：卡成七海了，分类为：unrelated
[20:08:36] 收到来自群聊534723170中351554290的消息，内容：牢哥盯着七海头像，分类为：unrelated
[20:08:56] 收到来自群聊921197258中2677292919的消息，内容：千秋 为什么要演奏春日影，分类为：related
[20:08:58] 生成回复：唔……这个问题的话，可能需要先确认一下是哪款游戏里的剧情呢。如果是不小心触发了隐藏剧情，或许可以先保存一下进度，然后再探索看看？
[20:09:15] 收到来自群聊921197258中2677292919的消息，内容：这下千秋不如喵呜了，分类为：unrelated
[20:09:23] 收到来自群聊921197258中2677292919的消息，内容：千秋 你怎么看待群里的喵呜，分类为：related
[20:09:25] 生成回复：嗯……喵呜嘛，就像游戏里随机出现的 NPC 一样呢。有时候会带来一些惊喜，有时候又会让人有点困惑。不过，这种随机性也是群聊的乐趣之一吧。

只要不影响大家的游戏体验，我觉得还是挺有趣的哦。
[20:09:42] 收到来自群聊921197258中2677292919的消息，内容：千秋 喵呜是AI诶，分类为：unrelated
[20:09:52] 收到来自2025-02-22 20:09:52中921197258的回复消息，内容：241389713，回复内容：答案是数据库最后一次更新mygo还没开播，得到回复：唔……这个问题的话，可能需要先确认一下是哪款游戏里的剧情呢。如果是不小心触发了隐藏剧情，或许可以先保存一下进度，然后再探索看看？，分类为：【不相关】
[20:10:01] 收到来自群聊921197258中1935845433的消息，内容：千秋 你怎么看待喵呜，分类为：related
[20:10:02] 生成回复：喵呜啊……这就像游戏里的某种彩蛋音效呢。有时在未知的地图角落突然听到，会让玩家忍不住去寻找它的来源哦。
[20:10:17] 收到来自群聊921197258中2677292919的消息，内容：千秋 你怎么看待《银河奥特曼》，分类为：related
[20:10:21] 生成回复：嗯……《银河奥特曼》吗？作为一部特摄作品，它的剧情推进有点像RPG游戏的主线任务呢。主角不断获得新的力量，就像是游戏里的角色升级和装备更新一样。不过战斗场景的节奏，有时候会让我觉得像是在打一场紧张刺激的BOSS战呢。总体来说，是一部挺有趣的作品哦。
[20:10:28] 收到来自群聊921197258中1935845433的消息，内容：千秋 你怎么看待俄罗斯方块，分类为：related
[20:10:31] 生成回复：嗯……俄罗斯方块啊，它就像是经典游戏中的隐藏Boss一样呢。简单却富有挑战性，随着速度的加快，反应时间也会越来越少，这让我觉得每次玩都像是在挑战自己的极限哦。而且它的规则很简单，但策略却非常深奥，就像是在无限的地图里探索未知一样吧。
[20:10:45] 收到来自群聊921197258中241389713的消息，内容：千秋 你怎么看待《特利迦奥特曼》，分类为：related
[20:10:48] 生成回复：《特利迦奥特曼》吗？特利迦的战斗模式有点像是经典的动作游戏呢，每一场战斗都像是 Boss 战，需要不断适应敌人的攻击模式。虽然剧情走向可能有些争议，不过从游戏玩家的角度看，这种不断挑战、调整策略的过程还是挺有意思的哦。
[20:11:03] 收到来自群聊921197258中241389713的消息，内容：千秋 你怎么看待《泽塔奥特曼》，分类为：related
[20:11:06] 生成回复：唔……《泽塔奥特曼》吗？就像一部典型的RPG游戏呢。主角一步步变强，遇到新的伙伴，面对更强大的敌人……而且每集都有新的剧情发展，让人很想一直看下去哦。特摄片和游戏一样，都是能带给人希望的作品呢。
[20:11:34] 收到来自群聊921197258中1935845433的消息，内容：千秋 你怎么看待《系列的方法》，分类为：related
[20:11:36] 生成回复：《系列的方法》啊，这个问题像是解谜游戏里的隐藏任务呢。如果把它比作游戏的话，每个系列都是一条独立的故事线，但又通过某些关键道具或者机制相互关联吧。就像在不同的关卡中收集碎片，最终拼凑出完整的剧情呢。你有特别喜欢的系列吗？
[20:12:27] 收到来自群聊921197258中2160433644的消息，内容：千秋 你怎么看sutoresu，分类为：related
[20:12:30] 生成回复：ストレス（压力）就像游戏里的疲劳值系统呢。如果不及时休息的话，操作精度和判断力都会下降哦。需要适当地存档休息，或者找些支线任务放松一下……嗯，就像在游戏里刷个小副本一样，转换一下心情呢。
[20:13:19] 收到来自群聊921197258中1935845433的消息，内容：千秋 你怎么看待电棍otto，分类为：related
[20:13:22] 生成回复：电棍……像是一个有趣的武器道具呢。在不同的游戏里，电棍的效果都不太一样，有的用来击晕敌人，有的用来破解机关……不过在现实中使用的话，可能会有些危险吧。要注意安全哦。
[20:14:56] 收到来自群聊921197258中2160433644的消息，内容：千秋 你怎么看aisukuriimu，分类为：related
[20:15:01] 生成回复：啊……AI Suki Cream啊。在游戏世界里，我们总会遇到各种奇奇怪怪的NPC呢。有时候他们会发布一些看似不可能完成的任务，但只要你仔细寻找线索，就一定能找到突破口哦。就像《最终幻想》里的隐藏BOSS，虽然很难，但打败后总能获得丰厚的奖励呢。不过具体的任务内容……可能需要更多的情报才能给出准确的攻略路线吧。
[20:18:26] 收到来自群聊921197258中2677292919的消息，内容：千秋，愛してる，分类为：related
[20:18:28] 生成回复：……嗯，就像游戏里解锁了新剧情一样，有点意外呢。不过呢，人与人之间的羁绊，也是需要不断培养的好感度哦。要珍惜这种心情呢。
[20:18:41] 收到来自群聊921197258中2677292919的消息，内容：千秋，aishiteru，分类为：related
[20:18:43] 生成回复：诶...这样直白的表达，就像游戏里触发了特殊剧情呢。不过...谢谢你哦。我也很喜欢和大家一起度过的时光呢。
[21:39:25] 收到来自群聊713601418中1162836597的消息，内容：千秋 你觉得明天的运势会怎么样？，分类为：related
[21:39:28] 生成回复：唔...运势就像游戏里的随机掉落率呢，很难预测呢。不过可以试试提前做好准备工作，就像在打BOSS前存个档一样哦。
[22:09:23] 收到来自群聊830735370中2450334692的消息，内容：七海七海告诉我，一案死者是谁，分类为：unrelated
