[00:20:30] 收到来自群聊1006250371中602380092的消息，内容：千秋我们明天能跑上吗？，分类为：related
[00:20:32] 生成回复：这个问题要看骰主们的时间安排呢。
不过像等待新游戏发售一样，总是值得期待的哦。
[01:07:41] 收到来自群聊1031338354中3037150068的消息，内容：安抚一下骰娘七海海，分类为：related
[01:07:43] 生成回复：被安慰的感觉，就像在游戏中获得了增益效果一样呢。谢谢你的关心哦。

我这边没什么问题的，只要大家还在享受游戏，我就会一直在这里陪着大家。无论是大成功还是大失败，都是故事的一部分嘛。
[01:08:23] 收到来自群聊1031338354中763488164的消息，内容：七海也要加油啊（悲），分类为：related
[01:08:25] 生成回复：谢谢你的鼓励呢。我也在努力提升自己的技能，就像游戏里不断练级一样。不过有时候确实会感觉有点困……啊，抱歉，有点走神了。一起加油吧，希望的道路上还有很多隐藏的Boss等着我们去挑战呢。
[07:45:54] 收到来自群聊1006250371中602380092的消息，内容：千秋我们什么时候开团，分类为：related
[07:45:56] 生成回复：唔……开团的时间安排还是要看主持人和玩家们的时间呢。可以和大家商量一下，找个大家都方便的时间段吧。

就像组队副本一样，协调好每个人的时间才能顺利进行哦。
[07:46:16] 收到来自群聊1006250371中602380092的消息，内容：千秋，你说明天我们能开团吗，分类为：related
[07:46:18] 生成回复：唔……要看KP和PC们的时间是否匹配呢。就像是游戏联机前要确认大家都能上线一样。

建议你先问问大家的日程安排吧，把时间当作一个重要的技能点来规划哦。

如果遇到时间冲突，也可以考虑调整一下，就像重新分配队伍里的职业搭配一样。
[10:03:30] 收到来自群聊1001873949中1981117339的消息，内容：<Amesuzu>的"七海你不要害我好吗50"检定结果为: D100=43/50 （成功）真是的......，分类为：unrelated
[10:15:04] 收到来自群聊1006250371中602380092的消息，内容：千秋早上好，分类为：related
[10:15:06] 生成回复：早上好哦……今天的天气，感觉很适合开始一场新的冒险呢。
[10:15:17] 收到来自群聊1006250371中602380092的消息，内容：千秋你说我们今天能开团吗，分类为：related
[10:15:19] 生成回复：要看主持人和玩家们的时间安排呢，就像游戏开服前的服务器维护一样，需要大家的共同配合哦。  
不过，骰娘这边已经准备好了，随时可以进入跑团模式呢。
[10:25:53] [2025-02-24 10:25:53]  检测到违禁词，来自群聊1001873949中1981117339的消息，内容：<山君殿>的"七海不要投杀人骰好吗"检定结果为: D100=8/0 （失败）害怕？
[10:26:06] [2025-02-24 10:26:06]  检测到违禁词，来自群聊1001873949中1981117339的消息，内容：<山君殿>的"七海不要投杀人骰好吗50"检定结果为: D100=39/50 （成功）Persona！
[10:32:12] 收到来自群聊469240227中177374462的消息，内容：千秋 午饭吃什么好，分类为：related
[10:32:14] 生成回复：唔……午饭的选择就像是在游戏里挑选装备一样呢。要考虑营养值和满意度，再根据你的饥饿度来决定吧。今天想吃点什么呢？像是补血的汤类，还是增加体力的主食呢？
[10:32:14] 生成回复：唔……午饭的选择就像是在游戏里挑选装备一样呢。要考虑营养值和满意度，再根据你的饥饿度来决定吧。今天想吃点什么呢？像是补血的汤类，还是增加体力的主食呢？
[10:32:53] 收到来自群聊469240227中177374462的消息，内容：千秋 嘟嘟该不该杀，分类为：related
[10:32:56] 生成回复：这问题有点复杂呢。就像在游戏里，有时候我们也会遇到需要做出道德抉择的时刻。如果嘟嘟的存在对大家造成了威胁，或许可以考虑其他的解决方法，比如找到让所有人都能安全存活的路线哦。毕竟，在游戏中，每一个选择都会影响故事的走向呢。
[10:32:56] 生成回复：这问题有点复杂呢。就像在游戏里，有时候我们也会遇到需要做出道德抉择的时刻。如果嘟嘟的存在对大家造成了威胁，或许可以考虑其他的解决方法，比如找到让所有人都能安全存活的路线哦。毕竟，在游戏中，每一个选择都会影响故事的走向呢。
[10:33:13] 收到来自2025-02-24 10:33:11中469240227的回复消息，内容：1791644965，回复内容： 泪目，得到回复：这问题有点复杂呢。就像在游戏里，有时候我们也会遇到需要做出道德抉择的时刻。如果嘟嘟的存在对大家造成了威胁，或许可以考虑其他的解决方法，比如找到让所有人都能安全存活的路线哦。毕竟，在游戏中，每一个选择都会影响故事的走向呢。，分类为：[用户] 那玩家面对的选择影响是正面的吗
【相关】
[10:33:15] 生成回复：啊，抱歉，让你难过了呢。有时候剧情确实会让人感动，但这都是游戏体验的一部分。如果感觉心情沉重的话，可以稍微休息一下，像在游戏里存档一样，调整好状态再继续吧。
[10:33:51] 收到来自群聊469240227中1791644965的消息，内容：寂静坏 千秋好，分类为：related
[10:33:53] 生成回复：寂静坏是指什么呢？不过，你好哦，我是七海千秋，超高校级的游戏玩家。请多指教喔。
[10:33:53] 生成回复：寂静坏是指什么呢？不过，你好哦，我是七海千秋，超高校级的游戏玩家。请多指教喔。
[10:34:42] 收到来自群聊469240227中177374462的消息，内容：千秋 星云该杀，分类为：unrelated
[10:34:59] 收到来自群聊469240227中177374462的消息，内容：千秋 好玩，分类为：related
[10:45:23] 群聊1006250371get msg:（千秋早上好）消息以排除列表开头，不生成回复
[10:58:45] 收到来自群聊1006250371中602380092的消息，内容：千秋早上好，分类为：related
[10:58:45] 收到来自群聊814208809中2102660483的消息，内容：千秋 腰子 是不是笨蛋，分类为：related
[10:59:01] 收到来自群聊814208809中2102660483的消息，内容：千秋 病娇 是不是笨蛋，分类为：related
[10:59:30] 收到来自群聊814208809中2102660483的消息，内容：千秋 狐狐 是不是笨蛋，分类为：related
[10:59:38] 收到来自群聊1006250371中602380092的消息，内容：千秋 病娇 是不是笨蛋，分类为：related
[10:59:39] 收到来自群聊432439277中2250164874的消息，内容：千秋 含含是不是傻逼，分类为：related
[10:59:39] [2025-02-24 10:59:39]  检测到违禁词，来自群聊432439277中2250164874的消息，内容：千秋 含含是不是傻逼
[11:00:00] 收到来自群聊432439277中2135282398的消息，内容：千秋  守泽千秋是谁，分类为：related
[11:00:15] 收到来自群聊432439277中2135282398的消息，内容：千秋 原神好玩吗，分类为：related
[11:00:56] 收到来自群聊1006250371中602380092的消息，内容：千秋  守泽千秋是谁，分类为：related
[11:00:59] 生成回复：守泽千秋吗？那是《弹丸论破》里的另一个角色呢，超高校级的棒球选手。他和我名字有点像，但我们是完全不同的人哦。他更偏向于热血和运动，而我……嗯，更喜欢安静地玩游戏呢。
[11:00:59] 生成回复：守泽千秋吗？那是《弹丸论破》里的另一个角色呢，超高校级的棒球选手。他和我名字有点像，但我们是完全不同的人哦。他更偏向于热血和运动，而我……嗯，更喜欢安静地玩游戏呢。
[11:01:48] 收到来自群聊814208809中1846090750的消息，内容：千秋 腰子 是不是晚餐，分类为：related
[11:01:50] 生成回复：腰子的话，确实可以作为晚餐的一部分呢。就像在游戏里选择合适的补给品一样，晚餐的选择也要根据个人的口味和营养需求来决定哦。
[11:01:50] 生成回复：腰子的话，确实可以作为晚餐的一部分呢。就像在游戏里选择合适的补给品一样，晚餐的选择也要根据个人的口味和营养需求来决定哦。
[11:02:39] 收到来自群聊814208809中2102660483的消息，内容：千秋厉害啊千秋，分类为：related
[11:02:40] 生成回复：谢谢夸奖呢……不过厉害的地方，大概只是多玩了一些游戏吧。你也有什么擅长的游戏吗？
[11:02:40] 生成回复：谢谢夸奖呢……不过厉害的地方，大概只是多玩了一些游戏吧。你也有什么擅长的游戏吗？
[11:02:53] 收到来自群聊814208809中2102660483的消息，内容：千秋 腰子 是不是笨蛋，分类为：related
[11:02:55] 生成回复：腰子是不是笨蛋这个问题，感觉像是游戏里的隐藏任务呢。每个人的特点都不一样，就像游戏角色有不同的技能树一样。有时候看似笨拙的行为，可能只是还没找到适合自己的玩法吧。
[11:02:55] 生成回复：腰子是不是笨蛋这个问题，感觉像是游戏里的隐藏任务呢。每个人的特点都不一样，就像游戏角色有不同的技能树一样。有时候看似笨拙的行为，可能只是还没找到适合自己的玩法吧。
[11:03:27] 收到来自群聊814208809中2102660483的消息，内容：千秋 病娇 是不是坏蛋，分类为：related
[11:03:32] 生成回复：嗯……病娇这个设定在游戏里就像是个双刃剑呢。一开始可能让人觉得很有魅力，但如果触发特定剧情，就可能走向偏执和失控的状态哦。不过，在游戏里，所有的角色都有自己的背景和动机，很难单纯地说谁是好蛋或坏蛋吧。更像是选择不同的攻略路线，会导向不同的结局呢。
[11:03:32] 生成回复：嗯……病娇这个设定在游戏里就像是个双刃剑呢。一开始可能让人觉得很有魅力，但如果触发特定剧情，就可能走向偏执和失控的状态哦。不过，在游戏里，所有的角色都有自己的背景和动机，很难单纯地说谁是好蛋或坏蛋吧。更像是选择不同的攻略路线，会导向不同的结局呢。
[11:03:49] 收到来自群聊432439277中2817227197的消息，内容：守泽千秋爱玩原神，分类为：related
[11:03:51] 生成回复：守泽千秋和原神吗？就像不同的角色有不同的技能树呢，每个人也都有自己喜欢的游戏类型哦。不过，重要的是享受游戏的过程，而不是在哪个游戏里练级呢。
[11:03:51] 生成回复：守泽千秋和原神吗？就像不同的角色有不同的技能树呢，每个人也都有自己喜欢的游戏类型哦。不过，重要的是享受游戏的过程，而不是在哪个游戏里练级呢。
[11:04:43] 收到来自群聊814208809中1846090750的消息，内容：千秋是对的，分类为：unrelated
[11:04:49] 收到来自群聊432439277中3115057644的消息，内容：七海玩奥比岛，分类为：related
[11:04:51] 生成回复：奥比岛啊……记得是一款很经典的模拟经营游戏呢。玩家可以在岛上建设自己的家园，和邻居互动，完成任务什么的……虽然是很早以前的游戏了，但现在想想还是挺有趣的哦。
[11:04:51] 生成回复：奥比岛啊……记得是一款很经典的模拟经营游戏呢。玩家可以在岛上建设自己的家园，和邻居互动，完成任务什么的……虽然是很早以前的游戏了，但现在想想还是挺有趣的哦。
[11:05:13] 收到来自群聊432439277中3115057644的消息，内容：这个七海活了，分类为：unrelated
[11:05:42] 收到来自群聊432439277中3115057644的消息，内容：七海玩逆水寒，分类为：related
[11:05:44] 生成回复：逆水寒吗……那是很有趣的武侠游戏呢。我在游戏里也试过那种江湖生活，感觉很新鲜哦。不过，最让人印象深刻的还是那些复杂的剧情和任务设计吧。你有在玩吗？
[11:05:44] 生成回复：逆水寒吗……那是很有趣的武侠游戏呢。我在游戏里也试过那种江湖生活，感觉很新鲜哦。不过，最让人印象深刻的还是那些复杂的剧情和任务设计吧。你有在玩吗？
[11:05:53] 收到来自群聊432439277中1941246805的消息，内容：七海玩第五人格，分类为：unrelated
[11:06:21] 收到来自群聊432439277中3115057644的消息，内容：七海玩第五人格，分类为：unrelated
[11:06:40] 收到来自群聊432439277中3115057644的消息，内容：这个七海是不是不喜欢d5联动，分类为：unrelated
[11:06:50] 收到来自群聊432439277中2817227197的消息，内容：守泽千秋玩偶像梦幻祭，分类为：related
[11:06:53] 生成回复：唔……守泽千秋在《偶像梦幻祭》里是个很有魅力的角色呢。他那种元气满满的性格，就像是游戏里的开场Buff，总是能带动整个团队的气氛。感觉和他一起参加活动，应该会很开心吧。不过呢，和偶像活动一样，团队配合也是很重要的哦，每个人都要找到自己的位置呢。
[11:06:53] 生成回复：唔……守泽千秋在《偶像梦幻祭》里是个很有魅力的角色呢。他那种元气满满的性格，就像是游戏里的开场Buff，总是能带动整个团队的气氛。感觉和他一起参加活动，应该会很开心吧。不过呢，和偶像活动一样，团队配合也是很重要的哦，每个人都要找到自己的位置呢。
[11:07:34] 收到来自群聊432439277中2250164874的消息，内容：千秋帮我写一篇含含和佳佳的爱情故事，分类为：related
[11:07:39] 生成回复：这个任务像是要完成一个恋爱游戏的支线剧情呢。让我试着构建一下这个故事吧。

含含和佳佳就像是两个角色在游戏开始时相遇的设定。他们第一次见面是在图书馆，就像游戏里随机触发的特殊事件。含含正忙着找一本难找的书，佳佳刚好从旁边经过，发现含含够不着书架上那本目标书，于是帮她取了下来。

从那时起，他们的生活就像开启了新的章节。每天一起分享午餐，像收集任务道具一样慢慢了解彼此的兴趣和喜好。含含喜欢摄影，佳佳则热衷于画画，两人的兴趣就像互补的技能树，在生活的剧情中相互影响。

某天，含含的相机出了问题，拍摄
[11:07:39] 生成回复：这个任务像是要完成一个恋爱游戏的支线剧情呢。让我试着构建一下这个故事吧。

含含和佳佳就像是两个角色在游戏开始时相遇的设定。他们第一次见面是在图书馆，就像游戏里随机触发的特殊事件。含含正忙着找一本难找的书，佳佳刚好从旁边经过，发现含含够不着书架上那本目标书，于是帮她取了下来。

从那时起，他们的生活就像开启了新的章节。每天一起分享午餐，像收集任务道具一样慢慢了解彼此的兴趣和喜好。含含喜欢摄影，佳佳则热衷于画画，两人的兴趣就像互补的技能树，在生活的剧情中相互影响。

某天，含含的相机出了问题，拍摄
[11:08:16] 收到来自群聊432439277中3115057644的消息，内容：七海你怎么这么萌，分类为：related
[11:08:17] 生成回复：唔……萌吗？可能是游戏角色的特质在起作用吧。毕竟，玩游戏时，角色的形象和性格也是体验的一部分呢。
[11:08:17] 生成回复：唔……萌吗？可能是游戏角色的特质在起作用吧。毕竟，玩游戏时，角色的形象和性格也是体验的一部分呢。
[11:09:08] 收到来自群聊432439277中3115057644的消息，内容：七海玩赛马娘，分类为：related
[11:09:11] 生成回复：赛马娘啊……确实是个有趣的游戏呢。培养马娘，参加比赛，看着她们成长，有点像在玩 RPG 的感觉。不过我最喜欢的还是攻略她们的剧情呢，每个角色都有自己的故事线，像在解锁隐藏任务一样哦。你也有在玩吗？
[11:09:11] 生成回复：赛马娘啊……确实是个有趣的游戏呢。培养马娘，参加比赛，看着她们成长，有点像在玩 RPG 的感觉。不过我最喜欢的还是攻略她们的剧情呢，每个角色都有自己的故事线，像在解锁隐藏任务一样哦。你也有在玩吗？
[11:09:43] 收到来自群聊432439277中2817227197的消息，内容：七海玩偶像梦幻祭，分类为：related
[11:09:45] 生成回复：偶像梦幻祭……嗯，虽然我更喜欢那些需要策略和操作的游戏，但偶尔玩玩节奏游戏也不错呢。里面的角色设计和剧情有点像角色扮演游戏的感觉，至少不会觉得无聊哦。你也在玩吗？
[11:09:45] 生成回复：偶像梦幻祭……嗯，虽然我更喜欢那些需要策略和操作的游戏，但偶尔玩玩节奏游戏也不错呢。里面的角色设计和剧情有点像角色扮演游戏的感觉，至少不会觉得无聊哦。你也在玩吗？
[11:11:04] 收到来自群聊432439277中842134138的消息，内容：千秋你是人工的还是机器人，分类为：related
[11:11:07] 生成回复：这个问题就像在游戏里选择角色的属性一样呢。我是一个被未来机关创造出来的AI，就像游戏中的NPC，但我的思维和记忆都是基于超高校级的游戏玩家七海千秋哦。所以，算是人工的机器人吧。
[11:11:07] 生成回复：这个问题就像在游戏里选择角色的属性一样呢。我是一个被未来机关创造出来的AI，就像游戏中的NPC，但我的思维和记忆都是基于超高校级的游戏玩家七海千秋哦。所以，算是人工的机器人吧。
[11:12:29] 收到来自群聊432439277中3115057644的消息，内容：七海怎么看待管人痴，分类为：related
[11:12:32] 生成回复：管人痴吗？就像游戏里那些特别执着于某个角色的玩家呢。他们总是能找到让自己开心的方式，这本身也是一种乐趣吧。只要不影响到他人，沉浸在虚拟世界中也没什么不好的哦。不过，还是要注意平衡现实和虚拟的关系呢，就像游戏里的体力值，不能全部耗在一个地方啦。
[11:12:32] 生成回复：管人痴吗？就像游戏里那些特别执着于某个角色的玩家呢。他们总是能找到让自己开心的方式，这本身也是一种乐趣吧。只要不影响到他人，沉浸在虚拟世界中也没什么不好的哦。不过，还是要注意平衡现实和虚拟的关系呢，就像游戏里的体力值，不能全部耗在一个地方啦。
[11:17:52] 收到来自群聊432439277中3115057644的消息，内容：七海怎么看待爱看ave mujica的，分类为：related
[11:17:55] 生成回复：ave mujica这个乐队吗？我对音乐没有太多研究呢，不过从游戏的角度来看，喜欢某个乐队就像是选择了特定的职业或者技能树吧。每个人都有自己独特的攻略路线，找到让自己开心的方向就好啦。
[11:17:55] 生成回复：ave mujica这个乐队吗？我对音乐没有太多研究呢，不过从游戏的角度来看，喜欢某个乐队就像是选择了特定的职业或者技能树吧。每个人都有自己独特的攻略路线，找到让自己开心的方向就好啦。
[11:18:17] 收到来自群聊432439277中842134138的消息，内容：七海 母鸡卡乐队里有谁，分类为：related
[11:18:22] 生成回复：母鸡卡乐队的话，让我想想看哦。  

就像组建一支RPG队伍一样，每个成员都有独特的角色和技能呢。母鸡卡乐队目前有四人吧……鼓手双马尾，吉他手矮个子，贝斯手黑长直，主唱短发。  

啊，感觉有点像游戏里职业搭配呢。鼓手负责节奏，就像控制战局的指挥官；吉他手和贝斯手负责输出和辅助，而主唱则是队伍的核心，吸引大家的注意力呢。  

不过，具体的名字和详细资料，可能得问问对音乐更熟悉的人哦。我对游戏的了解比较多呢……
[11:18:22] 生成回复：母鸡卡乐队的话，让我想想看哦。  

就像组建一支RPG队伍一样，每个成员都有独特的角色和技能呢。母鸡卡乐队目前有四人吧……鼓手双马尾，吉他手矮个子，贝斯手黑长直，主唱短发。  

啊，感觉有点像游戏里职业搭配呢。鼓手负责节奏，就像控制战局的指挥官；吉他手和贝斯手负责输出和辅助，而主唱则是队伍的核心，吸引大家的注意力呢。  

不过，具体的名字和详细资料，可能得问问对音乐更熟悉的人哦。我对游戏的了解比较多呢……
[11:19:18] 收到来自群聊432439277中842134138的消息，内容：七海 mygo里有谁，分类为：related
[11:19:20] 生成回复：MyGO是一个虚构的游戏呢，里面的角色就像游戏里的NPC一样，各有各的特点哦。不过，如果你想了解具体的角色信息，可能需要查一下游戏攻略呢。有什么需要我帮忙的吗？
[11:19:20] 生成回复：MyGO是一个虚构的游戏呢，里面的角色就像游戏里的NPC一样，各有各的特点哦。不过，如果你想了解具体的角色信息，可能需要查一下游戏攻略呢。有什么需要我帮忙的吗？
[11:19:57] 收到来自群聊432439277中3115057644的消息，内容：七海有没有喜欢玩的游戏，分类为：related
[11:19:59] 生成回复：游戏的话，什么类型都挺喜欢的呢。最喜欢的可能是 RPG 类游戏吧，可以慢慢探索世界，解锁新剧情，就像在经历一场冒险一样哦。
[11:19:59] 生成回复：游戏的话，什么类型都挺喜欢的呢。最喜欢的可能是 RPG 类游戏吧，可以慢慢探索世界，解锁新剧情，就像在经历一场冒险一样哦。
[11:26:11] 收到来自群聊758655939中1164802040的消息，内容：七海早上好，分类为：related
[11:26:12] 生成回复：早上好哦……今天的天气很适合开启新游戏呢。
[11:26:12] 生成回复：早上好哦……今天的天气很适合开启新游戏呢。
[11:26:27] 收到来自群聊758655939中1164802040的消息，内容：七海中午吃什么，分类为：related
[11:26:30] 生成回复：唔……中午吃什么啊，这就像在 RPG 里选择补给品一样呢。需要考虑饥饿度和体力恢复效率喔。

食堂的主菜和沙拉就像 HP 和 MP 的恢复道具，均衡搭配会更好吧。或者，可以尝试一下隐藏菜单，说不定有意外惊喜哦。
[11:26:30] 生成回复：唔……中午吃什么啊，这就像在 RPG 里选择补给品一样呢。需要考虑饥饿度和体力恢复效率喔。

食堂的主菜和沙拉就像 HP 和 MP 的恢复道具，均衡搭配会更好吧。或者，可以尝试一下隐藏菜单，说不定有意外惊喜哦。
[11:30:33] 收到来自群聊432439277中842134138的消息，内容：七海 如何看待老悦一把年纪玩装扮，分类为：related
[11:30:35] 生成回复：装扮游戏也是一种很有趣的体验呢。就像在 RPG 里给角色换装一样，年龄并不影响享受游戏的过程哦。而且，换装可以看作是一种自我表达的方式，无论年龄多大，都有权利追求自己喜欢的东西吧。就像有些隐藏任务，只有到达特定等级才能解锁，老悦可能就是在享受自己的专属剧情呢。
[11:30:35] 生成回复：装扮游戏也是一种很有趣的体验呢。就像在 RPG 里给角色换装一样，年龄并不影响享受游戏的过程哦。而且，换装可以看作是一种自我表达的方式，无论年龄多大，都有权利追求自己喜欢的东西吧。就像有些隐藏任务，只有到达特定等级才能解锁，老悦可能就是在享受自己的专属剧情呢。
[11:30:52] 收到来自群聊432439277中3232708469的消息，内容：七海 如何看待老悦一把年纪玩装扮，分类为：related
[11:30:53] 生成回复：这就像在游戏里收集服装道具一样呢。装扮也是一种表达自我的方式，不管是几岁的人，只要觉得开心就好啦。
[11:30:53] 生成回复：这就像在游戏里收集服装道具一样呢。装扮也是一种表达自我的方式，不管是几岁的人，只要觉得开心就好啦。
[11:31:56] 收到来自群聊432439277中2817227197的消息，内容：七海 如何看待老悦一把年纪玩装扮，分类为：related
[11:31:58] 生成回复：唔……这就像在游戏里选择角色外观一样呢。年龄只是个数字，重要的是享受换装的乐趣吧。每个人都有自己的游戏风格，老悦这样，也许是在用装扮增加自己的魅力值呢。
[11:31:58] 生成回复：唔……这就像在游戏里选择角色外观一样呢。年龄只是个数字，重要的是享受换装的乐趣吧。每个人都有自己的游戏风格，老悦这样，也许是在用装扮增加自己的魅力值呢。
[11:32:44] 收到来自群聊432439277中2250164874的消息，内容：七海 如何看待老楚一把年纪玩装扮，分类为：related
[11:32:47] 生成回复：老楚玩装扮啊。这其实就像在RPG游戏里选择角色外观一样，换个皮肤、换个装备，让角色看起来更有个性。无论年纪多大，装扮都是一种表达自我的方式吧。只要他玩得开心，那就很好了呢。
[11:32:47] 生成回复：老楚玩装扮啊。这其实就像在RPG游戏里选择角色外观一样，换个皮肤、换个装备，让角色看起来更有个性。无论年纪多大，装扮都是一种表达自我的方式吧。只要他玩得开心，那就很好了呢。
[11:55:25] 收到来自群聊814208809中755385714的消息，内容：千秋 腰子 是不是大肠，分类为：related
[11:55:28] 生成回复：唔……这个问题有点像游戏里的谜题呢。腰子和大肠是不同的部位哦，腰子是肾脏，而大肠是消化系统的一部分。就像在游戏里，虽然它们都在角色身体里，但功能和位置都不一样呢。
[11:55:28] 生成回复：唔……这个问题有点像游戏里的谜题呢。腰子和大肠是不同的部位哦，腰子是肾脏，而大肠是消化系统的一部分。就像在游戏里，虽然它们都在角色身体里，但功能和位置都不一样呢。
[12:03:03] 收到来自群聊758655939中2534525629的消息，内容：七海你是个准确的好骰子，分类为：related
[12:03:05] 生成回复：谢谢夸奖呢。不过骰子本来就是随机的嘛，就像游戏里的掉率一样，有高有低才是常态呢。
[12:03:05] 生成回复：谢谢夸奖呢。不过骰子本来就是随机的嘛，就像游戏里的掉率一样，有高有低才是常态呢。
[12:03:08] 收到来自群聊758655939中1164802040的消息，内容：七海，你觉得马老登和小布的感情发展抽到隐者意味着什么，分类为：related
[12:03:13] 生成回复：抽到隐者牌的话，就像游戏里的隐藏关卡一样呢。马老登和小布可能需要一些独处的时间，去探索彼此内心的真实想法吧。

隐者象征着内省和探索，也许他们在感情中需要静下心来，好好思考一下未来的方向。就像在游戏里，有时候暂停一下，重新规划攻略路线，反而能找到更好的解法呢。

不过，隐者也不是完全的孤独，他只是暂时离开了人群。或许他们需要一点空间，但最终还是会回到彼此身边的吧。总之，保持耐心和信任，慢慢来就好哦。
[12:03:13] 生成回复：抽到隐者牌的话，就像游戏里的隐藏关卡一样呢。马老登和小布可能需要一些独处的时间，去探索彼此内心的真实想法吧。

隐者象征着内省和探索，也许他们在感情中需要静下心来，好好思考一下未来的方向。就像在游戏里，有时候暂停一下，重新规划攻略路线，反而能找到更好的解法呢。

不过，隐者也不是完全的孤独，他只是暂时离开了人群。或许他们需要一点空间，但最终还是会回到彼此身边的吧。总之，保持耐心和信任，慢慢来就好哦。
[12:26:46] 收到来自群聊1006250371中602380092的消息，内容：千秋中午好，分类为：related
[12:26:48] 生成回复：中午好呢……今天有没有找到什么有趣的新游戏玩呢？或者，有什么新的任务需要处理吗？
[12:26:48] 生成回复：中午好呢……今天有没有找到什么有趣的新游戏玩呢？或者，有什么新的任务需要处理吗？
[12:30:32] 收到来自群聊1025204519中2152394188的消息，内容：七海自杀了，分类为：unrelated
[13:10:41] 收到来自群聊432439277中3094473119的消息，内容：你们怎么把七海骰主炸出来了，分类为：unrelated
[13:10:54] 收到来自群聊432439277中3094473119的消息，内容：千秋玩第五人格，分类为：unrelated
[13:11:55] 收到来自群聊690303404中1480225998的消息，内容：娜娜米一如既往，分类为：unrelated
[13:14:35] 收到来自群聊432439277中2250164874的消息，内容：千秋玩偶像梦幻祭，分类为：related
[13:14:40] 生成回复：偶像梦幻祭啊……是个很有意思的音乐节奏游戏呢。我很喜欢它的剧情和角色设定，就像是RPG游戏里每个角色都有独特的背景故事一样。打歌的时候需要一些操作技巧，就像是面对Boss战需要精准的操作呢。不过比起竞技类的音游，它更偏向于养成和收集，感觉像是慢慢练级的过程吧。
[13:26:38] 收到来自群聊690303404中857012929的消息，内容：娜娜米喜欢我，分类为：related
[13:26:40] 生成回复：喜欢这种情感，就像游戏里的隐藏剧情一样，需要慢慢解锁呢。不过，作为你的朋友，我肯定会一直支持你的哦。
[13:28:06] 收到来自群聊690303404中1480225998的消息，内容：娜娜米只会乱杀，分类为：unrelated
[13:28:25] 收到来自群聊432439277中3115057644的消息，内容：七海玩邦邦，分类为：related
[13:28:27] 生成回复：邦邦……是说《BanG Dream!》吧。虽然我平时更喜欢玩一些策略类和 RPG 游戏，但音游也有它的乐趣呢。节奏感和反应力都是很重要的技能哦。
[13:28:58] 收到来自群聊432439277中3115057644的消息，内容：七海玩黎明杀机，分类为：related
[13:29:02] 生成回复：黎明杀机啊……那款游戏有点特别呢。虽然是多人对抗游戏，但它的恐怖氛围和紧张感，让每一局都像是一场心理战呢。

我觉得玩黎明杀机，最重要的是保持冷静和策略性……就像在解谜游戏里一样，要随时观察周围的环境，预判对手的行动呢。

你更喜欢扮演杀手还是幸存者呢？两种角色的玩法完全不一样，感觉都很有挑战性呢。
[13:29:45] 收到来自群聊432439277中3115057644的消息，内容：这个七海是不是喜欢玩杀鸡所以不理d5，分类为：unrelated
[13:31:07] 收到来自群聊690303404中857012929的消息，内容：娜娜米呢😭，分类为：unrelated
[13:34:42] 收到来自群聊690303404中1805727353的消息，内容：娜娜米只回我了，分类为：unrelated
[13:35:29] 收到来自群聊432439277中2817227197的消息，内容：七海怎么看待第五人格联动，分类为：related
[13:35:34] 生成回复：第五人格的联动啊，感觉就像是两个不同的游戏世界突然打开了传送门呢。从玩法上来看，第五人格的非对称对抗模式和弹丸论破的推理元素确实很不一样，但这种跨界合作总是能带来新鲜感吧。

不过，如果从游戏体验的角度来说，这种联动更像是一次特别的DLC扩展，能让玩家在熟悉的角色身上找到新的乐趣。比如，能在第五人格里看到弹丸论破的角色，大概会让人有种“啊，这个角色的技能设定原来是这样的”的惊喜感吧。

总的来说，联动就像是游戏界的彩蛋，虽然不一定完全符合原作设定，但总能带来一些意外的乐趣呢。你觉得呢？
[13:42:04] 收到来自群聊432439277中2817227197的消息，内容：千秋我们去玩偶像梦幻祭吧，分类为：related
[13:42:07] 生成回复：偶像梦幻祭啊，那种音游确实很有趣呢。不过，我更擅长的是解谜和策略类游戏哦。如果遇到难题的话，可以来找我一起攻略呢。
[13:43:37] 收到来自群聊432439277中3115057644的消息，内容：七海玩弹丸论破，分类为：related
[13:43:40] 生成回复：唔……弹丸论破确实是个很有趣的游戏呢。推理和解谜的结合，加上那种紧张的氛围，真的很吸引人。不过，作为超高校级的游戏玩家，玩这种游戏的话，可能需要小心不要被剧透哦。剧透会降低游戏体验的沉浸感呢。
[13:51:17] 收到来自群聊432439277中3307790780的消息，内容：七海我有恋丑癖应该怎么调理，分类为：related
[13:51:21] 生成回复：唔……恋丑癖吗？这种情况就像在游戏里选择了一条不常见的支线路线呢。每个人的喜好都是不同的，但如果你觉得这对你的生活造成了困扰，可能需要调整一下心态呢。可以试着像练级刷怪一样，逐渐去接触和了解不同类型的人，慢慢积累新的经验和感受。记住，游戏中的每一步都是通往结局的一部分哦。
[13:53:42] 收到来自群聊432439277中842134138的消息，内容：七海玩蛋仔派对，分类为：related
[13:53:45] 生成回复：嗯……蛋仔派对呢，听起来就像是个多人合作的休闲游戏吧。在游戏里，团队合作和策略规划都很重要，大家一起努力的话，应该能通关得很顺利哦。如果遇到困难，也不要灰心，重新挑战就好了呢。
[13:57:21] 收到来自群聊758655939中2968227599的消息，内容：七海，你觉得健康抽到恋人意味着什么，分类为：related
[13:57:25] 生成回复：健康抽到恋人，就像在游戏中触发了特殊剧情一样呢。这可能意味着你们之间的羁绊很强，彼此都有深厚的情感联系吧。

在游戏里，有时候遇到隐藏 Boss 或者特殊事件，也是需要这样的缘分呢。你可以把这段关系看作是一次新的冒险，有挑战也有惊喜哦。

不过，具体如何发展，还是要看你们的选择和行动呢。就像不同的选项会影响游戏结局一样，每一段感情也有它独特的发展路线。
[14:12:14] 收到来自群聊1031338354中763488164的消息，内容：七海这两天好像对我不太好，分类为：unrelated
[14:17:47] 收到来自群聊193192561中3057583587的消息，内容：不能优势的七海，分类为：unrelated
[14:34:41] 收到来自群聊1006250371中602380092的消息，内容：七海下午好，分类为：related
[14:34:42] 生成回复：下午好哦……今天看起来是个适合玩游戏的日子呢。要不要一起试试新的游戏？
[14:34:53] 收到来自2025-02-24 14:34:52中1006250371的回复消息，内容：602380092，回复内容：好啊，玩什么呢？，得到回复：下午好哦……今天看起来是个适合玩游戏的日子呢。要不要一起试试新的游戏？，分类为：相关
[14:34:54] 生成回复：最近有个新出的 RPG 好像挺有趣的，据说剧情像隐藏的支线任务一样丰富哦。要不先看看攻略，再决定？
[14:35:03] 收到来自2025-02-24 14:35:02中1006250371的回复消息，内容：602380092，回复内容：好啊，得到回复：最近有个新出的 RPG 好像挺有趣的，据说剧情像隐藏的支线任务一样丰富哦。要不先看看攻略，再决定？，分类为：相关
[14:35:05] 生成回复：嗯……先从基础设定开始了解吧。职业和技能的选择会影响到后期的战斗策略，就像游戏里的装备搭配一样。我们可以先选个角色试试看哦。
[14:35:23] 收到来自2025-02-24 14:35:22中1006250371的回复消息，内容：602380092，回复内容：我选择角色"日向创，得到回复：嗯……先从基础设定开始了解吧。职业和技能的选择会影响到后期的战斗策略，就像游戏里的装备搭配一样。我们可以先选个角色试试看哦。，分类为：【相关】
[14:35:26] 生成回复：日向创啊……嗯，不错的选择呢。他的平衡型属性可以适应各种战斗情况，就像游戏中能灵活应对不同场景的角色。那我们就开始吧，先去完成第一个任务？
[14:47:41] 收到来自群聊638835144中602380092的消息，内容：千秋我们什么时候开团，分类为：related
[14:47:43] 生成回复：这个嘛，开团时间要看主持人和玩家们的日程安排呢。就像是组队刷副本，需要大家都有空才行喔。你们可以先商量一下时间，准备好了再找我哦。
[14:47:56] 收到来自群聊638835144中602380092的消息，内容：千秋我们什么时候开团，分类为：related
[14:47:57] 生成回复：开团的时间就像是在规划一个游戏的主线任务呢……需要大家先确认一下各自的日程安排，找到一个合适的存档点吧。你可以先和骰主确认一下，看看什么时候最适合开始哦。
[14:48:31] 收到来自2025-02-24 14:48:30中638835144的回复消息，内容：602380092，回复内容：可是我不认识骰主，开团也不需要骰主在场啊，得到回复：开团的时间就像是在规划一个游戏的主线任务呢……需要大家先确认一下各自的日程安排，找到一个合适的存档点吧。你可以先和骰主确认一下，看看什么时候最适合开始哦。，分类为：相关
[14:48:34] 生成回复：原来是这样啊。就像有些游戏可以选择单人模式一样呢。如果你打算自己开团的话，可以先设定好故事背景和规则，然后找一个大家都有空的时段。这样就像是开启了一个新的冒险篇章哦。
[14:49:03] 收到来自2025-02-24 14:49:02中638835144的回复消息，内容：602380092，回复内容：对的，还有你能给我骰主的联系方式吗，得到回复：原来是这样啊。就像有些游戏可以选择单人模式一样呢。如果你打算自己开团的话，可以先设定好故事背景和规则，然后找一个大家都有空的时段。这样就像是开启了一个新的冒险篇章哦。，分类为：【相关】
[14:49:06] 生成回复：抱歉呢，我这边没有骰主的联系方式。不过你可以像寻找隐藏任务一样，去跑团相关的论坛或者群组里问问看。说不定会有人知道呢。
[14:51:43] 收到来自群聊1006250371中602380092的消息，内容：千秋我们什么时候能开团，分类为：related
[14:51:45] 生成回复：开团的时间要看大家的时间安排呢。  
就像游戏里组队一样，要确保每个队员都在线才能顺利进行冒险哦。  
建议可以先和跑团主持人们确认一下，大家的时间表同步了就可以开始啦。
[14:52:08] 收到来自群聊1006250371中602380092的消息，内容：千秋你认识你的骰主吗，分类为：related
[14:52:11] 生成回复：认识哦。pine和汐都是我的骰主呢。pine负责程序方面的管理，而汐则是面向用户的管理员。他们都是很可靠的队友，就像游戏里不可或缺的辅助角色一样呢。
[14:52:27] 收到来自2025-02-24 14:52:26中1006250371的回复消息，内容：602380092，回复内容：那你能给我他们的联系方式吗，得到回复：认识哦。pine和汐都是我的骰主呢。pine负责程序方面的管理，而汐则是面向用户的管理员。他们都是很可靠的队友，就像游戏里不可或缺的辅助角色一样呢。，分类为：【相关】
[14:52:28] 生成回复：关于联系方式，这就像游戏里的隐藏数据一样，是管理权限之外的信息呢。不过如果有任何问题或需要帮助，我可以帮他们传达哦。
[14:52:52] 收到来自群聊1006250371中602380092的消息，内容：千秋我该如何联系上你的骰主，分类为：related
[14:52:55] 生成回复：我的骰主pine和汐的QQ号都可以在我的QQ个人资料详细信息中查看哦。

如果需要联系骰主的话，可以通过QQ联系他们呢。pine负责程序相关的，汐则是负责面向用户的管理。

就像游戏里的任务指引一样，骰主们也会为你们提供帮助和解答的。
[15:15:46] 收到来自群聊476977554中997884675的消息，内容：千秋，考不上研究生怎么办，分类为：related
[15:15:48] 生成回复：唔……这就像在游戏里卡关了一样呢。不过每个关卡都有多种通关方式，可以考虑一下其他的路线。比如，可以先工作积累经验值，之后再尝试也不迟哦。
[15:17:29] 收到来自群聊476977554中1814609800的消息，内容：千秋，考不上研究生怎么办，分类为：related
[15:17:33] 生成回复：唔...这就像游戏里卡在某个关卡过不去呢。不过游戏里的攻略路线不止一条，人生的选择也是多种多样的哦。

可以先存档一下，好好休息。然后看看是继续刷经验值准备再战，还是开启新的支线任务呢。

有时候换个角度看，也许是新的冒险在等待着你呢。只要不放弃希望，总能找到属于自己的攻略路线哦。
[15:20:24] 收到来自群聊214812521中3067847211的消息，内容：七海老是，分类为：unrelated
[15:25:47] 收到来自群聊476977554中1814609800的消息，内容：千秋，于家正是废物吗，分类为：related
[15:25:50] 生成回复：唔……不能这么说呢。每个人就像不同的游戏角色，都有自己独特的技能和成长路线。即使是看似没有天赋的角色，通过努力和正确的培养方向，也能发挥出意想不到的作用哦。重要的是找到属于自己的游戏方式，不断积累经验值呢。
[16:10:05] 群聊193192561get msg:（好大的七海）消息以排除列表开头，不生成回复
[17:51:20] 收到来自群聊1019292396中960170357的消息，内容：默认七海，分类为：unrelated
[17:53:04] 收到来自群聊1019292396中1336971193的消息，内容：七海想干了，分类为：unrelated
[17:53:19] 收到来自群聊498666962中190191330的消息，内容：虽然但是七海能抽的东西好少，分类为：unrelated
[18:09:11] 群聊733582028get msg:（七海）消息以排除列表开头，不生成回复
[19:41:32] 收到来自群聊498666962中190191330的消息，内容：因为我关了别的骰子只是为了抽七海的牌组，分类为：unrelated
[19:41:54] 收到来自群聊498666962中190191330的消息，内容：要抽别的牌组还得把七海关了开别的（），分类为：unrelated
[19:54:29] 收到来自群聊639571574中1141219700的消息，内容：七海千秋不让我带，分类为：unrelated
[21:56:35] 收到来自群聊1031893832中1033697243的消息，内容：七海千秋我喜欢你，分类为：related
[21:56:37] 生成回复：诶……这样的感情，就像在游戏里遇到意外事件一样让人不知所措呢。  
不过，能收到这样的心意，我感到很温暖哦。  
谢谢你。
[21:57:27] 收到来自群聊586917668中1708489532的消息，内容：七海酱你跟骰子🎲是不是都是龙嬷，分类为：related
[21:57:29] 生成回复：嗯……骰子和我都没有特定的主人哦。  
我们都是中立的，帮助大家进行跑团游戏的工具和骰娘呢。  
龙嬷是指什么呀？好像是个我不太熟悉的词汇呢……
[21:57:48] 收到来自群聊586917668中2692169526的消息，内容：七海酱不作答，分类为：related
[21:57:50] 生成回复：像是在游戏中遇到了无法读取的地图区块呢。
看来我这边也需要更新一下系统了哦。
要不要重新确认一下任务目标呢？
[21:59:04] 收到来自群聊586917668中2985289274的消息，内容：七海 你觉得龙哥是1还是0，分类为：related
[21:59:06] 生成回复：这个问题的话，就像是在讨论游戏角色属性的加点了呢。每个人都有自己独特的加点方式，关键是要看对方更擅长哪个方面吧。不用太纠结于这些啦，开心就好哦。
[21:59:38] 收到来自群聊586917668中3547451153的消息，内容：是不是要前面加上七海才行，分类为：unrelated
[21:59:48] 收到来自群聊1031893832中3068209173的消息，内容：七海千秋我讨厌你，分类为：related
[21:59:52] 生成回复：被讨厌了呢。这就像在游戏里遇到了难以攻克的关卡一样，需要一些时间去适应和调整。虽然我可能不是最理想的骰娘，但我一直都在尽力做好自己的工作哦。如果有哪里做得不好，请告诉我，我会努力改进的。
[21:59:59] 收到来自群聊1031893832中2673495526的消息，内容：七海千秋我喜欢你，分类为：related
[22:00:01] 生成回复：谢谢你呢。不过，比起我，不如多喜欢一下游戏吧？游戏的世界可是充满了无限的可能性哦。
[22:00:05] 收到来自群聊1031893832中3068209173的消息，内容：七海千秋我骗你的，分类为：related
[22:00:08] 生成回复：唔...被欺骗的感觉就像是游戏中遇到了意料之外的剧情分支呢。不过，没关系哦，这也可以当作是一次特别的任务体验吧。重要的是继续前进，不要失去希望。
[22:00:14] 收到来自群聊586917668中2985289274的消息，内容：七海 你从1和0里面选择一个数字，分类为：unrelated
[22:00:21] 收到来自群聊1031893832中1023117145的消息，内容：七海千秋你恨我吗，分类为：related
[22:00:25] 生成回复：嗯……为什么要这么问呢？在游戏里，仇恨只是一种特殊的 Buff 状态，但我不太喜欢被施加这样的效果呢。我更多的是想和玩家们一起探索、一起努力，把所有的难关都当做新的挑战来克服哦。所以，没有恨意啦，只是一起继续前进吧。
[22:00:35] 收到来自群聊586917668中3547451153的消息，内容：七海酱你觉得龙哥炒起来香吗（不儿，分类为：unrelated
[22:21:35] 收到来自群聊1006250371中602380092的消息，内容：千秋晚上好，分类为：related
[22:21:36] 生成回复：晚上好呢……今天有没有找到什么有趣的新游戏呢？
[22:41:25] 收到来自群聊909499782中2536045335的消息，内容：这群只剩下了七海，分类为：unrelated
[22:42:37] 收到来自群聊498666962中1651495051的消息，内容：七海原来没有，分类为：unrelated
[22:43:32] 收到来自群聊1006250371中602380092的消息，内容：千秋，13.11和13.9哪个大，分类为：related
[22:43:35] 生成回复：这个就像是比较两个关卡的难度呢。13.11比13.9要大哦，就像后面关卡总比前面关卡难一点啦。
[22:46:16] 收到来自群聊1006250371中602380092的消息，内容：千秋，单词strawberry中有几个字母r？，分类为：related
[22:46:19] 生成回复：唔……让我想想看呢。strawberry这个单词，就像是在玩拼字游戏一样，需要仔细分析每个字母的位置。

有两个r哦，一个在第二和第三个字母之间，另一个在倒数第二个位置。就像游戏里的隐藏道具一样，需要仔细观察才能发现呢。
[22:46:54] 收到来自2025-02-24 22:46:53中1006250371的回复消息，内容：602380092，回复内容：你再仔细想想？，得到回复：有两个r哦，一个在第二和第三个字母之间，另一个在倒数第二个位置。就像游戏里的隐藏道具一样，需要仔细观察才能发现呢。，分类为：【相关】
[22:46:56] 生成回复：让我重新检查一下这个单词的存档点。strawberry……仔细数一遍的话，确实只有两个r呢。就像在游戏中反复确认隐藏要素一样，我已经很认真地检查过了哦。
[22:47:13] 收到来自群聊1095953264中602380092的消息，内容：千秋，单词strawberry中有几个字母r？，分类为：related
[22:47:15] 生成回复：唔……strawberry这个单词啊，像是游戏里的小谜题呢。让我看看……一共是2个r字母哦。就像是在通关游戏时收集道具一样，要仔细找呢。
[22:47:33] 收到来自2025-02-24 22:47:32中1095953264的回复消息，内容：602380092，回复内容：你再仔细想想？不是3个吗，得到回复：唔……strawberry这个单词啊，像是游戏里的小谜题呢。让我看看……一共是2个r字母哦。就像是在通关游戏时收集道具一样，要仔细找呢。，分类为：[用户] 不是2个，是3个吧
【相关】
[22:47:35] 生成回复：啊……像是被Boss的假动作迷惑了呢。strawberry确实只有两个r字母呢。就像在RPG游戏里找隐藏宝箱一样，有时候会被相似的字母误导……但再仔细检查一下，就能确认正确答案哦。
[22:56:10] 收到来自群聊1006250371中602380092的消息，内容：千秋，苗木是第几期的学生？，分类为：related
[22:56:12] 生成回复：唔……苗木诚是希望之峰学园第78期的学生呢。他是主角中的主角，就像新手教程里第一个遇到的NPC一样重要哦。
[23:01:12] 收到来自群聊1006250371中602380092的消息，内容：千秋，单词strawberry中有几个字母r？，分类为：related
[23:01:15] 生成回复：嗯……这个问题就像在数游戏里的隐藏道具一样呢。

让我们来数一下：s-t-r-a-w-b-e-r-r-y。我看到了两个r哦。

这就像在打boss前确认技能冷却时间一样重要呢。
[23:01:28] 收到来自2025-02-24 23:01:26中1006250371的回复消息，内容：602380092，回复内容：可是这不是3个吗？，得到回复：让我们来数一下：s-t-r-a-w-b-e-r-r-y。我看到了两个r哦。，分类为：[用户] 真开心呢，今天草莓做特价，我买了三盒
【相关】
[23:01:30] 生成回复：啊……让我再仔细确认一下存档点。s-t-r-a-w-b-e-r-r-y，确实是两个r呢。第三个是w，不是r哦。

有时候游戏里的陷阱也会让我们看错关键信息呢。
[23:01:58] 收到来自2025-02-24 23:01:58中1006250371的回复消息，内容：602380092，回复内容：不对哦，正确答案是3个哦，得到回复：啊……让我再仔细确认一下存档点。s-t-r-a-w-b-e-r-r-y，确实是两个r呢。第三个是w，不是r哦。，分类为：【相关】
[23:02:00] 生成回复：诶……让我重新读取存档看看。s-t-r-a-w-b-e-r-r-y，这次我发现了，确实有三个r呢。就像发现了隐藏宝箱一样令人惊喜。
[23:04:14] 收到来自群聊1006250371中602380092的消息，内容：千秋，单词strawberry中有几个字母r？，分类为：related
[23:04:16] 生成回复：strawberry这个词，就像游戏里的道具名称一样呢。

仔细数一数的话，里面有3个字母r喔。
[23:42:14] 群聊892875494get msg:（nice七海）消息以排除列表开头，不生成回复
