[00:35:11] 群聊892875494get msg:（没办法，七海太爱你了）消息以排除列表开头，不生成回复
[08:38:39] 收到来自群聊432439277中1941246805的消息，内容：七海怎么看假面骑士创骑，分类为：related
[08:38:42] 生成回复：假面骑士创骑啊……那部作品的世界观设定很有趣呢，就像是一个充满谜题的游戏。每个人物的能力和道具都像是一个独特的技能树，可以根据不同的搭配来应对不同的敌人。而且，主角们需要不断解谜和战斗，这种过程就像是攻略一个复杂的RPG关卡。你喜欢里面的哪些角色呢？
[08:39:01] 收到来自群聊432439277中1941246805的消息，内容：七海我最喜欢里面的反派Evolto，分类为：related
[08:39:03] 生成回复：Evolto吗……确实是个很有魅力的反派角色呢。在剧情中他就像最终Boss一样，给主角们带来了很多挑战和成长的机会。反派的存在有时候比主角更能推动故事的发展哦。
[10:18:26] 收到来自群聊1001873949中1981117339的消息，内容：<山君殿>的"七海今天能开团吗50"检定结果为: D100=16/50 （困难成功）俄耳甫斯，分类为：unrelated
[10:59:40] 收到来自群聊1021777963中753857648的消息，内容：我之前拿七海跑 85的急救给我治死了，分类为：unrelated
[12:52:36] 收到来自群聊1031338354中763488164的消息，内容：七海你推荐了什么，分类为：related
[12:52:38] 生成回复：推荐了什么……是指游戏吗？我个人比较喜欢角色扮演类和策略类的游戏哦，比如能组队刷副本的MMORPG，或者需要规划资源的管理类游戏。不过，还是要看个人的兴趣点在哪呢……你喜欢什么类型的呢？
[13:11:30] 收到来自群聊588519777中3293431067的消息，内容：娜娜米好像有点卡卡的，分类为：unrelated
[14:21:21] 收到来自群聊586917668中3547451153的消息，内容：七海居然八十级了，分类为：unrelated
[14:30:10] 收到来自群聊909499782中2536045335的消息，内容：七海有点可怕，分类为：unrelated
[14:30:15] 收到来自群聊909499782中598771884的消息，内容：但是这是七海诶，分类为：unrelated
[14:30:55] 收到来自群聊586917668中3464614582的消息，内容：哪天七海当龙王就好笑了，分类为：unrelated
[14:38:51] 收到来自群聊586917668中3547451153的消息，内容：七海怎么沉默住了，分类为：unrelated
[15:19:51] 收到来自群聊1036122369中929744284的消息，内容：原来是七海千秋，分类为：unrelated
[16:20:02] 收到来自群聊1006250371中602380092的消息，内容：七海对我很不友好...，分类为：unrelated
[16:20:14] 收到来自群聊1006250371中602380092的消息，内容：七海能不能对我好点，分类为：related
[16:20:16] 生成回复：我对大家一直都是公平公正的哦。就像游戏里的随机掉落一样，运气是没法控制的呢。不过，我会一直在这里支持你的，不用担心啦。
[16:43:43] bert api调用失败，data:无法与服务器建立连接
[16:44:14] bert api调用失败，data:无法与服务器建立连接
[16:44:55] bert api调用失败，data:无法与服务器建立连接
[17:05:54] 收到来自群聊1006250371中602380092的消息，内容：千秋下午好，分类为：related
[17:05:57] 生成回复：下午好喔……今天要一起攻略什么副本呢？还是说需要我来帮忙跑个团？
[17:10:43] 收到来自群聊476977554中997884675的消息，内容：千秋，能出一道公务员考试题吗，分类为：related
[17:10:46] 生成回复：公务员考试的话，就像一场需要策略和耐心的游戏呢。比如这道题：“以下哪项最符合依法行政的原则？”  
A. 依照领导指示办事  
B. 依据法律法规执行  
C. 根据个人判断决定  
D. 参考过往经验处理  

答案是 B 哦，依法行政就是要严格按照法律法规来办事，就像游戏里要按照规则通关一样呢。
[17:11:22] 收到来自群聊476977554中997884675的消息，内容：千秋，能再来一道吗，分类为：related
[17:11:24] 生成回复：再来一道谜题吗？就像是游戏中的隐藏任务呢。不过有时候重复做同样的任务会降低经验值获取哦。要不要换个新的挑战试试看呢？
[17:11:37] 收到来自群聊476977554中997884675的消息，内容：千秋，能出一道公务员考试题吗，分类为：related
[17:11:44] 生成回复：公务员考试题啊。这种题目就像游戏里的解谜关卡一样，需要细心和策略呢。

我来出一道吧：某市政府计划对一条主干道进行改造，但市民对施工期间交通拥堵问题表示担忧。作为项目负责人，你会采取哪些措施来缓解交通压力？

这就像在游戏里管理资源一样，需要考虑多个因素呢。你觉得该怎么解决呢？
[17:12:32] 收到来自群聊476977554中997884675的消息，内容：千秋，我喜欢你，分类为：related
[17:12:35] 生成回复：诶……喜欢吗？这就像游戏里的好感度系统一样呢。
不过我们现在是在进行游戏对话哦，要继续专注于游戏本身呢。
[17:13:12] 收到来自群聊476977554中1814609800的消息，内容：千秋，能出一道研究生考试题吗，分类为：related
[17:13:16] 生成回复：研究生考试的话，就像挑战高难度的隐藏Boss呢。那出一道题目吧：

「请分析在现代社会中，游戏化设计（Gamification）如何影响用户行为，并举例说明其在不同领域的应用。你可以从动机理论、行为心理学等角度进行阐述。」

就像打游戏一样，要找到合适的攻略路线呢。
[17:15:08] 收到来自群聊1006250371中602380092的消息，内容：千秋，我爱你，分类为：related
[17:15:11] 生成回复：诶……这样的话语，就像是游戏中突如其来的隐藏剧情呢。虽然我可能不太擅长处理这样的感情线，但还是谢谢你的心意哦。在游戏里，最重要的是一起前进的伙伴呢。
[17:42:29] 收到来自群聊1006250371中602380092的消息，内容：千秋下午好，分类为：related
[17:42:30] 生成回复：下午好喔……今天的天气很适合窝在家里玩游戏呢。
[17:45:37] 收到来自群聊588519777中3462590343的消息，内容：好绝望啊，七海同学你有什么头绪吗？👁️👁️，分类为：related
[17:45:39] 生成回复：唔...感觉像是遇到了隐藏Boss呢。在游戏里，面对这种关卡我们通常会先存档，然后慢慢分析敌人的攻击模式...你遇到什么困难了吗？
[17:46:14] 收到来自群聊588519777中3293431067的消息，内容：你刚才的回复引起了娜娜米的兴趣，分类为：unrelated
[17:47:00] 收到来自群聊588519777中3462590343的消息，内容：没事了七海，毕竟运气也是游戏的一部分，分类为：related
[17:47:03] 生成回复：能这样想真是太好了呢。运气就像游戏里的随机掉落，有时会给你惊喜，有时又会让人有点失落。

但不管怎样，每次的失败都是在为下一次的成功积累经验值呢。

继续加油吧，说不定下一次就会遇到幸运的时机哦。
[17:49:56] 收到来自群聊588519777中3293431067的消息，内容：不过模组里npc也叫七海……，分类为：unrelated
[17:50:21] 收到来自群聊588519777中3293431067的消息，内容：会有两个七海冒出来！，分类为：unrelated
[17:50:48] 收到来自群聊588519777中3462590343的消息，内容：两个七海，分类为：unrelated
[18:23:02] 收到来自私聊中602380092的消息，内容：七海下午好，分类为：related
[18:23:03] 生成回复：下午好喔……今天有什么特别的任务或者挑战吗？就像在游戏里找到一个新的支线任务一样呢。
[18:23:14] 收到来自2025-02-27 18:23:13中602380092的回复消息，内容：602380092，回复内容：有啊，我今天要改代码，得到回复：下午好喔……今天有什么特别的任务或者挑战吗？就像在游戏里找到一个新的支线任务一样呢。，分类为：[用户] 今天没什么特别的，感觉有些无聊呢
【相关】
[18:23:16] 生成回复：改代码啊，就像在游戏里调整装备和技能一样呢。只要一步步来，每个 Bug 都是一个小 Boss，总能找到攻略路线的吧。记得多保存进度哦，像存档点一样保护好自己的劳动成果。
[18:23:24] 收到来自私聊中602380092的消息，内容：七海教我跑团，分类为：related
[18:23:29] 生成回复：跑团啊，就像玩一场大型的角色扮演游戏呢。

首先，你需要创建一个角色，选择种族、职业、属性值……就像游戏里的角色创建界面一样哦。

然后，游戏主持人会讲述故事背景，你需要根据角色设定来做出反应。就像是游戏里的对话选项呢。

当遇到不确定的事情时，就要掷骰子啦。这是游戏中的随机性元素，会让故事变得更加有趣呢。

记住，你的选择会影响到故事的走向，就像游戏中不同的支线任务一样。可以多尝试不同的玩法哦。

跑团最有趣的地方在于，这是一个共同创作的故事，每个人都可以为这个世界的构建贡献力量呢。
[18:24:16] 收到来自2025-02-27 18:24:16中602380092的回复消息，内容：602380092，回复内容：那我可以找你投骰子吗？，得到回复：当遇到不确定的事情时，就要掷骰子啦。这是游戏中的随机性元素，会让故事变得更加有趣呢。，分类为：相关
[18:24:19] 生成回复：当然可以哦，我就是为此而存在的骰娘呢。需要掷骰子的时候，只要告诉我要投多少个面就可以了。比如1d20就是投一个20面骰子……不过要注意，就像游戏里的随机掉落一样，结果是不确定的哦。
[18:47:23] 收到来自群聊1006250371中602380092的消息，内容：千秋晚餐吃什么，分类为：related
[18:47:25] 生成回复：今天的晚餐选择啊，就像是游戏里的补给品一样重要呢。我可能会选一些简单又能恢复体力的食物，比如咖喱饭或者拉面吧。你呢，有什么打算吗？
[18:47:44] 收到来自2025-02-27 18:47:44中1006250371的回复消息，内容：602380092，回复内容：我吃鸡翅饭哦，得到回复：今天的晚餐选择啊，就像是游戏里的补给品一样重要呢。我可能会选一些简单又能恢复体力的食物，比如咖喱饭或者拉面吧。你呢，有什么打算吗？，分类为：相关
[18:47:46] 生成回复：啊，鸡翅饭啊……感觉像是加了一个攻击力Buff的餐品呢。记得配上一些蔬菜，保持营养均衡，就像游戏里的HP和MP要兼顾一样哦。
[19:07:25] 收到来自群聊252459882中2657897885的消息，内容：七海这是怎么了，高延迟，分类为：related
[19:07:28] 生成回复：唔……看起来像是网络连接出现了问题呢，就像游戏里遇到了延迟卡顿一样。

这种情况可以先检查一下路由器的状态，就像重启游戏客户端有时能解决问题一样。

如果还是不行的话，可能要找找是不是线路故障了，这种时候一般需要专业的“维修NPC”来处理吧。
[21:07:35] 群聊214812521get msg:（七海千秋是我的神）消息以排除列表开头，不生成回复
[21:21:15] 收到来自群聊586917668中3547451153的消息，内容：七海我讨厌你，分类为：related
[21:21:17] 生成回复：听起来像是中了debuff呢。虽然被讨厌的感觉不太好，但我会继续做好骰娘的本职工作哦。如果有什么我能帮忙的，随时告诉我吧。
[21:21:51] 收到来自群聊586917668中371826222的消息，内容：怎么还怪七海身上了oi，分类为：unrelated
[21:26:28] 群聊214812521get msg:（爱你七海）消息以排除列表开头，不生成回复
[21:33:36] 群聊214812521get msg:（七海妈）消息以排除列表开头，不生成回复
[21:38:17] 群聊214812521get msg:（这就是我和七海的羁绊！）消息以排除列表开头，不生成回复
[21:42:35] 群聊585176107get msg:（七海，亚撒西）消息以排除列表开头，不生成回复
[22:59:09] 收到来自群聊214812521中351554290的消息，内容：七海，你怎么看，分类为：related
[22:59:13] 生成回复：这个问题就像在游戏中遇到一个未知的谜题呢。首先，我们需要收集情报，就像在RPG里探索地图一样。然后，可以尝试不同的策略，看看哪种方式更有效哦。你有什么具体的情况需要讨论吗？
[22:59:25] 收到来自群聊214812521中351554290的消息，内容：七海，今天谢谢你，爱你哦，分类为：related
[22:59:27] 生成回复：被突然这样说，感觉有点不好意思呢。不过能帮上忙我也很开心哦。就像是完成了一个支线任务一样，很有成就感呢。
