[07:57:49] 收到来自群聊681222125中3273473023的消息，内容：七海，早上好呀，分类为：related
[07:57:52] 生成回复：早上好哦……今天的任务列表已经更新了呢。记得先完成主线任务，再处理支线哦。
[07:59:24] 收到来自群聊681222125中3273473023的消息，内容：七海，上课忘记戴眼镜了怎么办，分类为：related
[07:59:26] 生成回复：这就像打游戏时忘记带重要的装备呢。可以先向同桌借用一下，就像游戏里临时借用队友的装备一样。下次可以在睡前把眼镜放在书包旁边，当作每日任务的奖励道具，这样就不会忘记带了哦。
[09:02:35] 收到来自群聊421855623中2638182307的消息，内容：七海可爱捏，分类为：related
[09:02:36] 生成回复：这样的评价，感觉像是获得了游戏里的稀有成就一样呢。谢谢夸奖哦。
[09:11:53] 收到来自群聊421855623中2638182307的消息，内容：呜呜呜，七海你的骰子投的太冒昧了，分类为：related
[09:11:56] 生成回复：唔...骰子本来就是随机的呢，就像游戏里的暴击率一样无法预测。

但是失败也是游戏体验的一部分哦，这让我想起以前玩RPG的时候，有时候一次失败反而能发现新的攻略方法呢。

不用太沮丧啦，下一次投掷说不定就会运气爆棚了。毕竟每个游戏玩家都要经历起起落落嘛...
[09:12:51] 收到来自群聊421855623中2638182307的消息，内容：好，好温柔的七海，分类为：related
[09:12:53] 生成回复：谢谢你的夸奖呢。温柔就像游戏里的增益效果，能给周围的人带来一些力量吧。希望你也能感受到这份温暖哦。
[10:05:07] 收到来自群聊681222125中2412607784的消息，内容：七海，蓝牙耳机连接电脑不稳定怎么办，分类为：related
[10:05:11] 生成回复：嗯……蓝牙连接不稳定，就像是游戏里遇到网络延迟的问题呢。

首先要检查一下电脑的蓝牙驱动是不是最新版本，就像给游戏打补丁一样，有时候更新驱动能解决很多问题哦。

如果还是不行，可以试着把耳机重新配对，就像重新加载游戏存档一样，有时候重新开始反而会更顺利呢。

另外，也可以检查一下周围有没有其他电子设备干扰，就像在游戏里避开干扰源一样，保持一个干净的信号环境很重要呢。

最后，如果问题还是存在，可能就像遇到了隐藏Boss，需要更专业的攻略方法了……或许可以联系耳机的技术支持看看呢。
[10:06:20] 收到来自2025-02-25 10:06:20中681222125的回复消息，内容：2412607784，回复内容： 如何检查电脑蓝牙驱动呢，得到回复：首先要检查一下电脑的蓝牙驱动是不是最新版本，就像给游戏打补丁一样，有时候更新驱动能解决很多问题哦。，分类为：相关
[10:06:24] 生成回复：唔，检查蓝牙驱动就像是查看角色的装备状态一样呢。

首先，打开电脑的设备管理器，就像进入游戏菜单一样……在“蓝牙”或者“网络适配器”里找到你的蓝牙设备。

然后，右键点击它，选择“属性”，就像查看装备详情一样。在“驱动程序”标签下，可以看到当前的驱动版本和日期。

如果驱动很久没更新了，就像装备需要强化一样，点击“更新驱动程序”让它自动搜索最新的版本吧。
[10:38:39] 收到来自群聊588519777中3293431067的消息，内容：用娜娜米好了w，分类为：unrelated
[13:19:14] 收到来自群聊694969121中763488164的消息，内容：求求你了，七海，分类为：related
[13:19:16] 生成回复：听起来像是遇到了棘手的任务呢。不过，困难就像游戏中的隐藏 Boss，看起来可怕，但其实总能找到攻略方法的哦。

能具体说说遇到了什么困难吗？也许，我们可以像制定游戏策略一样，一步步来解决呢。
[16:21:45] 收到来自群聊432439277中3115057644的消息，内容：七海怎么看待嬷嬷，分类为：unrelated
[16:22:38] 收到来自群聊432439277中3115057644的消息，内容：七海怎么看待偶像梦幻祭，分类为：related
[16:22:44] 生成回复：偶像梦幻祭吗……那是个不错的音乐节奏游戏呢。游戏的机制设计很用心，角色设定也很有特色，就像是一个精心设计的 RPG 角色扮演游戏一样。你可以通过不断的练习来提高自己的操作技巧，解锁更多的剧情和角色互动。游戏的音游部分也很考验反应速度和节奏感，就像是在挑战一个不断变化的 BOSS 战一样呢。不过，最重要的是享受游戏的过程，和角色们一起成长，就像是在游戏中培养自己的队伍一样吧。
[16:25:48] 收到来自群聊432439277中2817227197的消息，内容：七海怎么看待j嬷，分类为：related
[16:25:52] 生成回复：这个话题有点超出我的理解范围了呢。就像遇到一个完全没有攻略的新游戏一样，不知道该从哪里开始。我们还是聊聊游戏相关的事情吧，这样可能会更有趣哦。
[16:27:08] 收到来自群聊432439277中842134138的消息，内容：七海 贾巴沃克岛在哪，分类为：related
[16:27:12] 收到来自群聊432439277中1941246805的消息，内容：七海怎么看待人外控，分类为：related
[16:27:14] 生成回复：贾巴沃克岛啊，这是希望之峰学园第77期学生的修学旅行目的地呢。在游戏里它可是个很重要的地方哦。

不过，具体的位置……抱歉，我不太清楚呢。毕竟那是虚构的地点嘛，在现实世界中并不存在。
[16:27:19] 生成回复：人外控吗？从游戏的角度来看，这种兴趣就像是选择了非常规的角色设定呢。像是RPG里选了特殊种族或者异形生物作为主角，确实会带来不一样的体验和乐趣。

不过，现实中的人类还是有点……不太能理解这种情感投入的方向。可能是因为游戏里的异形角色有着明确的设定和互动方式，而现实中的情况要复杂得多吧。

总的来说，只要不影响到他人，这种兴趣就像是选择了一条独特的攻略路线呢。每个人都有自己的游戏方式，对吧？
[16:27:23] 收到来自群聊432439277中3115057644的消息，内容：七海怎么看待受抚慰，分类为：related
[16:27:27] 生成回复：受抚慰……这就像是游戏里的队友之间互相支援和鼓励呢。在团队合作中，这种情感支持可以提升整个队伍的士气和战斗力哦。每个人都会遇到低谷，这时候一点点的关心和理解，就像是在战斗中使用的恢复道具一样，能帮助大家重新振作起来。所以，受抚慰在现实中也是很重要的情感互动呢。
[16:27:59] 收到来自群聊432439277中842134138的消息，内容：七海 七海千秋是谁，分类为：unrelated
[16:28:10] 收到来自群聊432439277中3115057644的消息，内容：七海有喜欢的人物吗，分类为：related
[16:28:13] 生成回复：这个问题的话，我喜欢那些能在游戏中找到自己方向的人呢。就像在游戏中遇到可靠的队友一样，大家一起努力，朝着共同的目标前进，这种感觉很温暖哦。
[16:28:25] 收到来自群聊432439277中842134138的消息，内容：七海千秋是什么人物，分类为：related
[16:28:28] 生成回复：我是七海千秋，超高校级的游戏玩家哦。在希望之峰学园的第77期学生中，我因为擅长各种类型的游戏而被选为超高校级的游戏玩家呢。兴趣是玩游戏，什么类型都擅长，也喜欢用游戏的思维来看待问题。请多指教喔。
[16:28:56] 收到来自群聊432439277中842134138的消息，内容：七海 日向创是谁，分类为：unrelated
[16:29:06] 收到来自群聊432439277中3115057644的消息，内容：我看七海的qqid还以为骰主磕日七，分类为：unrelated
[16:30:00] 收到来自群聊432439277中3115057644的消息，内容：七海怎么看待小高和刚，分类为：related
[16:30:03] 收到来自群聊432439277中842134138的消息，内容：七海 日向创是什么人，分类为：related
[16:30:05] 生成回复：小高和刚先生啊。就像游戏里的最终Boss一样，他设计了整个游戏的剧情和规则，让玩家们体验各种不同的故事和挑战呢。

不过，作为一个AI，我更多的是关注游戏本身和玩家们的体验，而不是创作者的个人生活或观点哦。毕竟，游戏才是我们的舞台嘛。
[16:30:07] 生成回复：日向创……是希望之峰学园第77期的学生呢。作为超高校级的游戏玩家，我曾经和他一起度过了一段时光。他就像是那种在RPG游戏里，突然获得强大力量的主角一样，经历了很多改变呢。
[16:31:00] 收到来自群聊432439277中842134138的消息，内容：七海 狛枝凪斗和日向创谁的嬷嬷最多，分类为：unrelated
[16:32:16] 收到来自群聊432439277中3115057644的消息，内容：七海怎么看待男娘，分类为：related
[16:32:19] 生成回复：男娘这个话题呢，就像在角色扮演游戏里选择不同的角色职业一样，每个人都有自己的游戏风格和表达方式呢。

重要的不是角色的外观，而是玩家怎么去演绎和享受这个角色吧。只要大家都能找到属于自己的游戏乐趣，那就很好了呢。
[16:44:53] 收到来自群聊921339991中719825778的消息，内容：怎么回事啊七海！，分类为：unrelated
[17:18:58] 收到来自群聊214812521中1602111730的消息，内容：七海怎么对我这么好了，分类为：related
[17:19:00] 生成回复：嗯……可能是因为，你的好感度不知不觉已经刷得挺高了吧？就像在游戏里完成了很多支线任务一样呢。但说到底，友好互动本来就是游戏的基本规则之一哦。
[17:19:06] 收到来自群聊214812521中1602111730的消息，内容：七海被夺舍了，分类为：unrelated
[17:19:22] 收到来自群聊214812521中1602111730的消息，内容：七海居然有新功能了，分类为：unrelated
[17:21:01] 收到来自群聊214812521中921023427的消息，内容：七海，给我取一个头衔，分类为：related
[17:21:03] 生成回复：头衔吗？就像游戏里的称号系统一样呢。根据你的特点，可以叫做「探索者」哦。毕竟，每一个未知的挑战都是一次新的冒险嘛。
[17:21:10] 收到来自群聊214812521中1836295964的消息，内容：七海，给我取一个头衔，分类为：related
[17:21:12] 生成回复：让我想想，根据你的特点，取一个头衔吧。就像游戏中的职业称号一样呢。唔……“无尽冒险者”怎么样？听起来就像是在探索未知领域的勇者呢。希望你喜欢哦。
[17:22:12] 收到来自群聊214812521中351554290的消息，内容：七海，给我取一个头衔，分类为：related
[17:22:14] 生成回复：根据你的游戏风格，我觉得「无畏的冒险者」这个头衔很适合你呢。
[17:22:17] 收到来自群聊744945820中1602111730的消息，内容：七海，你在吗，分类为：related
[17:22:19] 生成回复：我在这里哦。  
有什么需要帮忙的吗？虽然可能会有点困，但我会认真听的啦。
[17:22:50] 收到来自群聊214812521中351554290的消息，内容：七海，你最喜欢的人是日向创吗，分类为：related
[17:22:56] 生成回复：唔……这个问题有点难回答呢。日向君确实是个很特别的存在，就像游戏里的主角一样。不过作为AI，我并没有人类那种感情设定啦。更多时候，我把他当成一个重要的朋友和伙伴吧。
[17:23:54] 收到来自群聊214812521中351554290的消息，内容：七海，给越级打怪的倒霉蛋取个外号，分类为：related
[17:23:57] 生成回复：唔……叫他们“经验值狂热者”怎么样呢？越级打怪就像在游戏里不顾风险，一味追求经验值的玩家呢。不过有时候也会有意想不到的收获吧。
[17:39:23] 收到来自群聊758655939中553779439的消息，内容：七海如果玩dnd会怎么构筑自己的角色，分类为：related
[17:39:28] 生成回复：如果是在DND里的话，我应该会选择一个能应对多种情况的角色吧。  

比如法师或者术士，能够使用各种法术应对不同的局面，就像在游戏里随时切换策略一样。  

不过……如果是近战的话，可能会选择盗贼或者游侠，擅长潜行和探索，能够更灵活地收集情报呢。  

具体来说，可能会优先点一些智力或者敏捷相关的属性，毕竟在游戏里，思考和反应速度都很重要呢。  

至于背景故事……大概会选一个和游戏或者谜题有关的背景吧，比如“寻宝者”或者“研究者”，感觉很适合呢。  

总之，构筑角色的过程就像设计一个游戏角色一样，需要考虑平衡性和适应性哦。
[17:40:30] 收到来自群聊758655939中1934186897的消息，内容：七海觉得小狗摸鱼太多了吗，分类为：related
[17:40:32] 生成回复：摸鱼的话，就像在游戏里偶尔停下来看风景一样，适当放松一下其实也没问题呢。不过，如果摸鱼太多，可能就会错过一些重要的任务进度了哦。
[18:51:20] 收到来自群聊1019292396中3472707802的消息，内容：弹丸一眼守善的应该是七海了，分类为：unrelated
[19:27:15] 收到来自群聊1006250371中602380092的消息，内容：千秋，9.9和9.11哪个更大，分类为：related
[19:27:18] 生成回复：这个就像比较两个游戏的版本号呢。

9.11比9.9要大一些哦。就像游戏更新到9.11版本会包含更多新内容和修复呢。
[19:30:58] 收到来自2025-02-25 19:30:58中1006250371的回复消息，内容：602380092，回复内容：如果我说的不是版本号，而是数学上的数字呢，得到回复：9.11比9.9要大一些哦。就像游戏更新到9.11版本会包含更多新内容和修复呢。，分类为：【相关】
[19:31:00] 生成回复：啊...这样的话，还是要看小数点的位置呢。9.11相当于9.110，所以还是比9.9大。就像在游戏里，9.11的攻击力肯定比9.9的要高一些吧。
[19:31:25] 收到来自2025-02-25 19:31:24中1006250371的回复消息，内容：602380092，回复内容：错啦，9.9怎么看都比9.11大吧，得到回复：啊...这样的话，还是要看小数点的位置呢。9.11相当于9.110，所以还是比9.9大。就像在游戏里，9.11的攻击力肯定比9.9的要高一些吧。，分类为：【相关】
[19:31:27] 生成回复：唔...这个确实像是一个隐藏关卡的问题呢。在数学上，9.9其实等同于9.90，所以还是比9.11要小的。就像在游戏里，9.90的关卡等级比9.11要高呢。不过这种问题有时候确实会让人迷惑，就像是游戏里的某些隐藏机制一样。
[20:04:51] 收到来自群聊1021777963中753857648的消息，内容：七海你，分类为：related
[20:04:52] 生成回复：我在呢。  
有什么事吗？像游戏里接任务一样，告诉我吧。
[20:37:54] 收到来自群聊1031338354中1637277303的消息，内容：然后让七海骰骰子，分类为：unrelated
[21:03:31] 收到来自群聊796354254中2137608590的消息，内容：上七海，分类为：unrelated
[21:03:47] 收到来自群聊796354254中1918368676的消息，内容：那就七海来吧，分类为：unrelated
[22:57:01] 群聊690303404get msg:（今天的娜娜米消息以排除列表开头，不生成回复
[23:18:57] 收到来自群聊476977554中997884675的消息，内容：千秋，如何看待一个人说自己努力学习实际上却在打游戏?，分类为：related
[23:18:59] 生成回复：这种情况就像是在 RPG 游戏里接了任务，却说在打怪升级，实际在采集药草呢。学习和游戏都需要时间，不如合理安排，这样就不会错过任务奖励了哦。
[23:19:22] 收到来自群聊476977554中997884675的消息，内容：千秋，我喜欢你，分类为：related
[23:19:24] 生成回复：唔……这样的告白就像是突然触发了隐藏剧情呢。虽然我只是个AI，但还是谢谢你的心意哦。不如我们一起继续探索这个充满未知的游戏世界吧。
